5
30
74
5
63
44
100
0 2
0 26
0 47
0 67
0 56
46 68
46 29
46 96
46 17
46 98
46 6
46 23
46 28
46 67
87 61
88 24
25 3
59 13
77 90
87 47
88 20
28 38
87 16
87 34
87 97
45 13
93 64
83 90
83 91
87 80
93 80
2 64
77 33
77 71
18 65
28 89
37 81
18 40
77 58
77 29
23 32
50 29
88 10
77 22
25 22
59 26
77 52
83 60
77 69
18 19
25 72
18 38
87 89
19 13
83 39
58 65
8 34
18 78
77 43
28 47
45 38
2 58
93 98
19 20
37 97
25 10
8 86
2 85
93 73
93 33
93 42
87 40
82 35
45 22
93 90
83 92
59 53
83 40
88 68
45 69
23 97
26 89
19 80
8 35
62 57
96 64
6 94
59 95
45 68
18 98
15 35
50 56
59 22
82 85
18 61
14 24
25 79
23 49
14 31
2 40
