5
70
2
3
4
5
100
69 90
87 90
63 15
28 90
18 54
16 90
54 90
34 90
65 90
81 90
61 90
30 90
58 90
71 90
12 90
35 90
6 90
38 90
72 90
74 90
8 90
49 90
46 90
67 90
21 90
22 90
76 90
89 90
80 90
9 90
0 90
48 90
1 90
79 90
32 90
86 90
64 90
62 90
11 90
50 90
52 90
7 90
27 90
45 90
15 90
18 90
14 90
23 90
10 90
43 90
42 90
77 90
39 90
40 90
31 90
51 90
19 90
41 90
68 90
56 90
82 90
88 90
73 90
78 90
25 90
60 90
13 90
36 90
64 85
28 85
63 85
27 30
76 50
29 19
42 30
29 80
62 19
55 85
79 17
19 30
61 50
27 85
71 85
42 80
79 50
80 30
72 85
52 85
87 49
76 49
81 50
39 30
41 30
76 43
64 43
17 49
29 43
62 50
9 30
64 30
