5
42
19
91
65
4
100
23 97
18 97
2 97
32 97
87 97
59 97
69 97
14 97
24 97
38 97
9 97
30 97
45 97
90 97
36 97
3 97
47 97
76 97
62 97
56 97
5 97
81 97
16 97
61 97
25 97
86 97
58 97
49 97
41 59
0 57
0 10
0 84
0 69
0 95
0 20
0 45
0 79
0 46
0 75
0 17
0 71
0 23
0 28
0 82
0 51
0 6
0 16
0 68
0 15
0 40
30 37
27 86
31 71
74 35
41 8
25 18
63 82
67 8
32 71
47 88
49 95
23 95
74 78
74 37
63 78
36 69
70 39
47 82
51 92
57 52
36 82
2 59
68 78
57 50
40 60
34 39
34 9
40 3
40 61
67 50
75 15
76 15
17 12
70 37
36 95
67 21
5 33
51 7
51 82
84 95
84 92
57 2
75 60
41 85
58 8
13 50
27 18
36 85
24 32
1 86
