5
44
5
1
4
8
100
25 28
18 99
35 28
93 99
35 99
0 61
98 99
6 28
19 99
9 61
43 58
54 24
37 99
61 99
21 28
91 24
85 24
95 28
41 99
54 99
77 24
97 28
2 99
62 28
79 24
20 28
12 28
14 28
59 24
15 99
39 99
60 24
26 58
58 24
67 99
26 99
96 99
54 28
60 28
38 28
70 24
40 99
74 99
45 24
11 28
90 24
22 28
65 28
83 24
13 99
68 28
78 24
16 24
22 99
3 24
52 21
21 46
25 46
97 46
30 46
55 46
84 46
72 60
60 46
29 46
73 46
57 46
70 46
83 46
80 46
57 13
92 13
19 13
79 13
59 36
21 13
72 13
36 13
68 13
80 13
76 13
47 13
18 13
66 13
71 13
22 13
89 13
85 13
91 13
55 13
16 13
76 45
91 45
52 43
69 45
79 45
54 45
40 45
30 45
31 45
