5
26
81
89
48
93
100
0 87
46 74
1 38
0 66
15 99
17 10
49 33
91 37
58 69
49 34
91 52
61 42
2 85
49 16
31 22
6 31
61 98
9 72
46 58
15 56
19 94
19 75
30 87
19 88
8 18
10 45
4 72
7 9
78 62
40 20
80 99
15 66
4 34
4 77
39 22
71 3
4 95
97 99
78 27
73 99
39 90
40 63
71 74
80 72
97 23
98 5
97 72
98 43
98 34
67 51
62 53
67 88
72 33
72 11
62 96
20 44
72 69
52 23
18 13
21 23
52 82
12 79
70 38
21 38
52 53
57 64
63 56
72 59
20 90
59 38
20 84
18 60
24 37
57 41
63 29
62 86
25 24
47 57
50 33
32 73
66 78
37 44
37 35
13 75
64 90
85 90
84 75
11 51
85 68
76 79
85 88
56 38
76 31
14 88
11 16
9 29
5 88
96 99
23 44
68 53
