5
60
54
7
33
12
100
37 69
22 28
83 69
83 5
27 89
38 82
64 69
62 28
81 89
16 66
78 28
64 28
16 82
78 69
43 69
67 8
86 87
50 69
77 87
79 42
35 28
30 5
79 34
6 28
45 82
70 41
43 74
29 8
25 28
15 5
64 89
29 17
56 69
58 2
61 28
29 24
24 87
29 31
64 24
35 74
14 66
77 26
67 2
84 24
87 89
4 1
88 82
51 5
86 89
43 89
86 19
21 28
70 69
84 5
36 2
23 2
70 89
68 5
13 82
59 89
44 19
32 2
44 89
22 69
29 1
40 1
62 89
3 19
9 11
19 89
16 69
86 2
44 2
61 8
48 1
6 8
56 73
29 2
85 5
26 82
53 2
40 2
87 1
64 11
40 89
62 69
86 82
83 74
31 11
87 69
16 89
56 82
51 74
49 74
42 5
68 82
38 11
10 2
50 82
66 19
