5
51
54
38
1
2
100
50 53
0 28
0 36
0 20
0 26
0 17
0 14
0 22
0 44
0 7
0 40
0 37
0 11
0 34
0 30
0 10
0 8
0 29
0 16
0 27
0 19
0 48
0 21
0 31
0 12
0 6
0 32
0 33
0 18
0 5
0 49
0 13
0 42
0 35
0 41
0 43
0 9
0 39
0 24
0 4
0 25
0 46
0 47
0 45
0 23
0 15
31 7
20 49
31 6
31 19
3 7
31 42
31 23
22 49
3 5
3 17
30 29
31 15
31 30
31 37
31 44
3 42
3 40
3 23
3 35
31 17
3 27
31 16
31 25
3 41
31 24
31 8
31 49
3 20
3 47
3 25
3 43
3 6
31 9
3 24
31 4
3 30
3 4
31 33
3 29
31 20
31 41
31 36
3 36
3 45
31 39
31 32
3 44
3 8
3 12
31 40
3 28
31 10
31 46
3 37
