5
27
1
2
3
4
100
0 59
48 94
0 46
0 88
0 74
0 41
0 62
0 48
91 90
0 91
0 42
0 71
0 65
0 87
0 60
0 84
0 31
0 79
0 7
0 92
0 23
0 8
0 33
0 85
0 21
0 9
0 52
0 78
0 30
0 86
0 80
0 36
0 90
0 22
0 11
0 57
0 93
0 67
0 15
0 39
0 16
0 17
0 5
0 66
0 55
0 81
0 49
0 54
0 38
0 37
0 19
0 50
0 83
0 89
0 44
0 6
0 53
0 47
0 56
0 94
0 26
0 43
0 20
0 32
0 58
0 70
0 51
0 29
0 61
0 63
0 10
0 14
0 28
0 82
0 40
0 95
0 68
0 45
0 73
0 35
0 18
0 64
0 69
0 13
0 76
0 72
0 34
0 24
0 75
0 12
0 77
12 47
47 17
17 95
82 51
64 16
51 16
11 67
16 95
25 95
