5
3
15
45
6
7
100
14 94
16 99
17 99
8 99
16 32
18 32
21 99
9 32
2 94
25 94
22 32
26 12
0 13
31 12
37 92
38 13
70 13
14 12
0 12
34 13
8 67
2 13
10 13
23 5
0 67
19 36
9 5
19 9
8 88
14 25
14 5
46 12
23 12
42 13
9 36
2 12
0 25
2 85
8 5
61 5
2 67
80 12
30 25
26 92
19 79
68 49
8 49
83 13
1 40
40 5
8 73
73 89
17 21
1 89
29 12
18 36
95 5
61 89
18 21
4 12
83 67
76 85
31 25
9 85
0 72
24 13
37 13
35 93
35 36
95 12
75 85
52 12
35 21
59 67
17 93
9 13
1 82
4 25
87 93
17 36
4 85
0 21
17 25
23 82
64 5
46 5
17 82
61 88
8 89
55 13
61 36
22 89
1 88
37 25
26 57
84 36
4 72
1 57
22 25
29 25
