5
18
11
36
54
63
100
17 99
0 26
0 99
55 6
84 99
26 68
29 41
51 99
13 74
65 68
40 6
75 99
12 99
43 99
8 68
13 1
70 99
67 74
7 68
0 73
55 41
93 6
61 99
93 68
40 68
16 99
13 99
42 99
69 76
31 76
14 39
82 68
3 6
78 99
13 39
0 77
55 76
97 62
77 99
50 6
29 6
87 99
42 6
53 41
51 6
62 39
28 68
74 68
67 68
20 79
27 99
17 68
44 68
81 39
71 15
26 1
66 68
75 76
97 39
53 99
21 99
21 1
7 15
53 39
2 6
85 15
44 1
10 6
47 99
60 39
1 6
69 79
32 68
3 92
51 68
3 79
13 79
67 76
50 68
64 39
48 99
19 39
59 68
90 76
53 79
80 68
73 99
87 68
53 92
24 79
34 99
72 39
21 39
21 79
90 99
24 76
80 79
65 6
42 92
2 99
