5
41
3
25
47
51
100
0 89
0 2
11 92
0 58
0 4
0 19
0 23
0 71
0 68
0 26
0 6
0 9
0 60
0 73
0 67
0 92
0 63
0 42
0 43
0 18
0 29
0 57
0 14
0 75
0 80
0 50
0 31
0 40
0 79
0 35
0 52
0 82
0 77
0 33
0 44
0 11
0 83
0 28
0 45
0 56
0 24
0 59
0 90
0 37
0 7
0 66
0 62
0 78
0 81
0 86
0 76
0 54
0 72
0 20
0 1
0 39
0 64
0 69
0 12
0 91
0 32
0 13
0 38
0 30
0 70
0 74
0 10
0 16
0 15
0 84
0 87
0 5
0 55
0 36
0 21
0 65
0 17
0 88
0 27
0 53
0 46
0 61
0 48
0 22
0 34
0 85
0 8
34 36
68 92
49 70
87 68
81 92
45 29
49 78
80 46
81 64
87 62
80 58
80 66
87 58
