5
5
7
11
13
16
100
0 43
0 56
0 18
0 79
0 38
0 17
0 68
0 74
0 27
0 89
0 46
0 92
0 31
0 62
0 96
0 69
0 24
0 19
0 36
0 94
0 93
0 95
0 91
0 26
0 41
0 58
0 53
75 14
75 76
12 90
12 89
12 71
40 97
75 20
40 29
75 36
75 71
12 21
75 38
12 64
86 74
86 42
12 40
12 37
12 83
86 60
75 42
75 46
75 18
86 55
75 33
75 70
75 28
86 92
12 69
86 67
75 95
86 31
12 42
86 81
12 76
86 34
12 74
86 70
75 58
86 63
86 57
75 89
86 65
86 25
75 57
75 96
12 10
75 63
12 6
12 53
86 29
12 39
86 21
86 49
12 63
86 84
12 48
75 61
75 80
86 20
75 2
75 66
86 17
12 87
12 79
86 87
12 33
86 79
75 62
75 15
86 68
86 73
12 36
86 6
