5
12
46
7
65
3
100
0 33
53 59
61 51
0 82
48 51
60 40
64 99
2 75
67 99
89 33
6 98
61 56
53 81
85 75
8 28
9 71
24 93
60 42
74 28
85 82
27 98
21 87
27 4
29 75
48 40
2 95
97 27
63 71
76 66
86 45
8 63
2 19
47 4
90 81
47 39
90 71
85 18
91 93
85 50
79 54
32 39
70 28
6 15
47 25
30 82
11 40
53 77
88 4
86 57
22 52
60 91
76 64
60 77
69 80
70 92
78 18
30 50
5 87
44 86
53 72
26 73
26 31
70 23
69 72
14 72
34 63
37 56
78 1
44 91
36 5
70 63
80 86
38 19
10 77
13 57
96 54
20 77
10 96
72 13
80 13
37 64
96 11
49 93
95 56
52 39
41 98
49 94
52 41
84 88
97 74
69 6
21 74
89 36
92 57
33 99
42 4
94 43
94 31
71 59
73 45
