5
29
35
40
46
53
100
38 44
47 50
47 48
36 39
32 33
37 39
44 49
47 43
33 38
42 43
34 38
42 39
39 43
54 60
56 57
58 60
56 58
49 55
57 59
0 1
0 2
0 5
6 10
7 10
8 12
8 10
7 9
3 1
6 9
6 5
7 5
7 11
8 11
8 5
4 1
8 9
4 5
3 2
3 5
4 2
0 6
0 3
8 6
7 6
7 3
4 6
0 4
0 7
8 4
2 28
2 1
1 27
1 28
9 13
9 12
9 10
12 30
13 30
14 18
14 15
14 17
16 18
14 16
11 15
12 15
12 16
13 17
13 15
16 15
16 17
16 20
20 24
19 18
19 15
19 17
20 18
20 17
21 24
21 18
22 18
19 21
20 21
22 21
23 21
23 27
23 24
22 26
22 25
23 25
23 26
19 22
20 22
19 23
28 30
27 30
26 30
27 26
27 25
24 25
24 26
