5
37
17
8
9
10
100
19 97
3 97
11 97
55 97
68 97
81 97
92 97
12 97
30 97
64 97
79 97
63 97
52 97
80 97
49 97
5 97
83 97
14 97
70 97
39 97
47 97
84 97
16 97
71 97
56 97
53 97
42 48
63 48
33 48
44 48
57 48
32 48
78 48
73 48
19 48
25 48
79 48
51 48
56 48
87 48
93 48
3 48
13 48
45 21
25 20
78 44
45 20
31 21
0 38
57 35
78 94
63 90
92 50
75 73
26 44
56 77
26 76
53 29
80 40
31 87
42 76
11 59
83 29
55 35
47 40
25 30
92 94
18 44
33 73
0 87
0 14
74 61
47 51
74 22
42 21
16 65
81 66
26 43
55 44
45 36
57 76
1 21
47 81
47 52
78 43
56 94
31 34
26 51
91 44
57 59
42 29
55 73
26 84
19 94
55 38
53 59
80 54
31 77
11 73
83 66
