5
7
3
1
2
4
96
57 64
89 99
12 82
56 82
98 82
70 55
50 79
85 46
45 55
70 93
85 80
36 46
70 45
48 89
0 22
50 98
91 84
50 87
52 51
12 75
94 22
85 97
17 73
53 40
50 22
53 21
92 14
11 98
8 27
50 34
28 72
33 62
33 6
92 46
34 73
33 39
85 57
10 75
30 43
36 66
36 97
8 67
0 36
57 28
57 12
12 34
5 23
17 59
61 23
5 13
53 13
92 25
53 83
6 29
6 69
48 29
44 35
18 14
96 31
19 56
49 44
35 60
56 60
45 15
48 62
10 20
65 55
47 46
68 13
88 87
25 15
56 93
59 47
91 46
44 69
74 51
67 42
76 42
28 63
76 56
22 40
81 56
39 66
46 89
15 14
80 75
87 71
21 63
29 32
21 15
31 45
48 76
19 18
22 18
22 81
19 22
