5
61
1
47
21
57
100
0 53
0 37
0 71
0 78
0 74
0 76
0 82
0 31
0 23
0 36
0 33
0 13
0 68
70 38
23 44
4 38
23 38
69 29
53 29
62 38
55 39
74 82
56 82
22 39
55 68
80 82
7 29
65 68
41 44
59 29
72 82
75 29
62 68
24 82
67 68
49 39
53 82
13 82
48 38
37 29
79 19
37 40
23 82
37 38
41 39
64 29
7 38
51 44
78 29
4 68
71 39
58 29
65 44
30 68
76 29
53 68
53 44
16 82
69 68
11 38
13 38
28 39
41 82
27 68
43 68
48 68
50 82
75 44
43 44
24 29
27 40
9 44
52 68
48 40
8 68
17 39
23 29
81 82
63 29
54 82
73 68
17 38
12 44
75 82
80 44
22 29
28 29
30 29
12 29
10 44
42 68
58 19
3 44
25 40
14 29
4 19
28 19
78 82
58 40
81 29
