5
6
17
21
72
1
100
22 99
79 99
48 99
27 99
78 99
61 99
14 99
80 99
39 99
75 99
66 99
36 99
20 99
16 99
81 99
82 99
73 99
76 99
12 99
98 99
38 99
28 99
10 99
23 99
65 99
49 99
70 99
89 99
63 99
7 99
25 99
60 99
96 99
97 99
33 99
30 99
45 99
35 99
32 99
2 99
11 99
47 99
50 99
5 99
26 99
68 99
93 99
8 99
91 99
90 99
42 99
44 99
19 99
29 99
43 99
37 99
95 99
3 99
56 99
67 99
87 99
51 99
59 99
18 99
77 99
0 99
58 99
55 99
69 99
54 99
41 99
46 99
57 99
64 99
83 99
71 99
13 99
9 99
62 99
53 99
74 99
94 99
84 99
92 99
85 99
40 99
24 99
31 99
88 99
34 99
52 99
15 99
4 99
78 86
14 86
9 86
0 86
93 86
25 61
62 61
