5
43
45
28
32
55
100
0 70
61 70
14 70
22 70
49 70
51 70
21 70
34 70
63 70
26 70
44 70
64 70
18 70
3 70
15 70
54 70
57 70
13 70
48 70
29 70
53 70
11 70
50 70
4 70
1 70
24 70
8 70
40 70
66 70
69 70
59 70
47 70
60 70
10 70
2 70
37 70
47 36
23 4
20 36
27 4
47 30
23 7
23 8
20 46
53 7
54 25
0 65
60 30
20 22
59 25
1 41
3 36
23 41
1 68
38 57
40 61
23 19
54 64
27 5
1 50
47 8
40 50
57 46
54 2
47 25
0 46
69 4
37 33
58 25
47 19
62 6
69 2
31 2
58 68
26 25
47 4
59 8
20 50
66 2
26 64
66 61
15 7
47 22
20 14
69 5
69 51
40 51
17 33
29 36
40 6
13 41
31 3
47 39
29 4
58 8
58 46
17 52
29 16
9 46
13 5
