5
46
21
60
94
58
100
95 91
0 36
75 96
11 5
28 6
37 5
77 95
41 62
20 99
6 99
14 99
63 95
33 76
0 63
41 99
5 99
91 99
53 91
67 6
39 99
67 39
63 76
0 30
14 62
82 50
38 50
1 50
52 50
68 51
3 68
3 22
36 92
6 62
82 91
39 62
93 99
6 20
20 62
39 5
5 62
0 75
30 98
54 23
33 96
33 36
41 6
41 39
30 3
57 7
23 19
63 98
33 49
8 79
77 36
36 3
36 96
8 9
49 78
51 7
65 43
51 65
51 12
75 92
23 86
51 86
80 32
57 32
86 2
86 43
57 53
80 53
86 41
53 41
64 61
86 19
29 59
59 19
59 12
64 29
42 29
51 29
68 29
92 29
22 42
68 74
9 3
88 74
42 74
79 74
59 65
61 35
86 83
61 7
73 78
33 63
0 78
33 78
75 78
63 78
30 78
