5
95
15
48
49
1
100
69 99
0 7
0 18
89 40
0 19
0 31
89 45
0 23
89 97
0 94
0 58
89 25
89 26
0 60
89 96
89 64
0 67
0 55
89 52
0 17
89 47
0 45
0 40
89 2
0 11
89 29
0 27
0 38
89 11
89 84
0 92
0 52
89 92
0 82
89 75
89 33
89 62
0 4
0 69
89 51
89 83
89 98
89 58
0 74
89 35
0 54
0 26
0 57
89 34
89 80
89 23
89 88
89 22
0 13
0 91
0 86
0 71
0 6
0 36
0 43
0 22
0 32
89 99
89 93
0 75
0 76
0 96
0 37
0 50
0 81
0 51
0 46
89 32
89 19
0 63
0 42
89 12
0 39
0 66
0 62
0 10
0 64
89 73
0 83
0 88
89 31
89 65
89 27
0 97
89 3
89 54
89 78
89 72
0 85
0 65
89 17
0 2
89 5
89 90
89 94
