5
1
2
4
6
14
100
71 99
68 66
0 22
71 44
0 16
88 17
35 17
62 43
15 98
71 54
68 57
74 16
88 35
7 66
48 41
28 50
64 55
7 44
62 66
48 85
15 55
15 22
62 24
18 10
71 92
64 19
12 34
88 16
0 80
42 60
7 47
62 53
48 12
48 11
71 91
42 98
88 74
7 94
64 93
89 17
64 84
68 93
68 23
28 24
48 26
38 17
15 5
48 97
62 85
51 3
48 94
7 84
15 95
51 31
0 57
89 27
71 55
0 95
48 70
40 27
89 51
38 98
59 29
64 99
71 8
15 12
48 10
18 37
28 20
0 93
71 81
7 16
18 96
62 56
28 19
89 34
71 72
28 98
18 17
18 55
48 81
62 82
38 31
71 79
89 43
88 26
62 94
68 90
38 82
38 11
88 97
78 35
68 56
40 26
48 93
28 49
38 72
7 74
40 17
28 23
