5
1
2
3
4
5
100
53 66
55 28
36 6
71 15
46 74
43 74
34 73
25 15
71 74
44 74
71 28
31 15
46 73
20 72
12 28
48 73
25 73
23 28
54 74
20 66
9 72
46 15
58 74
57 73
38 28
53 15
70 66
63 66
57 66
12 66
40 73
55 72
64 72
48 74
33 74
16 39
39 66
33 73
23 73
52 59
60 72
52 15
44 73
34 59
58 59
19 59
60 28
32 74
31 59
40 74
17 74
67 73
38 59
12 59
21 28
31 28
29 28
42 74
16 66
42 66
31 73
27 73
33 72
67 72
10 72
56 59
61 28
63 28
27 28
45 15
23 74
38 74
48 59
24 59
56 28
32 15
42 15
62 66
36 73
51 28
40 15
21 15
11 74
52 73
13 22
69 22
33 22
36 62
62 59
53 28
44 28
30 74
0 73
44 22
50 72
30 72
44 66
61 73
31 74
9 66
