5
68
25
46
1
2
100
0 52
87 89
0 43
0 87
22 74
96 45
22 56
38 99
83 99
62 89
49 89
26 61
26 56
96 14
96 59
50 52
80 32
89 99
8 99
90 99
43 99
98 99
95 99
34 99
79 99
9 99
11 99
45 99
59 99
21 99
13 99
62 99
16 99
96 99
26 99
28 99
31 99
27 99
29 99
57 99
88 99
49 99
72 99
54 99
91 99
74 99
67 99
77 99
75 99
82 99
86 99
53 99
20 99
73 99
71 99
78 99
44 99
3 99
66 99
12 99
30 99
70 99
6 99
18 99
51 99
65 99
42 99
22 99
15 99
23 99
39 99
80 99
10 99
36 99
84 99
19 99
32 99
63 99
55 99
52 99
4 99
33 99
37 99
35 99
92 99
56 99
14 99
58 99
85 99
47 99
93 99
17 99
5 99
7 99
48 99
76 99
0 99
40 99
69 99
60 99
