5
12
26
73
17
71
100
78 99
0 61
0 86
78 23
55 67
75 34
34 99
81 99
13 72
0 11
13 66
13 9
13 24
13 90
13 80
13 75
13 74
0 97
0 94
46 56
46 76
46 21
79 76
46 22
36 21
66 67
66 9
87 70
66 74
36 74
4 16
92 72
10 72
85 76
52 31
66 80
92 20
70 76
49 56
31 99
36 2
36 63
50 76
38 99
36 33
52 21
1 56
1 99
35 76
5 21
55 77
15 76
29 77
74 56
68 33
33 21
29 69
77 76
54 21
86 21
40 88
52 88
92 34
4 94
61 34
66 34
68 34
43 34
7 90
97 90
29 30
24 90
61 72
66 47
67 25
53 72
11 30
30 90
65 90
92 47
62 2
5 25
54 74
82 25
24 74
93 25
19 64
14 64
36 66
7 86
7 58
80 97
80 63
80 22
7 14
59 11
80 40
35 75
7 23
80 57
