5
63
59
4
27
73
100
0 95
76 47
88 2
76 13
70 16
76 92
76 85
22 24
88 16
76 86
86 99
0 88
0 24
0 19
0 14
0 26
0 61
0 91
0 94
0 43
92 99
78 66
16 53
46 99
46 90
58 26
31 66
90 53
40 66
60 66
64 66
12 66
85 53
48 21
3 21
28 21
12 99
71 66
7 43
46 13
5 43
30 66
9 66
61 43
68 53
71 53
54 62
42 99
64 62
56 99
89 62
46 62
47 62
54 66
81 43
44 21
79 66
56 66
41 66
72 53
28 53
10 66
30 99
1 66
37 43
57 21
91 43
83 99
13 66
29 99
8 66
35 62
92 43
36 53
35 43
77 99
75 99
96 99
81 99
68 62
34 53
23 21
42 21
81 62
17 62
68 66
15 43
60 43
52 99
13 62
19 53
12 43
83 43
90 43
24 66
32 53
51 21
51 66
56 62
22 29
