5
23
13
22
3
49
100
25 84
71 84
31 84
43 84
17 84
15 84
83 84
11 84
48 84
1 84
61 84
60 84
36 84
21 84
75 84
20 84
64 84
24 84
80 84
68 84
33 84
63 84
76 84
50 84
56 84
79 84
72 84
28 84
55 84
27 84
54 84
69 84
6 84
44 84
78 84
19 84
41 84
14 9
14 78
14 26
14 18
14 60
0 29
0 36
14 75
0 12
0 18
0 62
0 73
0 16
0 40
14 55
14 54
14 81
0 10
0 79
0 34
0 35
14 33
14 34
14 10
14 50
14 65
0 80
14 31
14 29
0 24
14 17
14 83
14 8
0 53
0 56
0 59
14 56
0 8
0 33
14 4
14 19
14 51
14 72
0 55
0 64
14 37
14 24
0 42
0 51
0 11
0 4
14 64
14 46
14 70
0 74
14 59
38 54
38 48
67 31
67 18
38 55
38 27
67 79
