5
87
52
80
1
76
100
0 99
95 99
53 92
40 45
55 6
36 99
0 90
92 99
34 6
15 44
72 98
9 6
78 99
64 99
94 44
18 44
0 12
97 34
82 6
72 56
68 44
96 45
12 89
40 32
45 99
83 6
74 6
22 6
24 99
55 7
34 99
79 44
7 6
96 99
58 99
38 44
57 6
49 6
23 99
90 99
23 6
84 6
17 6
92 6
67 99
88 44
2 44
23 44
62 6
37 99
82 99
69 99
96 6
43 6
41 99
53 44
70 44
46 6
54 6
93 44
35 44
26 99
32 44
7 44
68 99
66 99
56 6
16 99
98 99
27 44
88 6
3 6
28 99
56 44
21 99
59 99
85 99
86 6
60 44
32 6
73 6
84 99
82 44
35 6
31 6
33 99
4 99
10 44
73 44
28 44
48 44
21 6
10 99
93 99
79 99
15 99
62 44
78 6
53 99
40 99
