5
72
37
43
12
54
100
0 79
8 11
0 38
0 15
0 21
0 62
0 13
0 4
0 34
0 7
0 29
0 1
0 10
0 55
0 74
0 8
47 79
18 82
48 15
70 15
60 82
71 15
24 56
27 75
47 64
41 75
42 52
59 19
52 82
3 31
47 41
24 63
24 10
59 52
35 82
26 82
32 16
81 32
47 10
27 62
24 22
70 82
66 3
26 79
42 51
18 63
26 33
47 62
71 17
14 79
26 76
24 55
14 82
58 77
20 38
20 56
70 16
59 36
81 1
81 6
50 19
47 20
18 70
71 40
42 48
35 11
59 4
66 78
81 31
47 7
26 6
50 46
68 52
24 48
18 73
27 76
81 21
66 61
71 7
53 19
66 6
58 56
80 19
42 61
20 68
27 28
42 33
18 32
49 79
49 17
42 82
18 39
81 48
58 80
71 10
59 10
59 56
59 6
24 21
81 4
