5
1
8
10
12
3
88
56 58
4 6
16 18
13 14
17 18
56 57
53 55
54 55
51 53
46 48
49 50
15 17
15 16
48 50
51 50
28 30
28 29
73 99
75 77
74 76
83 85
78 80
76 77
78 77
89 91
86 88
90 91
84 85
86 87
19 21
20 21
22 24
59 61
87 88
89 90
33 34
33 35
47 49
74 75
45 47
71 73
81 83
82 84
5 7
38 40
38 39
35 37
38 37
39 40
52 53
18 20
25 26
25 27
23 24
64 66
65 67
95 97
97 99
41 43
42 44
58 59
57 59
60 61
62 64
62 63
67 69
68 69
70 72
70 71
80 82
29 31
34 36
92 91
94 96
94 95
94 93
21 23
44 46
63 64
41 42
44 45
96 98
66 68
72 73
79 81
30 32
31 32
26 27
