5
34
1
2
3
4
100
8 80
7 80
44 80
0 17
20 80
30 80
12 24
0 21
59 80
68 80
69 80
66 24
26 24
31 24
68 24
52 24
0 54
21 24
58 80
23 80
71 24
10 24
65 24
58 24
51 80
60 24
18 80
5 80
51 24
5 24
41 24
15 80
20 24
74 80
26 80
29 80
27 24
54 80
73 80
36 80
14 24
69 24
42 80
52 80
28 80
25 80
56 80
77 24
45 24
67 24
9 80
59 24
60 80
79 80
7 24
19 24
74 24
63 80
40 24
46 80
50 80
36 24
46 24
44 24
11 24
65 80
72 24
77 80
61 24
55 24
57 80
48 24
11 80
21 80
47 24
43 80
17 24
8 24
41 80
61 80
29 24
23 24
49 80
73 24
79 24
76 80
48 80
64 80
30 24
17 80
33 80
66 80
22 80
35 80
45 80
12 80
31 80
56 24
6 24
6 80
