5
49
3
42
45
67
100
46 99
15 99
17 99
44 99
80 99
18 62
80 6
27 76
0 28
57 5
27 17
48 76
51 76
13 54
18 21
40 16
2 62
15 43
70 88
8 11
90 16
83 29
83 76
70 78
26 32
10 60
52 60
90 78
21 22
15 47
0 89
85 30
26 39
97 30
97 62
83 64
2 8
15 11
50 33
48 91
90 61
75 32
48 96
68 41
23 11
85 39
75 43
2 96
30 56
57 43
58 6
86 56
64 5
13 91
86 60
8 55
58 91
86 22
40 53
44 54
81 62
88 60
8 32
24 92
86 33
47 5
17 11
79 60
93 82
21 55
51 6
93 53
80 5
95 39
96 41
94 11
21 39
25 60
70 19
26 89
24 95
9 19
74 56
50 66
19 66
16 41
97 14
2 89
7 53
21 41
94 82
47 11
48 14
94 5
1 6
17 39
25 53
51 62
38 89
65 61
