5
1
50
2
3
4
100
12 13
11 13
0 89
12 98
21 35
55 98
8 98
71 98
11 35
5 98
58 98
69 35
30 98
68 98
70 98
37 98
0 19
82 98
75 89
5 89
67 33
79 98
42 98
66 89
43 89
87 35
88 98
22 35
77 35
95 92
33 98
73 35
40 36
21 85
83 89
27 89
94 92
26 98
59 36
61 36
8 92
9 10
34 35
84 36
34 89
91 89
67 92
44 92
22 92
64 35
61 89
62 92
94 10
40 10
24 10
75 92
90 10
58 35
64 36
56 36
23 89
70 89
26 10
13 10
23 35
28 36
55 36
12 89
34 98
47 10
80 92
78 92
86 98
69 36
73 89
0 92
54 98
70 10
31 36
51 36
38 89
86 89
76 92
41 92
32 92
76 98
6 98
71 10
0 35
52 36
85 36
29 89
53 92
43 98
12 10
69 10
95 10
81 10
32 35
8 35
