5
40
36
30
72
64
100
0 59
43 74
0 32
85 99
0 54
16 87
0 74
0 16
43 76
0 10
0 29
6 87
0 6
0 63
67 87
83 99
75 42
53 87
23 87
75 14
98 99
12 91
23 79
45 87
12 25
13 87
88 99
23 90
49 87
59 99
14 87
47 87
92 87
75 67
75 12
9 4
29 52
75 10
71 16
9 76
23 2
70 54
9 67
33 83
77 80
71 60
23 7
3 70
3 48
9 82
90 41
75 63
75 94
23 60
3 38
95 39
9 14
9 32
95 33
29 12
95 66
23 11
95 60
3 88
9 97
90 49
3 98
29 66
9 37
29 15
90 74
29 96
71 1
90 28
95 62
71 31
3 55
95 13
47 27
8 7
6 80
61 48
61 26
8 26
47 50
89 4
61 97
8 39
6 33
8 56
59 5
6 32
44 10
89 82
13 73
44 50
89 42
6 84
15 10
8 62
