5
75
1
2
3
4
100
43 89
29 20
92 42
30 60
96 25
48 78
29 54
29 97
92 26
96 17
29 89
92 35
96 58
0 48
0 17
29 76
96 51
29 78
0 70
29 19
30 85
30 43
30 36
30 49
0 34
96 38
0 87
92 11
0 26
0 94
39 99
0 10
96 99
56 72
0 68
56 32
96 39
96 83
96 28
29 44
56 69
92 12
92 51
30 52
96 60
29 95
29 12
92 49
0 82
30 82
92 72
96 59
56 42
56 38
92 94
30 23
30 86
92 34
96 15
29 34
29 47
92 70
30 93
30 39
96 62
92 64
56 51
22 60
96 22
29 43
56 76
96 8
29 79
56 25
29 37
30 11
29 26
30 66
30 64
56 71
56 37
96 37
0 27
92 54
92 79
30 87
92 83
56 64
0 57
0 63
96 21
29 74
92 68
92 81
30 12
0 99
29 68
96 46
56 84
96 84
