5
46
66
75
68
1
100
0 11
12 99
12 16
79 59
4 99
63 79
0 62
63 91
63 22
63 7
63 76
0 48
0 52
0 55
63 90
0 57
63 39
63 94
0 93
63 81
63 45
0 71
0 83
63 78
63 19
63 98
63 14
63 52
0 2
0 51
63 26
63 62
63 24
63 65
63 88
63 23
63 83
63 42
0 18
63 56
63 64
0 64
63 34
0 60
63 93
0 5
0 38
0 61
63 16
0 21
0 87
0 15
0 91
63 54
0 72
63 82
0 45
0 29
0 58
0 32
63 4
0 76
0 67
63 27
63 48
0 4
63 61
63 89
0 17
63 12
63 9
0 50
63 2
63 10
0 26
63 92
63 25
0 16
0 44
0 39
0 24
0 80
63 40
0 74
0 3
0 19
0 13
0 10
0 70
63 58
63 31
0 98
63 38
0 25
0 53
63 53
63 60
63 74
0 27
63 18
