5
11
66
45
47
48
100
46 49
46 52
46 50
65 69
69 72
67 71
43 46
70 73
65 67
65 68
64 67
62 67
70 71
69 71
70 72
70 74
67 72
69 73
70 75
79 80
3 5
1 4
3 4
1 5
2 4
1 7
61 62
59 63
58 62
59 62
58 64
58 63
30 35
34 35
33 35
37 41
30 36
89 90
88 87
86 87
89 87
78 80
77 80
76 80
77 81
79 81
77 82
76 81
78 81
77 83
53 55
50 56
54 55
52 56
53 58
53 56
52 55
50 55
53 57
6 5
36 35
37 38
36 38
37 39
36 40
37 35
36 41
36 39
37 40
4 5
6 7
6 8
6 9
60 56
61 56
58 56
58 57
12 13
14 16
14 15
12 15
12 16
14 13
10 9
10 7
10 8
51 52
50 52
51 53
54 53
50 53
51 50
80 84
86 85
80 81
83 84
81 85
81 84
86 84
83 85
