5
16
38
72
1
2
100
14 99
60 99
0 99
33 99
0 70
21 99
53 99
23 99
0 98
37 99
0 95
98 99
65 99
63 99
93 99
87 99
9 99
28 99
13 99
59 99
48 99
74 99
88 99
29 99
58 99
43 99
41 99
51 99
22 99
4 99
94 99
81 99
80 99
66 99
97 99
85 99
82 99
12 99
11 99
17 99
18 99
92 99
68 99
77 99
61 99
47 99
90 99
69 99
25 99
10 99
8 99
55 99
6 99
24 99
3 99
79 99
76 99
73 99
49 99
67 99
52 99
89 99
44 99
75 99
46 99
91 99
34 99
32 99
45 99
54 99
7 99
42 99
83 99
56 99
62 99
5 99
95 99
86 99
78 99
36 99
15 99
19 99
30 99
31 99
71 99
27 99
26 99
50 99
64 99
20 99
70 99
35 99
96 99
39 99
57 99
40 99
0 74
52 84
0 5
0 79
