5
54
49
48
74
46
84
98 99
10 15
30 15
67 95
3 95
45 8
28 80
82 51
88 13
10 79
56 95
0 10
43 11
75 98
78 7
70 77
4 13
43 27
64 13
26 30
6 2
1 24
57 58
18 2
34 6
76 19
47 28
86 45
40 21
44 36
27 32
93 82
69 5
69 91
44 45
86 1
92 19
85 78
50 21
25 93
85 22
60 96
44 1
53 19
25 67
44 94
64 3
69 40
65 68
71 61
66 45
53 91
20 4
65 73
57 93
53 27
76 65
57 84
87 83
53 22
56 55
63 28
87 30
63 30
94 90
63 96
89 39
88 39
81 39
5 73
3 31
7 77
82 77
61 78
12 79
59 35
59 82
98 58
41 70
32 7
47 23
37 35
37 19
11 6
