5
25
69
24
5
73
100
0 30
0 2
0 31
0 51
0 12
0 92
0 76
0 53
0 84
0 4
0 90
0 78
0 52
0 80
0 41
0 49
0 13
0 1
0 59
0 45
0 21
0 18
0 11
0 23
0 82
0 15
0 79
0 57
0 67
0 37
0 8
0 17
0 3
0 10
0 38
0 28
0 48
0 7
10 84
48 84
26 93
26 42
85 42
6 14
20 79
22 41
57 93
82 72
22 79
26 55
6 28
90 77
7 2
11 42
6 78
62 2
14 37
48 79
7 37
6 43
6 63
6 80
82 92
6 82
6 50
6 7
6 56
6 72
6 13
6 52
6 67
6 19
6 86
6 30
6 89
6 9
6 77
6 65
6 51
6 10
6 58
6 1
6 49
6 68
6 18
6 39
6 54
6 61
6 29
6 8
6 40
6 53
38 87
38 28
38 74
38 7
38 8
38 29
38 68
38 50
