5
1
42
3
4
6
100
44 67
72 99
0 31
44 91
0 44
70 80
0 64
0 17
0 71
0 87
0 61
0 13
0 89
0 92
0 98
0 80
0 88
0 28
0 51
0 12
0 94
0 29
0 58
0 54
0 41
0 67
0 79
0 68
0 11
0 55
0 59
0 30
0 40
0 43
0 50
0 69
0 95
0 32
0 45
0 90
0 8
0 33
0 91
0 83
0 65
84 75
93 90
55 18
55 16
55 62
88 99
60 67
25 99
27 80
31 73
93 17
80 99
75 99
49 99
53 99
9 99
2 99
82 99
66 99
84 99
34 99
43 99
15 99
87 99
73 99
35 99
83 99
38 99
68 99
86 99
79 99
62 99
85 99
52 99
20 99
10 99
50 99
98 99
27 99
12 99
90 99
71 99
63 99
95 99
24 99
31 99
39 99
56 99
92 99
67 99
16 5
36 21
40 85
84 5
64 89
