5
64
67
28
47
62
100
79 83
77 22
0 77
0 74
0 89
0 17
0 42
52 86
79 10
0 29
20 89
0 12
79 22
26 99
20 2
0 56
20 17
79 70
85 22
20 35
20 98
11 68
0 53
20 33
20 84
20 54
0 91
85 52
5 99
20 51
79 69
20 86
11 69
0 75
0 2
80 53
0 46
85 65
93 8
85 36
11 81
20 42
59 1
0 72
11 30
11 56
59 4
85 70
0 65
0 39
79 37
0 80
11 37
20 25
59 10
0 19
59 98
20 8
20 7
85 31
11 87
20 97
20 70
59 16
79 92
11 51
79 76
79 88
0 31
0 69
0 88
0 21
59 8
85 27
0 63
59 97
20 74
59 33
11 93
79 42
0 41
11 42
20 18
85 15
85 84
0 61
20 44
79 89
0 83
79 9
79 50
59 38
20 31
59 78
0 50
11 88
20 53
20 93
0 13
20 21
