5
22
29
3
19
8
100
0 45
0 27
0 34
32 51
32 57
32 12
32 30
32 40
32 34
32 17
32 48
32 27
32 36
32 4
53 12
53 49
53 27
53 1
53 36
53 58
9 47
9 55
56 17
56 52
56 51
56 41
21 30
46 10
21 14
56 21
56 58
9 21
2 50
2 57
27 59
56 46
28 31
6 51
6 25
38 15
12 31
49 31
26 13
6 42
4 24
37 15
27 12
44 11
37 49
44 36
6 37
4 49
26 10
26 40
27 58
38 33
7 15
28 43
28 37
28 57
52 47
41 52
21 43
5 13
5 25
12 59
12 15
5 59
44 43
44 12
40 48
58 42
37 30
44 35
39 11
35 36
35 20
35 25
18 48
18 10
34 11
47 59
13 59
52 25
14 11
34 48
20 33
34 20
50 25
55 25
50 31
34 10
34 43
36 14
49 24
49 50
20 13
43 24
17 45
43 57
