5
25
1
2
3
4
100
0 99
12 75
6 75
8 75
5 75
7 75
9 75
10 75
11 75
13 75
14 75
15 75
16 75
17 75
18 75
19 75
20 75
21 75
22 75
23 75
24 75
38 75
82 75
48 75
26 75
32 75
53 75
44 75
40 75
56 75
31 75
34 75
28 75
30 75
36 75
42 75
46 75
91 75
91 95
50 75
64 75
33 75
47 51
77 75
54 75
61 75
52 75
39 75
60 75
72 75
41 75
43 75
63 75
47 75
37 75
27 75
45 75
49 75
67 75
82 78
82 86
58 75
57 75
76 75
31 35
91 87
64 68
33 29
77 73
77 81
61 65
39 35
72 68
63 59
67 71
58 62
80 75
84 75
88 75
92 75
75 99
75 51
75 95
75 55
48 56
38 44
22 44
60 64
42 44
48 44
52 56
60 56
46 50
40 44
22 54
0 16
24 16
0 15
24 48
8 16
