5
26
56
60
24
14
100
39 89
55 99
75 99
49 99
89 44
70 44
11 99
35 99
4 99
8 44
45 44
19 44
7 99
86 99
97 44
93 99
25 44
67 44
82 44
17 44
94 99
72 44
68 44
80 99
10 44
77 99
50 44
9 99
70 99
63 44
40 44
5 44
87 99
42 99
94 44
46 44
27 44
92 99
85 44
88 99
61 44
78 44
96 44
78 99
74 99
81 44
31 99
64 99
90 44
39 44
10 99
54 44
59 99
38 99
32 99
67 99
45 99
2 44
58 44
28 44
37 99
30 99
22 44
88 44
97 99
12 99
20 48
41 49
50 49
50 21
29 33
50 33
16 83
27 89
39 32
93 52
70 33
98 89
62 83
86 49
53 55
64 48
29 89
39 69
2 48
18 83
79 83
79 96
65 5
75 96
37 48
54 52
41 5
94 89
50 89
53 89
19 52
30 52
25 49
45 59
