5
35
16
23
26
94
100
55 95
50 95
20 45
76 4
62 95
52 95
20 42
0 80
85 25
52 86
76 49
0 60
52 66
84 17
62 45
63 29
66 25
75 25
76 29
39 11
86 25
3 25
65 95
27 11
52 46
75 11
84 79
68 95
28 95
89 95
21 11
63 92
82 25
13 95
92 11
28 25
0 93
66 11
93 25
79 95
81 25
82 29
79 11
52 25
31 25
6 25
46 11
88 95
27 29
45 11
58 29
62 11
18 25
40 29
61 95
7 11
53 95
87 25
2 25
17 11
37 95
70 11
45 95
60 11
38 95
77 29
42 29
66 95
71 11
15 29
13 29
77 95
36 29
93 95
57 29
9 95
36 11
31 29
91 25
87 11
48 29
78 22
84 45
39 22
52 45
0 10
69 10
29 25
52 85
0 76
89 90
82 45
82 28
20 61
65 60
82 13
53 10
37 28
0 55
75 51
