5
90
27
32
77
87
100
21 31
35 99
35 94
0 86
45 99
35 89
21 23
21 97
35 29
5 28
93 17
21 60
0 52
0 79
0 69
93 57
39 99
42 99
21 62
21 89
21 12
0 7
16 31
39 16
93 38
45 79
93 40
43 31
92 99
21 5
45 11
35 36
35 23
0 93
0 61
21 81
21 99
35 78
35 52
0 24
0 23
21 91
21 20
35 65
35 26
0 54
0 19
35 62
21 83
0 14
35 14
35 16
35 69
21 14
21 19
21 94
21 4
35 84
21 42
35 15
35 66
35 4
0 71
21 44
21 7
21 50
21 72
35 6
35 24
0 20
35 3
0 84
0 99
0 88
0 22
35 5
0 4
0 72
21 67
0 59
0 25
21 57
21 3
0 57
21 49
21 45
0 91
21 17
21 85
35 31
0 47
21 10
0 37
35 57
0 30
21 55
0 98
35 79
0 17
35 17
