5
1
2
3
5
6
100
0 99
0 59
0 65
0 38
71 99
0 63
48 99
0 94
27 99
9 99
12 99
60 99
0 41
0 31
98 99
0 16
67 99
0 23
91 99
19 99
15 99
0 80
0 73
14 99
86 99
0 18
33 99
44 99
82 99
85 99
40 99
45 99
0 39
0 32
64 99
0 21
0 90
68 99
20 99
66 99
0 8
0 34
0 49
0 96
0 46
0 51
0 61
0 89
52 99
33 59
0 54
27 59
22 59
41 99
33 37
0 47
93 99
71 25
77 65
50 59
28 99
63 99
36 59
83 99
0 20
36 25
19 59
25 99
12 59
73 99
0 9
12 38
0 44
77 38
48 18
72 59
96 99
80 99
0 98
0 14
48 65
4 99
0 35
0 81
0 72
36 87
0 60
77 59
48 37
0 50
39 99
71 65
94 99
0 66
10 99
82 65
12 37
84 99
0 55
85 59
