5
12
30
1
2
3
100
0 13
0 4
0 6
0 24
0 46
0 49
0 52
0 74
0 66
0 16
0 67
0 9
0 20
0 48
0 33
0 42
0 28
0 58
0 64
0 10
0 70
0 27
0 38
0 63
0 73
0 32
0 22
0 56
0 72
0 59
0 15
0 65
0 51
0 45
0 37
0 62
0 43
0 34
0 31
0 55
0 69
0 5
0 29
0 23
0 18
0 60
0 61
0 17
0 19
0 14
0 40
0 47
0 54
0 25
0 50
0 44
0 8
0 36
0 39
0 71
0 7
0 57
0 41
0 11
0 53
0 68
0 35
0 21
26 57
26 50
26 25
26 16
26 53
26 14
26 41
26 23
26 49
26 28
26 21
26 19
26 64
26 24
26 8
26 54
26 65
26 37
26 7
26 34
26 4
26 39
26 10
26 61
26 60
26 73
26 72
26 31
26 9
26 52
26 42
26 22
