5
1
2
3
4
5
100
63 65
0 61
63 64
62 53
58 54
8 61
7 61
63 54
6 61
56 61
58 61
52 61
63 55
58 65
60 65
62 55
49 61
9 61
63 53
62 65
63 59
56 55
50 61
62 11
62 54
63 11
57 61
51 61
62 59
10 11
10 61
12 61
58 59
51 55
60 61
50 54
60 59
15 11
49 53
57 65
57 53
12 11
63 7
0 62
8 7
56 52
56 62
63 6
63 49
51 52
63 9
63 60
56 60
8 62
50 62
57 58
63 52
63 58
51 62
57 62
63 10
63 12
8 12
47 48
44 48
46 45
27 26
29 25
27 23
41 45
50 49
20 16
24 23
30 26
31 27
32 28
63 35
39 35
42 38
40 36
42 41
39 41
51 47
46 47
33 29
31 30
19 18
19 15
22 18
22 21
17 18
38 37
14 10
13 9
63 50
62 7
10 6
43 39
61 65
61 59
