5
75
6
2
1
3
100
94 68
92 21
0 14
96 68
92 45
0 20
42 99
0 92
0 44
0 22
0 39
0 16
0 9
0 18
0 57
0 49
0 76
0 10
0 15
0 88
0 91
0 43
0 66
0 64
0 61
0 80
0 99
0 50
0 13
0 33
0 26
0 4
0 40
0 72
0 59
0 34
0 67
0 65
0 71
0 78
0 97
0 17
0 30
0 73
0 53
0 5
0 11
0 21
0 35
0 90
0 19
0 45
0 60
0 79
0 23
0 7
0 46
23 99
27 18
27 55
27 23
73 47
58 99
73 76
81 68
41 21
27 80
41 37
27 73
27 63
27 39
27 67
27 92
27 26
27 43
27 74
27 37
27 30
27 72
27 50
27 81
27 53
27 33
27 76
27 61
27 24
27 8
27 85
27 7
27 46
27 21
27 9
27 88
27 35
27 82
27 57
27 97
27 59
27 96
27 89
