5
34
51
84
6
2
100
0 48
0 44
0 63
0 64
0 85
0 23
0 35
0 46
0 26
0 10
0 41
0 3
0 79
0 65
0 76
0 40
0 52
0 8
0 16
0 60
0 49
0 56
0 43
0 5
0 20
0 62
0 81
24 83
24 50
49 35
24 21
24 47
24 25
24 85
24 8
24 9
24 33
24 29
24 78
24 11
24 12
24 75
24 79
24 13
24 81
24 54
24 68
24 45
24 4
24 31
24 72
24 5
24 46
24 27
24 16
24 77
24 15
24 7
24 20
24 56
24 23
39 61
39 9
39 19
39 70
39 66
39 26
39 86
39 85
39 80
39 56
39 31
39 88
39 1
39 79
39 41
39 60
39 4
39 59
85 1
64 88
5 41
76 16
60 12
76 44
85 79
26 48
60 44
5 26
4 63
85 86
4 44
64 54
64 8
64 15
60 37
85 25
11 21
87 83
5 87
