5
20
65
1
9
10
100
0 13
0 35
0 51
0 64
0 60
0 17
0 15
0 44
0 26
0 72
0 37
0 69
0 14
0 27
0 73
0 43
0 36
0 53
0 38
66 37
30 64
30 25
66 30
66 11
66 79
66 2
66 63
66 24
66 64
66 12
66 17
66 42
66 15
66 43
66 72
66 78
66 21
66 23
66 74
66 45
50 29
36 51
19 62
50 37
31 13
14 25
14 79
56 25
43 23
31 51
36 71
3 4
58 60
32 4
47 4
50 5
35 34
61 22
55 28
54 4
45 4
21 13
5 22
55 70
16 26
47 79
43 24
32 34
58 11
54 79
50 34
7 34
21 60
16 34
43 5
2 11
30 34
76 25
35 11
18 70
71 13
16 24
33 70
40 77
71 78
72 22
2 29
33 60
71 11
12 4
54 37
72 62
18 25
39 44
48 62
42 44
73 77
67 34
40 37
16 77
