5
35
4
80
91
1
100
0 92
0 59
0 73
0 23
0 37
0 20
0 68
0 6
0 62
0 84
0 22
0 67
0 13
0 71
0 5
0 75
0 82
0 41
0 64
0 72
0 8
0 42
0 69
0 7
0 28
0 51
0 65
0 24
0 33
0 48
0 3
0 29
0 79
0 58
0 11
0 9
0 2
0 81
0 77
0 43
0 45
0 32
0 17
0 40
0 60
0 86
0 36
0 78
0 44
0 76
0 87
0 30
0 56
0 63
0 52
0 27
0 61
0 31
0 53
0 46
0 90
0 34
0 49
0 88
0 15
0 38
0 16
0 85
0 19
0 50
0 57
0 12
0 14
0 74
0 89
0 83
0 10
0 21
0 47
0 26
0 66
0 70
0 18
0 55
0 54
0 39
66 92
76 64
34 92
25 66
76 86
25 55
17 53
73 92
76 72
38 83
16 83
25 43
25 65
25 76
