5
64
44
76
6
1
100
67 79
28 79
15 79
5 79
13 79
48 79
8 79
58 79
2 79
10 79
0 59
60 59
19 59
40 59
25 59
74 59
72 59
8 59
2 59
20 59
50 59
29 59
9 42
20 42
7 42
10 42
67 42
21 42
75 42
65 42
4 42
18 66
33 66
35 66
9 66
58 66
0 17
23 66
57 66
45 66
28 66
49 66
74 66
19 65
26 55
19 77
34 65
61 55
43 55
45 4
21 50
5 55
21 37
46 4
36 4
68 65
0 21
63 77
28 29
0 32
0 14
0 54
0 61
0 15
0 40
0 16
70 34
70 13
54 50
12 77
11 17
11 29
22 37
22 33
67 37
20 17
54 25
54 77
61 72
73 65
33 29
19 55
67 17
31 35
48 29
56 65
35 55
12 65
61 77
32 65
22 9
37 55
15 55
75 65
27 72
9 65
7 4
62 65
13 29
74 55
