5
88
14
32
47
70
100
26 99
36 99
7 99
65 99
87 99
9 99
15 99
30 99
17 7
68 85
0 59
0 66
0 5
68 79
0 11
0 89
17 86
17 52
68 10
0 42
68 91
68 46
68 13
0 58
17 97
17 44
17 67
17 30
17 34
0 25
17 50
17 95
17 31
68 77
0 45
17 96
68 49
52 66
19 66
7 26
96 4
13 66
75 93
29 66
49 26
48 16
48 55
24 16
72 93
97 93
64 4
52 93
31 24
95 26
85 4
28 89
89 4
39 86
55 86
1 4
12 4
37 26
83 61
92 16
19 93
94 86
11 86
5 16
72 86
85 66
24 93
82 4
22 4
59 16
72 61
35 61
67 93
21 16
71 86
42 93
6 16
24 61
79 26
24 26
91 61
13 61
60 16
46 61
48 61
16 93
61 66
8 12
31 12
24 25
98 25
19 12
74 25
96 25
77 12
79 25
