5
1
8
15
22
29
100
2 3
2 10
2 17
2 24
2 31
2 38
2 45
2 52
2 59
2 66
2 73
2 80
2 87
2 94
9 3
9 10
9 17
9 24
9 31
9 38
9 45
9 52
9 59
9 66
9 73
9 80
9 87
9 94
16 3
16 10
16 17
16 24
16 31
16 38
16 45
16 52
16 59
16 66
16 73
16 80
16 87
16 94
23 3
23 10
23 17
23 24
23 31
23 38
23 45
23 52
23 59
23 66
23 73
23 80
23 87
23 94
30 3
30 10
30 17
30 24
30 31
30 38
30 45
30 52
30 59
30 66
30 73
30 80
30 87
30 94
37 3
37 10
37 17
37 24
37 31
37 38
37 45
37 52
37 59
37 66
37 73
37 80
37 87
37 94
44 3
44 10
44 17
44 24
44 31
44 38
44 45
44 52
44 59
44 66
44 73
44 80
44 87
44 94
51 3
51 10
