5
88
66
1
6
10
100
85 81
20 99
23 99
12 44
78 81
35 99
55 81
38 70
11 70
93 52
12 99
0 72
36 81
71 77
41 81
96 77
36 58
5 89
76 42
42 70
3 13
5 13
39 13
53 99
83 77
84 70
76 13
33 58
55 89
36 99
2 77
94 77
22 77
74 95
14 56
55 56
84 13
57 13
44 75
23 72
0 69
34 81
41 56
64 13
76 99
5 70
37 56
93 58
54 75
0 83
26 75
17 72
69 89
60 70
36 13
4 58
60 99
19 77
59 99
61 72
8 95
21 13
46 58
28 95
37 95
62 13
20 75
23 75
16 72
8 89
85 77
79 95
3 58
86 72
57 70
5 81
12 13
82 72
20 56
8 75
85 70
63 99
93 77
60 75
48 77
82 95
36 56
20 58
37 75
73 75
52 89
86 70
98 77
79 81
33 56
67 56
43 58
98 58
48 75
7 72
