5
5
49
90
1
2
100
97 99
92 40
61 87
73 87
92 87
61 18
58 99
61 84
64 87
98 96
66 99
53 87
71 87
80 87
9 87
31 22
83 99
0 74
66 84
42 17
73 77
58 15
41 15
7 32
53 77
84 18
0 57
17 99
36 99
3 99
93 57
16 22
11 87
56 22
25 18
43 18
16 44
37 18
31 15
79 22
61 46
47 22
27 99
77 18
86 40
41 99
10 14
70 57
77 14
35 18
52 87
74 18
47 18
58 22
24 87
26 87
42 15
52 40
85 22
27 15
92 99
84 22
20 40
42 57
4 87
62 40
97 44
35 46
26 99
8 46
60 57
43 99
77 57
3 40
60 46
94 99
26 46
72 15
58 40
48 46
55 87
6 46
96 44
54 46
89 46
98 18
20 87
86 22
93 22
48 57
88 87
56 18
0 15
59 14
84 57
9 57
75 14
97 22
30 40
59 15
