5
10
25
1
2
3
100
0 73
16 42
0 89
94 59
0 49
0 5
0 43
94 69
0 59
94 15
94 55
94 75
0 36
0 55
94 80
16 73
16 75
16 8
94 92
94 30
0 42
16 48
16 89
16 7
56 29
56 90
0 41
0 38
56 70
94 39
16 57
56 32
0 6
0 85
56 50
94 43
0 8
16 13
94 81
94 17
16 55
16 86
0 91
94 38
94 34
94 40
0 24
94 46
56 26
0 74
56 80
56 68
0 29
0 70
0 71
0 66
94 8
0 57
0 39
0 18
94 52
94 73
94 35
94 22
0 47
16 9
94 85
0 62
94 89
16 87
56 77
0 45
16 92
16 80
0 4
56 23
0 86
0 90
16 30
0 76
94 76
0 79
56 79
16 45
16 31
94 87
94 9
56 20
0 52
0 82
56 65
16 22
0 80
0 21
94 31
56 17
0 68
56 34
94 58
94 51
