5
30
10
41
24
27
100
33 44
0 45
0 42
42 20
33 23
33 1
48 44
0 22
33 11
0 50
22 38
0 37
23 44
7 51
35 51
43 20
46 15
13 49
18 51
33 51
15 20
46 5
29 19
33 35
32 20
34 38
48 45
48 18
33 20
17 38
28 45
42 44
29 40
33 18
48 21
22 20
13 50
0 7
42 43
22 8
13 36
48 38
29 3
33 5
37 38
0 12
0 38
32 40
4 6
34 21
29 11
28 5
33 7
48 12
22 9
42 12
4 11
34 44
34 47
34 5
28 43
22 31
33 50
0 20
2 6
0 35
22 15
37 50
46 31
17 18
17 49
46 40
7 38
48 8
13 19
16 51
48 23
4 21
29 1
42 31
4 37
28 38
48 15
0 23
0 40
33 43
34 39
13 15
4 18
46 11
29 8
46 45
29 44
48 1
48 36
16 40
34 23
46 44
16 6
48 40
