5
4
96
1
2
7
100
3 95
92 97
45 95
3 97
26 95
3 98
79 95
92 11
3 94
92 68
84 40
3 46
92 98
90 97
84 34
92 95
90 68
26 78
21 95
92 93
90 78
92 49
64 97
45 49
29 95
3 77
90 95
92 88
65 97
90 15
90 49
94 98
92 87
45 93
44 95
91 98
92 19
84 83
60 97
92 78
3 75
3 91
64 95
52 95
29 87
3 26
92 83
92 55
92 30
54 83
90 83
94 95
9 95
84 38
45 68
29 68
92 15
3 33
54 98
65 95
3 90
92 34
62 95
29 97
3 69
60 95
70 98
60 98
92 27
35 95
70 95
64 34
60 83
3 63
92 74
45 83
61 95
92 53
3 25
6 95
79 40
84 10
75 83
92 82
92 85
92 46
92 61
45 55
79 89
79 78
67 95
35 97
42 95
92 77
84 75
64 49
92 67
16 83
92 10
92 65
