5
43
63
78
1
2
100
39 45
0 80
19 95
19 53
75 98
75 40
75 64
41 51
41 59
19 9
67 51
39 16
19 8
39 41
75 13
0 31
75 90
39 55
0 21
5 80
75 17
0 57
67 6
19 79
0 7
0 13
19 48
19 16
75 91
39 50
0 36
5 17
19 83
75 86
0 89
39 35
75 50
5 9
75 95
19 92
67 24
39 31
67 65
0 40
75 72
5 88
0 59
19 57
5 7
19 72
19 97
39 3
67 90
19 90
0 60
39 36
39 90
39 18
39 69
67 22
0 33
39 85
39 76
19 27
75 31
0 68
39 56
5 11
0 88
67 50
0 62
75 21
67 69
39 51
5 12
67 12
5 24
19 65
67 74
39 27
0 45
19 88
19 29
39 66
0 3
0 51
75 7
39 4
0 54
39 12
19 42
5 29
39 88
39 6
0 61
0 70
5 99
0 94
75 83
67 10
