5
56
32
2
1
3
100
20 95
0 45
33 36
0 30
20 41
0 94
42 12
42 83
0 41
28 62
42 6
28 57
42 92
0 75
28 61
42 36
28 39
28 93
0 16
42 30
42 69
42 77
42 82
42 15
42 31
33 14
0 23
42 64
33 52
42 67
0 43
42 62
0 12
28 60
33 17
33 30
33 75
0 6
33 46
28 83
28 73
28 72
33 4
0 26
33 59
42 75
28 79
33 31
0 25
42 58
33 6
42 76
33 24
42 16
28 17
28 74
33 50
0 35
0 48
28 53
42 95
33 85
28 63
0 36
33 60
0 66
0 17
42 93
33 21
28 58
28 8
0 81
0 37
33 38
33 87
42 63
33 83
0 13
28 44
33 10
0 68
42 91
33 5
42 37
28 12
28 22
28 70
0 51
33 88
28 5
42 20
28 40
42 9
0 69
42 85
0 38
0 8
42 49
33 95
33 94
