5
45
82
70
24
65
100
0 99
0 85
19 99
23 57
80 53
23 99
0 86
81 53
5 57
87 99
92 66
6 57
0 87
0 98
2 99
66 57
88 53
31 99
41 85
76 57
89 99
44 99
41 53
7 53
33 57
4 53
28 53
42 2
93 53
19 20
92 2
37 83
71 99
6 85
1 20
92 53
55 53
19 69
37 57
78 57
38 99
86 57
58 99
90 99
66 83
2 57
1 56
55 37
67 53
84 85
30 85
0 42
8 53
76 85
58 20
23 83
28 83
34 53
33 53
58 53
52 54
25 53
89 20
92 62
64 53
74 53
74 20
20 85
74 83
4 99
30 99
14 85
14 57
11 57
15 83
55 3
30 56
92 85
10 99
35 57
0 19
63 56
61 53
47 90
52 99
0 62
59 56
92 83
88 85
66 53
26 53
5 27
0 1
86 53
54 85
74 99
50 57
51 53
92 35
89 35
