5
29
11
80
67
70
100
0 96
2 99
0 99
8 47
46 7
0 66
23 99
0 91
75 99
91 99
76 99
10 99
63 99
49 79
98 99
79 99
16 10
10 41
54 41
76 41
8 41
62 41
23 41
52 41
28 41
22 41
59 43
8 43
49 27
27 43
19 43
93 43
78 43
89 43
55 43
23 43
79 43
3 42
39 42
18 42
35 42
91 42
74 42
65 42
47 42
63 42
62 42
8 44
64 44
95 44
0 49
0 8
0 87
0 45
0 54
0 74
0 20
0 92
0 4
0 3
0 57
0 19
0 65
76 96
12 52
12 54
92 44
60 52
81 54
9 28
60 14
92 53
74 52
73 53
35 52
94 61
65 28
85 44
76 8
85 18
15 54
97 69
4 14
25 44
86 37
32 52
86 44
46 61
35 69
94 22
88 28
95 87
12 7
86 84
51 53
12 69
52 44
35 54
77 44
63 81
