5
60
69
1
26
6
100
66 74
0 2
37 23
0 61
87 48
49 99
19 90
20 99
19 61
19 2
58 99
79 99
58 11
36 72
37 45
77 99
65 23
9 12
0 92
66 52
52 48
46 23
70 78
2 48
0 12
36 48
82 74
77 9
58 34
40 23
44 68
66 77
85 16
44 9
39 9
0 88
17 48
0 15
43 34
41 23
0 7
44 47
19 20
58 9
53 57
58 44
0 18
53 93
66 80
97 78
0 98
0 93
17 12
0 23
85 11
58 52
66 63
17 49
0 22
62 48
19 73
3 79
85 77
62 29
53 17
53 75
85 55
19 41
53 40
46 16
66 99
4 23
58 30
3 62
85 46
66 61
3 54
3 28
53 32
3 35
3 42
3 4
85 51
70 72
53 52
85 71
19 50
58 67
66 72
66 17
0 62
3 84
66 98
3 48
85 45
53 70
56 80
56 25
56 49
0 99
