5
25
49
11
20
23
100
67 81
17 81
48 81
78 81
75 81
44 81
55 81
72 81
79 81
65 81
52 21
58 21
78 21
61 21
79 21
13 21
6 21
29 21
43 21
28 21
59 21
30 21
16 21
67 21
4 21
17 21
2 32
78 32
42 32
37 32
48 32
40 32
62 16
41 68
56 38
70 44
26 44
56 74
12 38
41 15
12 68
26 67
33 44
12 67
56 16
62 17
19 67
70 47
12 75
30 1
2 22
41 65
12 39
71 58
70 67
33 64
19 64
56 48
33 16
70 36
70 65
70 58
78 1
71 46
2 55
62 46
12 79
26 64
26 40
0 36
12 69
30 2
56 67
19 14
62 35
19 17
26 63
56 68
72 14
12 54
72 52
30 76
56 55
33 3
72 42
70 53
70 75
26 17
31 69
31 50
56 14
72 16
30 5
62 64
9 50
62 55
41 1
72 43
19 65
19 44
