5
16
58
94
1
2
100
71 99
91 99
25 99
23 99
38 99
74 99
73 99
0 99
70 99
62 99
96 99
36 99
35 99
95 99
68 99
97 99
87 99
17 99
76 99
51 99
89 99
57 99
48 99
44 99
3 99
46 99
79 99
61 99
59 99
98 99
6 99
27 99
80 99
54 99
66 99
72 99
75 99
30 99
14 99
85 99
65 99
77 99
41 99
88 99
78 99
26 99
82 99
10 99
49 99
40 99
7 99
55 99
93 99
56 99
34 99
43 99
83 99
15 99
84 99
21 99
11 99
20 99
92 99
31 99
63 99
19 99
9 99
4 99
18 99
42 99
13 99
52 99
67 99
37 99
24 99
45 99
60 99
64 99
86 99
5 99
90 99
22 99
81 99
47 99
53 99
33 99
29 99
69 99
12 99
8 99
50 99
28 99
32 99
90 39
54 39
65 39
61 39
97 39
78 39
51 39
