5
23
1
2
3
4
100
84 98
0 75
72 98
0 49
61 14
0 18
71 98
0 17
60 98
21 98
0 91
0 59
77 98
21 75
22 98
61 98
0 26
0 6
0 92
15 98
0 14
22 17
97 92
42 14
0 48
0 96
40 78
0 33
0 90
72 96
63 51
0 25
50 98
74 98
7 98
10 98
61 52
0 31
26 29
61 62
61 91
21 91
84 5
7 52
0 78
87 98
43 95
42 62
89 46
27 98
58 98
27 68
10 49
26 18
0 70
55 18
28 98
60 5
22 95
20 98
42 6
0 41
77 17
73 46
0 38
69 12
0 56
8 98
60 96
0 65
84 41
54 98
79 98
94 13
21 56
35 96
32 62
77 78
94 98
43 98
32 33
0 5
0 9
85 98
63 98
35 98
0 95
30 78
36 95
27 9
50 65
88 41
0 62
0 47
82 98
36 12
42 90
0 68
10 90
55 13
