5
42
66
1
2
3
100
40 99
5 24
31 24
13 99
0 73
0 21
0 67
18 24
58 47
54 99
0 77
0 16
0 5
0 34
9 60
9 20
36 24
0 46
9 35
58 7
9 26
6 69
80 24
27 99
97 24
19 99
68 99
96 69
45 69
16 99
98 24
29 28
61 99
10 60
0 33
58 52
93 99
38 99
6 99
9 43
10 65
76 24
75 74
0 76
0 84
58 77
50 65
64 99
9 49
34 47
10 49
58 97
55 24
75 13
94 99
55 70
50 30
58 85
55 87
9 10
78 47
9 74
75 63
0 92
90 18
90 34
62 99
90 80
0 96
75 78
75 45
0 80
50 32
98 69
58 61
0 30
90 71
90 92
75 69
9 77
58 95
58 18
50 10
9 34
58 27
90 22
90 36
98 43
75 31
75 5
98 74
0 56
0 95
90 13
98 44
9 67
50 79
75 73
90 96
9 38
