5
11
25
27
64
1
100
20 99
36 99
85 14
72 35
12 19
45 99
33 99
75 68
0 75
7 19
0 20
0 51
89 41
15 99
89 10
90 35
39 16
0 23
54 14
0 36
32 99
38 51
46 35
89 7
89 17
61 91
2 33
0 72
26 61
5 19
2 15
73 9
0 49
43 68
2 82
89 5
38 59
39 35
26 66
0 15
26 42
2 49
2 94
69 35
38 10
38 75
88 68
32 51
69 68
38 9
38 54
0 68
89 72
0 12
0 29
20 31
32 16
26 32
44 14
26 87
28 35
53 28
0 85
47 68
26 21
26 22
89 54
38 49
24 19
53 44
0 59
95 68
97 68
53 55
24 67
53 20
80 55
89 12
97 9
58 37
0 92
26 6
30 59
89 19
53 95
17 68
52 36
38 67
39 99
2 19
23 37
80 19
0 41
80 83
38 94
26 35
80 47
52 90
50 48
31 19
