5
66
32
1
2
3
100
0 28
0 26
61 99
0 38
10 53
0 41
0 7
0 43
0 20
17 53
0 34
16 65
0 18
0 31
27 53
27 73
0 11
0 19
0 25
0 37
0 23
0 14
0 6
0 9
0 29
16 62
0 27
60 99
10 40
8 7
86 99
0 17
0 10
89 99
8 50
0 13
8 48
0 16
80 99
49 87
68 99
42 53
11 53
73 99
5 28
34 65
85 99
81 99
5 54
46 53
75 99
5 40
46 83
46 90
8 40
92 99
45 53
82 99
44 53
84 99
76 99
67 99
9 53
98 99
49 93
42 65
44 93
0 4
14 53
8 54
5 41
19 58
58 99
64 99
8 28
5 30
72 99
51 83
20 53
5 7
45 65
78 99
49 65
8 36
8 24
5 33
46 87
35 65
8 41
31 65
5 24
51 53
8 22
79 99
5 47
91 99
45 88
8 47
62 99
6 53
