5
17
35
40
5
7
100
0 10
21 52
21 41
0 47
44 11
21 10
15 52
21 8
38 54
15 34
15 51
32 41
0 15
0 8
44 18
37 43
21 31
37 34
44 23
44 20
32 20
21 45
32 37
3 26
49 43
0 11
44 43
21 38
3 11
21 1
44 36
3 6
44 24
9 45
21 23
9 29
9 10
49 10
0 46
44 26
44 14
44 48
0 36
21 50
44 42
0 45
0 19
0 23
9 2
49 1
3 34
0 18
21 19
49 52
44 45
49 48
21 36
21 15
49 4
9 13
0 42
44 29
49 33
3 41
3 4
21 34
49 22
49 23
44 33
44 54
9 43
49 16
21 37
44 13
9 4
44 50
3 2
21 18
0 24
44 47
32 15
21 4
32 10
3 25
21 22
32 54
21 54
49 27
9 50
32 48
9 31
0 20
0 41
32 51
32 47
9 6
3 18
32 12
49 29
49 11
