5
1
2
3
4
5
100
76 93
0 35
91 62
50 93
48 52
0 37
59 82
0 32
75 8
51 76
87 62
75 88
48 84
37 93
40 52
0 41
48 41
27 76
49 76
17 52
48 51
0 46
75 15
20 15
0 76
87 22
10 62
61 30
68 66
59 43
40 80
59 36
27 42
91 49
34 93
75 12
12 52
0 90
11 52
0 79
69 36
11 44
13 62
13 7
7 82
12 62
13 93
13 30
81 52
75 64
59 64
20 12
13 8
48 76
48 19
10 36
87 27
36 44
68 70
87 45
17 72
87 28
81 76
57 86
7 44
34 44
53 70
55 72
40 62
20 29
68 30
37 52
68 56
34 76
87 18
59 18
48 70
48 42
17 92
53 89
75 62
0 30
11 78
87 80
10 58
59 15
39 76
75 86
18 44
91 70
35 42
55 88
60 88
83 93
69 66
73 66
57 46
10 47
61 56
7 76
