5
36
82
1
2
3
100
0 99
33 57
67 99
12 20
66 57
7 57
0 20
74 57
60 20
9 57
83 72
86 20
89 57
61 99
72 99
12 78
78 57
50 20
97 20
22 99
35 99
26 57
40 57
92 99
55 57
81 20
74 99
94 57
45 20
60 57
18 57
24 99
37 99
51 20
34 57
86 57
55 20
28 57
69 99
12 99
44 57
73 57
16 20
43 99
50 99
25 20
44 99
65 57
58 20
0 57
75 57
79 57
90 20
34 99
72 57
95 99
39 20
77 99
66 20
30 20
83 99
93 20
90 57
4 20
28 20
49 99
96 57
42 99
69 57
75 99
67 57
84 20
62 57
62 20
43 20
85 57
26 99
88 57
45 57
98 99
83 20
41 20
53 99
46 20
77 20
85 20
4 57
49 57
5 99
45 99
83 57
29 57
78 99
13 99
18 99
66 99
21 99
24 57
89 20
43 57
