5
77
1
2
3
4
100
27 96
6 89
33 96
39 53
31 89
16 89
53 96
84 23
89 96
39 96
57 96
20 96
58 96
24 96
29 96
43 96
95 96
37 96
12 96
81 96
75 96
15 96
64 96
34 96
69 96
70 96
36 96
92 96
30 96
6 96
86 96
74 96
94 96
47 96
51 96
90 96
67 96
48 96
7 96
73 96
76 96
46 96
14 96
71 96
56 96
5 96
9 96
25 96
23 96
44 96
17 96
84 96
31 96
68 96
54 96
93 96
42 96
88 96
79 96
22 96
32 96
49 96
91 96
35 96
38 96
82 96
8 96
80 96
18 96
83 96
62 96
72 96
55 96
85 96
21 96
61 96
28 96
13 96
60 96
11 96
87 96
40 96
0 96
66 96
78 96
19 96
45 96
10 96
65 96
41 96
50 96
52 96
26 96
16 96
59 96
40 73
42 63
80 63
0 27
92 88
