5
35
73
1
2
3
100
5 98
46 92
13 63
92 98
64 98
69 98
83 98
46 98
18 98
29 98
61 98
13 98
6 98
14 98
7 98
93 98
95 98
33 98
11 98
79 98
59 98
76 98
90 98
50 98
32 98
47 98
17 98
65 98
60 98
78 98
21 98
80 98
12 98
63 98
27 98
9 98
22 98
26 98
39 98
70 98
57 98
41 98
0 98
55 98
44 98
67 98
68 98
4 98
81 98
74 98
31 98
36 98
58 98
43 98
24 98
77 98
97 98
84 98
10 98
23 98
37 98
20 98
42 98
8 98
54 98
91 98
94 98
82 98
38 98
28 98
85 98
52 98
40 98
49 98
34 98
87 98
75 98
48 98
66 98
16 98
56 98
89 98
51 98
45 98
62 98
96 98
72 98
86 98
53 98
19 98
88 98
15 98
30 98
25 98
20 71
51 25
77 25
26 71
64 25
91 71
