5
77
2
3
4
5
100
22 99
0 25
25 99
44 15
22 15
11 15
39 15
11 84
74 99
0 6
59 62
91 99
18 99
27 15
52 84
0 80
10 84
0 20
0 19
44 19
94 9
48 72
57 90
30 37
84 15
98 15
46 33
59 70
33 15
32 15
48 15
7 99
81 15
36 15
95 99
21 99
96 99
47 15
20 15
37 15
73 99
45 15
71 99
28 99
13 99
88 15
31 99
82 15
90 15
87 15
94 15
20 99
67 99
76 99
21 15
91 15
1 99
10 99
16 99
94 99
66 99
12 15
49 15
9 15
28 15
97 15
87 99
96 15
93 99
95 15
13 15
90 99
41 15
86 15
88 99
79 99
23 99
40 15
30 99
83 99
6 99
17 15
92 15
0 15
84 99
12 99
89 15
89 99
72 99
18 15
25 15
8 15
10 15
43 15
24 15
46 15
19 15
80 99
8 99
82 99
