5
83
44
29
73
7
100
23 30
26 28
69 30
69 15
65 67
34 78
61 12
69 12
36 18
16 15
4 12
11 67
39 55
4 88
8 35
26 60
85 35
21 12
65 30
36 20
0 8
41 20
2 15
26 40
40 64
42 30
76 46
87 13
6 35
26 15
24 86
3 35
43 52
69 75
45 64
0 42
26 5
76 28
36 5
21 67
65 15
5 67
27 30
33 30
40 12
51 64
80 35
33 37
62 59
62 45
24 58
52 20
79 10
58 30
34 60
62 82
17 10
38 75
82 59
56 35
16 25
58 88
34 28
87 10
9 64
61 13
2 37
81 25
43 9
76 59
23 57
25 15
77 20
37 12
84 28
56 13
25 30
77 12
66 13
31 48
41 54
65 54
63 30
79 14
53 48
11 59
19 10
51 13
8 60
48 15
52 64
68 78
58 1
1 67
53 59
25 67
14 12
51 86
63 60
70 59
