5
45
1
2
3
4
100
0 89
0 99
57 99
0 72
80 99
48 7
7 89
76 99
47 89
59 99
44 99
58 99
8 99
61 89
42 89
87 99
65 89
56 99
73 99
63 89
67 89
59 89
15 99
56 89
62 99
68 89
12 99
62 89
16 89
76 89
41 99
60 89
38 99
48 99
20 99
81 99
92 89
50 89
26 89
69 99
83 89
79 89
97 89
69 89
57 89
6 89
85 89
7 99
67 99
6 99
78 99
41 89
42 99
13 99
39 89
21 89
96 99
84 89
30 89
40 99
17 99
31 99
65 99
84 99
93 89
53 89
54 99
49 99
32 89
10 99
35 99
13 89
54 89
22 89
30 99
47 99
36 89
82 99
44 89
29 89
33 99
66 89
87 89
72 99
83 99
43 89
77 89
46 99
21 99
37 99
94 99
11 89
71 89
29 99
36 99
31 89
53 99
68 99
74 99
28 99
