5
4
98
11
15
45
100
0 1
0 5
0 2
97 99
95 99
96 99
55 70
62 97
3 55
83 79
97 94
70 94
91 94
83 78
46 55
59 83
62 83
76 60
95 76
95 58
63 69
62 58
95 63
95 79
93 60
55 73
89 94
55 96
59 63
55 88
59 88
82 69
82 75
93 68
68 94
89 79
60 79
59 73
72 94
55 83
95 70
62 70
55 75
55 81
95 61
93 69
95 67
77 60
60 88
62 57
59 93
55 97
95 93
93 82
59 57
62 87
62 85
93 87
93 97
62 72
55 85
95 84
55 78
59 76
62 77
90 79
95 92
55 64
95 73
59 80
95 83
59 69
62 63
62 64
93 90
59 64
59 90
95 90
55 61
59 84
93 72
62 94
95 86
95 96
62 75
62 56
62 88
95 57
93 67
93 91
93 58
62 65
55 94
59 67
59 86
93 96
93 86
95 87
59 91
93 63
