5
42
15
1
27
37
83
11 23
11 75
86 99
40 38
18 92
18 55
33 34
60 79
88 68
14 65
46 5
94 71
97 39
60 72
86 4
94 44
14 45
94 10
75 13
81 64
73 93
96 72
30 53
86 84
73 72
38 28
71 95
59 13
71 29
12 23
16 76
97 26
71 87
31 62
78 63
35 3
58 36
62 99
58 17
73 31
58 41
81 53
8 39
95 13
22 29
68 90
48 99
66 48
8 53
6 67
24 55
25 65
51 79
25 50
91 64
62 13
57 13
25 62
51 44
49 72
43 23
36 50
43 3
32 80
55 5
55 36
54 93
45 53
67 80
20 5
28 80
89 34
89 36
28 2
3 4
98 43
39 99
93 72
5 82
70 21
84 17
92 34
7 64
