5
1
2
3
4
5
100
23 93
50 93
82 93
23 51
51 93
80 93
78 93
18 93
52 93
15 93
44 39
77 21
31 93
28 21
52 39
40 21
85 93
68 93
73 93
51 21
78 21
27 93
91 39
83 21
43 93
46 21
68 21
79 93
65 21
54 39
82 39
86 39
41 21
48 93
92 93
13 21
36 93
30 39
48 21
16 93
42 21
26 39
60 21
81 93
28 39
81 21
8 21
89 21
10 93
77 93
44 21
62 21
75 21
85 21
15 21
32 21
11 39
77 39
27 39
74 39
41 93
88 93
76 39
59 21
91 93
30 93
80 21
46 93
57 93
58 21
10 39
38 39
67 21
87 93
36 39
81 39
47 39
72 39
84 39
53 39
38 93
34 93
18 39
34 21
6 39
73 21
45 21
71 93
63 39
55 21
69 93
63 93
33 39
70 39
82 21
35 21
7 39
22 39
20 39
17 93
