5
70
72
1
67
91
100
32 99
33 99
8 99
90 99
47 99
36 80
0 16
0 26
0 14
0 29
32 54
12 80
74 99
57 80
35 80
80 99
11 69
10 16
74 16
0 93
41 99
45 54
22 99
64 99
15 99
26 99
36 69
90 40
86 99
56 99
0 53
14 54
0 32
0 66
0 61
0 36
0 60
0 17
0 18
0 13
0 84
0 48
0 9
0 46
0 95
0 3
0 69
0 99
0 20
0 86
0 76
0 57
0 45
0 40
0 47
0 24
0 55
0 80
0 59
0 79
0 11
0 15
0 25
0 94
0 35
0 4
0 75
0 22
0 82
0 38
0 87
0 73
0 33
0 10
0 30
0 23
0 41
0 50
0 65
0 27
0 89
0 56
0 90
0 12
0 37
0 21
0 51
0 68
0 74
0 64
0 58
0 6
0 81
0 71
0 2
0 98
0 85
0 97
0 44
0 88
