5
4
6
7
9
11
100
0 99
0 72
0 78
0 26
0 87
0 28
23 1
23 52
85 30
85 86
0 43
0 20
0 13
23 81
23 13
22 33
85 60
85 52
0 86
23 98
23 92
23 71
23 40
0 48
0 98
23 74
23 72
85 21
85 17
0 64
0 52
23 44
0 51
23 58
23 37
0 82
85 12
23 43
85 62
0 37
85 46
0 33
23 61
0 39
85 73
23 29
85 69
0 24
23 86
85 67
85 63
85 1
0 29
0 32
0 41
85 16
0 67
23 38
0 12
23 50
23 97
0 68
85 70
23 51
85 95
23 54
85 50
85 22
0 25
85 97
0 94
85 54
85 19
23 32
85 53
85 78
85 44
23 15
85 96
0 92
85 18
23 75
0 76
85 79
85 38
85 34
23 33
85 40
85 56
0 89
85 15
23 79
0 58
0 19
0 38
23 89
0 17
85 25
23 27
85 13
