5
4
97
1
2
3
100
0 13
52 75
0 36
0 5
52 91
9 99
52 95
0 32
52 73
52 28
0 98
52 98
52 58
52 5
0 11
52 86
0 29
52 47
52 46
52 6
0 54
52 79
52 60
52 96
52 16
52 45
0 93
0 81
0 23
52 67
52 84
0 8
0 63
52 90
52 57
52 19
52 36
52 92
52 20
52 49
0 38
52 25
52 54
0 95
0 59
52 35
0 75
52 37
0 84
0 51
52 59
0 27
0 58
52 94
52 89
0 35
0 31
52 85
0 25
0 10
0 78
52 61
0 56
0 49
52 12
52 68
52 32
0 26
0 9
52 18
52 62
52 14
0 19
52 99
52 55
0 65
0 42
52 43
52 88
52 70
0 48
0 34
0 68
0 88
0 7
52 40
0 37
52 81
0 90
0 20
52 42
52 33
0 87
0 92
0 21
0 85
52 34
0 43
52 41
52 8
