5
58
82
3
6
7
100
0 41
0 45
0 71
27 93
22 23
22 50
54 39
0 52
28 21
28 31
28 38
28 87
22 25
28 34
22 29
28 73
0 73
28 16
28 23
28 35
28 14
0 38
0 35
28 61
0 10
0 34
22 33
28 2
22 24
0 18
28 86
28 65
0 31
22 10
28 11
0 37
28 70
22 59
22 74
22 46
22 4
28 68
0 60
0 11
22 41
0 57
28 59
28 54
0 47
0 69
22 63
22 38
0 65
28 43
0 48
28 49
28 62
22 9
22 15
28 30
28 57
65 14
65 72
65 27
65 73
65 21
65 24
65 55
65 40
65 2
65 31
65 93
65 5
65 36
65 50
65 4
65 85
65 20
65 34
65 39
65 26
65 12
65 43
11 93
11 4
2 39
81 23
81 8
81 33
81 56
81 72
81 5
81 63
81 87
81 18
81 9
81 54
81 17
81 26
81 32
