5
57
85
4
5
6
100
16 99
72 98
0 51
44 99
0 7
72 36
72 87
0 11
0 72
0 32
0 22
0 95
0 37
50 99
0 98
0 14
0 84
0 88
0 50
0 75
0 9
0 30
0 46
0 18
0 24
0 13
0 19
0 42
0 66
0 40
0 89
0 67
0 45
0 60
0 49
0 82
0 17
0 86
0 47
0 41
0 77
0 21
0 52
0 80
0 34
0 61
38 99
49 45
96 10
96 15
96 30
49 28
28 99
96 86
96 77
96 87
96 41
96 49
96 50
96 9
96 74
96 93
96 55
96 88
96 89
96 32
96 29
96 14
96 92
96 3
96 90
96 64
96 48
96 24
96 1
96 58
96 94
96 97
96 17
96 70
96 66
96 84
96 26
96 45
96 8
96 71
96 31
96 75
96 22
96 7
96 40
96 83
96 80
96 34
96 28
44 98
18 45
44 18
44 45
44 33
