5
51
54
66
97
1
100
14 98
72 23
78 98
84 46
45 61
14 46
14 36
72 22
77 10
45 55
72 48
14 48
45 92
72 10
55 23
90 50
77 23
84 82
45 36
76 99
45 5
0 45
0 94
14 58
0 62
84 95
14 56
0 34
84 48
0 40
14 61
0 74
14 32
14 96
84 64
0 16
0 41
84 8
84 86
84 2
14 65
84 39
14 71
0 37
0 71
14 93
14 12
14 99
0 59
14 92
84 34
84 58
0 83
84 50
0 75
84 32
0 79
14 23
0 17
0 86
84 67
84 12
84 92
0 6
14 4
84 83
14 26
84 23
14 38
0 11
84 33
14 16
84 3
0 39
14 62
84 42
14 72
84 68
14 22
0 98
0 60
14 29
0 67
84 81
14 49
14 45
14 31
14 27
0 69
14 64
84 98
0 89
0 50
0 93
14 80
0 9
14 15
14 57
0 22
0 25
