5
21
63
88
7
62
87
52 99
78 99
50 99
28 73
72 73
92 42
76 87
22 61
77 58
46 10
97 12
82 58
76 17
92 17
32 56
97 45
8 86
78 86
17 81
32 24
64 5
56 10
75 86
46 42
8 45
31 12
23 93
77 24
17 24
0 30
90 61
40 44
80 87
32 13
31 44
50 98
55 42
16 98
30 71
75 69
75 24
29 61
75 94
14 16
3 20
2 94
35 16
57 40
0 67
30 67
39 47
68 47
92 97
86 58
86 10
80 95
75 33
51 90
50 55
77 5
18 34
55 28
54 90
55 90
94 66
95 15
95 40
1 77
22 52
38 60
31 52
97 89
26 39
43 52
6 25
38 17
46 17
97 79
22 97
76 11
96 8
22 41
9 97
4 22
0 22
32 26
40 15
