5
21
76
3
4
5
100
87 99
62 99
22 99
42 55
18 99
35 99
92 99
83 99
52 99
45 55
86 55
69 55
91 99
67 99
72 55
88 55
78 99
51 99
11 55
67 55
2 99
80 55
82 99
13 55
41 55
54 99
38 99
87 55
85 55
46 55
57 99
50 99
90 55
31 55
71 99
73 55
49 99
65 99
37 55
32 55
23 55
88 99
72 99
29 55
34 99
32 99
19 99
25 99
37 99
61 99
44 55
65 55
95 99
81 99
31 99
83 55
0 99
41 99
40 99
66 55
81 55
15 55
8 99
98 55
77 55
14 99
49 55
13 99
91 55
16 55
56 99
60 99
51 55
46 99
94 55
19 55
23 99
48 55
54 55
25 55
2 55
29 99
16 99
97 55
24 55
96 55
73 99
75 55
6 55
17 99
60 55
85 99
7 99
93 99
40 55
79 55
69 99
58 55
74 55
59 99
