5
86
93
25
30
61
100
32 79
11 99
56 79
87 22
56 22
19 99
50 79
77 22
0 7
62 99
57 79
17 39
9 42
82 99
87 50
27 49
92 43
5 39
49 99
69 99
23 79
26 99
70 22
11 79
8 79
18 22
58 99
13 99
88 22
73 22
55 79
53 22
83 22
59 22
90 79
63 99
19 79
23 22
37 22
35 22
1 22
94 79
29 22
63 79
64 99
45 79
78 79
16 22
39 79
48 22
65 22
69 79
56 99
45 22
96 79
74 79
19 22
40 79
92 22
64 79
81 22
35 79
68 99
57 99
20 79
71 79
3 79
4 79
98 22
21 79
49 22
75 99
72 22
44 79
70 79
47 79
29 79
23 99
54 22
6 22
76 79
90 22
17 22
52 22
27 22
27 79
49 79
46 99
1 79
12 79
90 99
43 22
12 22
84 79
32 22
82 79
88 99
5 22
2 79
94 22
