5
7
83
39
98
64
100
0 99
73 14
69 14
0 95
69 92
6 91
78 40
10 99
15 86
69 10
15 99
25 95
52 34
93 45
52 56
25 75
73 60
15 9
73 56
23 56
78 33
25 37
52 38
0 8
23 33
90 84
24 4
15 72
24 35
93 50
78 60
6 27
93 90
46 91
78 51
0 1
41 76
46 38
24 91
93 68
6 88
81 32
22 28
0 71
73 13
52 27
15 59
70 84
93 60
81 2
23 72
24 43
93 55
41 61
78 55
81 33
41 86
22 36
41 70
22 57
19 2
81 53
93 88
22 47
23 19
22 97
41 35
81 97
41 42
81 1
41 97
52 24
78 23
73 41
46 23
0 73
9 92
67 99
89 84
68 99
38 92
17 94
80 92
2 10
20 92
54 86
35 84
91 84
72 94
62 92
80 86
74 47
31 97
9 4
62 8
9 27
82 59
49 84
62 61
33 59
