5
24
61
1
2
3
100
50 97
0 16
8 52
60 97
26 90
19 52
49 97
16 52
39 90
29 52
23 52
28 52
51 13
68 97
76 97
85 97
77 97
51 97
5 52
10 52
82 13
19 63
69 97
95 97
91 97
13 52
70 97
43 52
18 52
45 52
53 97
47 52
83 97
87 97
44 52
40 52
55 97
90 97
6 52
37 52
79 97
58 97
21 52
84 97
72 97
17 52
34 52
54 97
86 97
75 97
56 97
33 52
30 52
74 97
4 52
80 97
11 52
71 97
73 97
78 97
25 52
35 52
66 97
42 52
67 97
26 52
63 97
48 52
36 52
7 52
12 52
14 52
62 97
93 97
20 52
65 97
92 97
15 52
57 97
64 97
46 52
9 52
38 52
59 97
31 52
22 52
89 97
94 97
27 52
82 97
39 52
41 52
96 97
32 52
81 97
19 88
8 88
26 88
51 43
6 71
