5
14
1
2
3
4
100
39 67
39 48
0 73
68 73
0 55
0 33
0 27
0 15
39 64
0 32
0 56
39 30
39 65
0 50
0 24
0 41
0 70
39 69
0 53
0 21
39 63
0 31
0 52
39 12
0 60
0 48
0 35
0 51
0 10
0 20
39 35
39 55
0 54
0 68
0 36
39 66
39 59
0 71
0 64
0 8
39 32
39 15
39 26
0 19
0 17
39 47
39 38
39 34
0 61
0 69
39 43
39 33
39 41
39 22
39 18
0 25
39 20
39 42
39 9
39 50
39 71
39 6
0 66
0 44
0 29
39 53
0 23
39 23
39 36
39 27
39 54
39 73
0 40
0 58
0 45
0 11
0 63
0 46
39 49
39 72
0 42
0 65
39 68
0 37
39 19
0 47
39 29
0 43
0 38
0 7
0 34
39 56
39 16
0 57
0 13
39 10
39 51
39 57
39 37
39 7
