5
60
10
22
14
40
100
0 15
12 34
0 17
0 47
25 59
0 1
20 7
20 2
63 58
0 20
0 68
0 49
0 66
0 67
0 16
0 23
0 30
0 50
0 46
0 53
0 65
0 26
0 4
0 28
0 7
0 36
0 9
0 19
0 2
0 25
0 31
0 8
0 32
0 62
0 33
0 64
0 24
0 13
0 58
0 63
0 27
0 11
0 44
0 55
0 5
0 59
0 57
0 39
0 37
0 52
0 43
61 3
61 68
61 59
30 17
25 27
44 51
5 71
48 13
61 19
12 26
12 23
12 13
26 71
20 50
61 23
16 34
20 35
30 19
32 49
61 42
47 28
20 55
5 15
12 57
25 58
20 6
61 9
16 24
63 17
61 31
12 50
61 30
12 38
63 18
47 17
5 54
63 55
61 17
44 27
12 11
25 46
16 3
65 50
25 56
44 70
48 2
48 28
25 55
25 31
