5
54
45
40
91
31
100
0 98
36 98
22 98
57 98
3 98
25 98
42 98
66 98
9 98
61 98
37 98
41 98
23 98
5 98
24 98
60 98
17 98
50 98
21 98
22 62
67 62
24 62
42 85
85 62
15 62
21 62
26 62
86 62
81 62
58 62
77 62
42 62
90 62
71 62
68 62
96 62
95 62
51 62
97 62
78 62
23 62
83 62
12 62
5 62
75 62
65 62
22 60
33 53
94 53
34 60
92 60
25 60
25 85
9 60
1 83
51 53
23 83
2 83
57 53
81 60
3 85
79 60
0 60
15 53
19 85
37 85
74 53
5 53
35 53
42 60
92 53
19 53
57 83
65 60
37 60
42 53
20 83
15 85
48 53
15 83
94 60
16 85
9 83
80 53
58 83
2 85
0 85
10 60
41 60
22 53
2 53
48 83
1 85
69 60
96 53
27 85
37 53
0 83
73 60
51 60
