5
5
8
9
10
11
100
1 13
6 13
0 7
61 68
1 7
7 13
0 12
1 12
3 12
4 12
0 6
6 12
1 15
3 15
0 14
1 14
2 14
3 14
6 14
7 14
0 13
2 13
3 13
4 13
2 12
7 12
2 19
7 19
0 17
1 17
2 17
3 17
4 17
6 17
0 15
2 15
4 15
6 15
7 15
4 14
0 16
1 16
2 16
3 16
4 16
7 16
2 20
3 20
4 20
6 20
7 20
0 18
1 18
2 18
3 18
4 18
6 18
7 18
6 16
2 23
6 23
0 21
2 21
3 21
4 21
6 21
7 21
0 19
1 19
3 19
4 19
6 19
7 17
2 26
0 24
2 24
3 24
6 24
7 24
0 22
1 22
2 22
3 22
4 22
6 22
7 22
0 20
1 20
2 27
3 27
6 27
0 25
1 25
2 25
3 25
4 25
6 25
7 25
0 23
1 23
