5
1
2
3
4
5
84
0 99
97 98
45 46
91 90
61 48
67 48
45 56
66 65
13 14
64 65
61 62
51 50
80 90
90 46
91 92
93 48
72 71
71 14
17 49
63 62
16 15
72 73
91 51
41 97
58 59
61 60
25 26
58 57
67 86
9 10
23 87
35 31
21 20
69 80
34 26
66 94
68 31
78 79
17 52
43 76
64 37
22 12
58 35
38 33
69 71
38 37
67 68
77 76
10 89
11 81
12 82
29 52
87 59
51 84
57 56
57 73
51 52
87 86
75 52
32 31
29 28
20 89
32 80
76 26
75 74
87 88
29 30
96 71
95 94
19 18
96 17
17 18
33 34
53 54
80 55
84 83
84 82
53 52
27 18
23 21
41 91
40 25
41 42
97 96
