5
6
38
46
2
3
100
44 98
47 98
48 98
43 98
26 45
8 45
5 34
20 34
30 45
14 45
58 45
4 17
4 10
0 9
25 34
20 13
28 45
8 13
20 9
10 34
4 67
0 59
22 45
42 45
48 45
78 45
4 15
29 40
26 70
0 39
64 45
20 59
19 40
11 34
58 13
30 9
26 95
20 84
7 40
5 84
5 14
79 40
18 45
0 89
20 39
27 34
48 13
69 40
61 34
30 59
16 34
32 40
5 40
30 39
68 45
25 84
1 14
20 63
4 30
5 70
20 44
36 9
28 13
20 89
25 14
48 63
47 70
0 24
42 13
33 10
20 26
51 14
18 14
29 10
43 14
26 39
94 40
42 63
42 70
68 14
17 40
17 88
41 34
77 34
25 64
54 15
42 95
79 10
22 95
93 14
76 39
19 10
66 34
47 40
0 5
48 15
57 40
91 34
20 23
67 40
