5
35
37
42
79
62
100
0 72
32 41
26 44
32 48
0 26
83 54
6 70
90 41
68 53
2 41
11 95
55 13
28 70
94 98
75 53
93 55
82 12
5 19
45 92
90 82
20 57
66 13
93 76
86 82
38 49
51 1
92 44
6 73
11 61
83 11
43 12
4 78
40 48
81 34
77 65
4 64
81 31
47 55
5 81
94 21
5 4
40 21
94 61
5 11
40 11
54 33
28 54
58 64
38 84
93 57
20 84
93 10
84 44
24 85
28 76
6 74
58 47
96 91
39 19
32 56
39 33
27 91
2 23
45 43
73 33
39 36
96 89
75 43
82 36
9 54
77 30
39 17
32 18
72 22
46 33
9 15
94 60
4 89
22 51
72 9
59 88
59 51
77 47
81 8
59 21
50 14
61 73
52 54
69 33
61 50
61 56
61 46
52 44
4 43
57 76
47 88
57 51
66 49
66 30
80 15
