5
4
40
85
32
14
100
95 59
43 36
95 1
50 2
26 87
65 1
95 53
80 77
43 30
43 83
49 99
24 59
70 1
98 74
97 73
60 36
8 84
8 59
43 20
95 23
22 92
34 59
80 38
6 77
62 73
58 87
26 56
64 92
26 92
95 57
65 88
66 79
62 89
48 68
75 39
98 81
54 16
31 45
54 93
31 91
34 68
48 73
25 92
53 41
67 91
31 76
70 45
49 39
34 56
53 88
42 12
61 12
78 76
11 36
27 96
71 93
13 30
54 76
72 17
90 76
25 91
8 33
3 47
19 93
34 38
69 41
65 46
31 93
98 20
44 20
11 30
50 47
78 94
34 5
57 79
90 38
49 93
13 93
62 18
9 91
69 94
57 45
7 38
44 96
49 7
41 2
88 12
16 87
88 87
88 68
16 77
23 89
88 92
16 12
38 16
86 56
23 83
86 84
47 28
23 94
