5
38
44
43
95
5
100
0 76
0 42
0 56
0 36
0 96
0 66
0 17
0 15
0 39
0 74
0 77
0 63
0 18
0 87
0 40
0 86
0 24
0 19
0 65
0 73
0 92
0 62
0 20
0 9
0 93
0 80
0 60
0 48
0 98
0 30
0 16
0 45
0 99
0 10
0 58
0 37
0 57
0 52
0 49
0 26
0 22
0 35
0 53
0 59
0 89
0 25
0 78
0 50
0 32
0 68
0 71
0 97
0 47
0 82
0 31
0 34
0 4
0 94
0 84
0 54
0 6
0 64
0 28
23 37
20 37
40 53
23 47
90 19
25 90
86 19
25 83
88 79
23 89
91 53
39 83
25 35
65 24
84 53
40 94
27 11
8 24
40 19
45 4
76 89
27 61
25 68
65 31
94 21
3 29
51 77
27 34
88 36
45 53
98 28
51 92
65 45
58 4
57 85
25 92
88 31
