5
92
98
22
80
49
100
0 48
53 60
50 60
44 93
44 66
53 66
44 9
53 57
95 20
38 99
44 30
4 51
31 30
3 60
61 81
4 17
4 8
34 63
84 63
4 26
4 40
52 76
72 9
23 17
5 57
2 29
34 50
34 81
51 63
17 60
87 60
6 57
34 97
72 23
48 9
84 57
38 54
20 57
93 9
20 76
14 62
62 9
84 65
88 65
2 41
34 19
40 96
89 93
79 28
39 35
64 43
7 77
3 9
2 75
74 28
40 93
56 19
46 41
37 6
13 19
41 43
32 65
33 96
16 91
55 78
40 77
68 65
20 51
40 50
62 94
37 21
10 57
20 35
58 91
2 88
78 65
90 76
33 66
36 12
37 33
15 57
26 33
32 50
32 21
69 24
15 54
74 59
15 50
64 82
77 35
43 35
58 86
40 1
38 82
41 82
39 11
88 86
85 11
55 11
25 47
