5
15
19
31
11
27
100
0 97
9 99
72 33
0 9
0 95
0 40
72 43
0 22
0 8
72 88
0 88
0 74
72 86
0 54
72 29
72 45
0 5
32 95
32 80
32 12
72 24
0 18
32 24
72 4
0 51
72 39
0 23
32 43
0 94
72 53
72 51
0 13
72 98
32 90
32 8
0 49
32 69
32 65
0 29
72 83
0 83
72 73
32 97
72 80
32 41
32 34
72 64
72 82
72 65
72 58
72 18
32 87
72 21
72 74
32 74
32 78
32 77
72 17
61 97
97 33
49 99
62 99
67 99
81 33
94 99
65 78
78 33
8 33
84 99
28 99
48 99
34 90
1 99
68 33
86 33
85 90
53 33
51 99
75 33
36 99
71 99
54 99
58 99
2 90
5 33
16 90
86 99
56 99
39 33
77 33
6 33
36 90
25 99
59 33
53 99
66 33
8 99
71 33
21 99
17 99
