5
43
35
24
46
47
100
87 99
20 99
49 99
80 99
6 99
66 99
88 99
97 99
70 99
16 99
28 99
42 99
0 50
83 92
70 92
69 92
98 92
48 92
85 92
63 92
87 92
6 92
34 92
78 92
9 92
88 92
16 92
26 92
2 92
60 92
84 92
32 92
65 21
0 9
0 94
0 57
0 75
0 61
0 74
0 81
0 96
0 28
0 72
0 95
0 91
0 51
0 41
0 15
76 61
5 29
76 89
5 60
76 94
22 55
59 54
5 61
78 44
76 22
76 83
76 81
76 8
76 2
76 56
54 21
54 3
53 60
34 60
34 94
20 72
36 88
56 72
1 12
16 9
32 93
15 61
10 83
84 29
4 44
66 94
54 83
75 80
73 11
28 60
89 3
55 9
89 40
15 40
77 9
66 83
4 21
66 6
20 60
53 61
10 69
34 25
58 21
53 18
65 60
55 88
33 44
