5
96
83
81
87
37
100
97 99
95 99
40 43
39 43
29 36
36 41
34 41
35 38
35 41
34 38
35 42
34 42
36 38
27 31
29 35
32 35
27 30
28 33
28 31
32 36
26 31
32 34
26 30
26 33
28 30
29 34
84 85
84 88
33 34
33 36
40 36
31 36
39 36
35 30
82 65
75 65
68 70
67 78
66 78
67 70
67 73
76 73
74 71
67 84
79 78
68 73
74 84
80 84
74 65
79 65
80 70
74 70
82 73
76 71
82 70
79 70
72 84
77 84
77 71
80 78
78 84
74 72
67 79
66 79
68 79
76 72
80 72
80 79
66 76
82 77
68 69
67 77
68 76
75 80
74 69
76 77
86 89
90 98
97 89
90 88
97 94
91 98
90 95
90 85
86 93
86 94
91 95
97 93
91 88
86 92
97 92
86 91
85 93
85 94
85 89
92 98
92 88
94 98
95 93
95 89
