5
67
70
43
48
1
100
88 42
35 3
76 19
88 72
88 27
88 35
88 76
38 83
30 71
61 51
12 40
12 51
59 52
78 19
12 13
72 44
30 60
59 56
30 10
30 34
27 40
59 46
39 2
64 37
30 9
30 53
72 80
30 45
24 19
72 6
27 34
39 66
27 11
72 11
11 66
78 41
61 28
26 46
28 22
26 15
38 51
35 6
21 85
38 33
36 25
26 56
36 23
36 57
77 69
35 53
36 87
28 37
26 13
28 74
72 31
78 79
77 16
38 79
62 2
62 81
11 75
77 76
54 87
42 71
17 46
54 33
17 40
54 20
17 51
17 53
76 75
42 37
42 57
49 83
31 33
82 89
32 13
41 7
82 73
49 2
41 73
4 19
49 57
40 4
49 86
85 45
85 46
81 20
85 57
6 24
6 25
32 40
75 40
27 39
7 89
22 83
16 3
69 80
66 14
69 14
