5
91
75
83
87
53
100
82 90
78 84
81 85
84 92
79 88
82 86
79 84
10 19
54 63
78 85
66 72
62 70
77 80
72 80
76 85
77 85
81 90
76 80
71 80
78 86
82 84
79 86
82 85
77 84
77 86
81 80
81 84
81 89
82 88
81 88
74 80
81 86
82 89
82 80
76 84
73 80
78 80
79 85
89 90
89 97
85 92
84 88
89 94
89 88
89 96
86 94
89 93
86 92
84 90
85 90
85 88
89 95
80 88
85 94
86 88
89 92
86 93
84 93
85 93
86 95
89 98
0 7
5 13
0 4
14 23
5 14
0 2
5 3
0 1
5 8
5 7
0 6
0 3
5 12
5 9
5 11
5 4
5 6
5 10
0 8
5 2
0 9
59 63
64 71
69 70
68 71
62 64
59 64
56 64
62 67
62 68
62 65
59 68
57 63
55 63
59 65
49 57
62 69
52 57
62 71
