5
65
81
1
2
3
100
50 28
0 28
45 99
31 99
6 28
80 99
12 58
46 99
58 99
0 99
38 99
75 28
41 99
61 28
89 99
48 99
42 28
66 28
67 99
9 99
63 28
44 99
63 99
7 28
19 28
64 99
34 28
69 99
55 99
89 28
15 28
95 99
69 28
77 28
84 28
85 28
11 28
13 28
82 28
54 99
87 99
50 99
92 99
29 28
14 28
15 99
19 99
24 28
84 99
33 28
68 99
53 99
53 28
31 28
59 28
95 28
18 28
13 99
33 99
8 99
78 99
97 28
12 28
20 28
58 28
88 99
52 99
32 28
52 28
10 28
72 28
35 99
44 28
26 99
29 99
39 28
9 28
34 99
96 99
43 99
91 99
73 99
30 28
94 99
71 99
14 99
26 28
49 99
96 28
12 99
91 28
25 99
68 28
75 99
49 28
6 99
93 99
7 99
57 99
40 99
