5
6
7
29
96
34
100
0 68
0 37
0 21
0 61
0 90
76 16
58 5
31 53
59 62
78 53
76 58
59 50
70 46
76 5
59 68
59 77
27 99
76 25
70 5
59 27
70 47
59 90
59 71
59 3
59 74
60 99
72 64
28 64
81 1
88 66
28 62
28 57
28 99
33 64
72 66
88 64
8 53
54 42
68 84
9 1
72 99
68 8
54 62
9 57
68 26
15 71
40 57
9 19
88 94
94 84
19 62
60 62
26 66
37 56
87 16
42 53
14 62
97 64
46 53
44 57
25 53
27 66
8 66
13 57
71 66
35 84
17 16
67 57
81 39
41 53
88 32
82 99
78 66
33 53
63 64
32 64
74 32
65 32
91 5
87 5
52 1
44 53
33 39
58 64
86 56
60 32
30 57
14 69
12 84
77 84
95 53
49 5
97 62
41 5
86 62
77 39
77 69
63 84
87 66
92 49
