5
21
2
98
1
3
100
18 99
0 10
23 99
22 24
69 99
92 99
43 99
34 99
29 99
83 99
36 99
20 99
25 99
67 99
63 87
10 87
91 99
51 99
18 87
64 87
5 99
31 87
4 99
23 87
84 99
52 87
57 87
12 99
24 87
30 87
60 99
70 87
72 87
62 87
22 99
54 87
25 87
95 99
28 99
90 87
85 87
85 99
22 87
48 99
13 99
88 87
94 87
59 99
0 99
17 99
7 99
53 87
68 87
93 99
58 87
0 87
6 99
15 99
93 87
19 87
56 99
96 87
35 99
97 87
50 99
17 87
47 87
52 99
69 87
31 99
68 99
76 87
94 99
66 99
63 99
36 87
6 87
90 99
96 99
45 87
44 87
71 87
84 87
14 87
11 99
89 99
9 99
41 87
77 99
89 87
40 87
44 99
67 87
38 87
43 87
76 99
81 99
53 99
82 87
97 99
