5
13
36
44
2
9
100
0 16
0 21
0 50
57 60
22 14
22 35
22 40
22 59
11 60
22 15
22 56
22 17
22 42
22 31
22 27
46 35
22 6
22 51
22 55
59 60
20 35
20 14
57 35
22 3
4 14
22 32
22 16
22 58
40 60
22 45
22 7
22 28
22 10
22 34
22 25
54 35
57 14
22 21
48 35
22 12
22 33
22 24
8 35
22 38
18 14
18 35
39 14
4 35
22 11
22 50
22 30
37 35
22 49
22 29
22 52
22 43
46 14
39 35
48 14
26 35
15 60
22 19
22 47
37 14
8 14
22 53
54 14
22 41
22 5
22 23
1 35
26 14
1 14
16 35
46 58
14 60
22 57
4 43
46 45
10 35
22 54
11 35
21 35
48 58
30 35
4 17
29 35
22 18
42 35
3 35
39 45
4 31
48 43
22 20
48 56
46 47
5 35
34 35
22 37
22 8
