5
35
57
67
77
33
100
98 99
1 11
0 10
1 10
69 79
83 84
87 78
68 78
88 89
69 78
88 78
97 98
88 79
87 88
96 87
96 97
93 84
74 84
93 94
74 75
64 55
64 65
56 66
74 65
75 76
75 85
65 66
55 65
66 76
12 13
54 55
44 45
3 4
54 45
3 13
23 24
34 25
25 26
31 22
12 22
32 23
32 22
21 22
25 16
24 15
25 15
5 6
26 36
27 28
27 36
27 37
18 28
9 19
5 15
32 41
32 42
31 41
31 40
21 30
20 30
40 50
8 18
17 18
8 9
17 27
84 85
95 86
95 96
94 85
19 29
55 56
46 56
85 86
6 16
15 16
7 16
7 17
11 21
12 21
53 43
52 43
53 44
42 43
63 54
53 54
63 64
73 64
73 74
82 83
92 83
73 83
82 92
81 91
82 91
80 90
61 62
52 62
48 47
37 47
46 47
