5
11
81
9
8
14
100
35 41
52 89
54 74
35 93
74 41
1 93
36 41
2 93
25 89
90 89
38 89
18 93
48 65
44 89
18 41
80 89
56 93
65 93
72 89
67 89
86 93
4 93
79 41
51 93
21 89
57 89
28 89
56 41
43 89
5 41
68 41
6 41
53 93
32 93
39 41
62 93
80 41
82 89
0 93
26 89
55 41
48 41
91 41
64 41
46 93
25 41
20 41
84 89
10 41
44 41
53 89
71 41
50 41
31 41
47 89
57 93
20 93
70 93
75 93
75 41
17 89
87 93
85 89
26 93
0 41
52 41
63 41
92 93
58 89
1 89
12 93
67 93
43 93
64 89
77 93
29 93
45 41
58 41
86 41
50 93
57 41
73 89
28 41
52 93
17 93
79 89
88 41
86 89
65 41
30 41
70 16
61 33
54 13
0 46
3 16
35 61
90 38
48 47
54 40
3 55
