5
55
70
37
33
16
100
62 22
0 30
43 95
34 99
60 95
0 34
35 71
0 59
95 99
62 71
12 22
0 76
9 99
45 90
35 84
0 65
0 84
7 99
0 77
0 51
43 90
60 65
20 99
5 84
0 43
0 31
0 5
20 22
62 75
57 99
53 84
0 87
3 99
41 71
35 75
60 75
0 82
0 52
0 62
0 74
0 60
0 45
35 73
0 90
0 72
0 10
17 99
0 22
27 84
81 71
35 38
35 87
0 93
35 74
35 53
0 79
49 65
23 73
9 22
35 66
32 52
0 71
49 85
57 84
23 93
0 26
0 95
57 22
57 39
83 71
40 99
83 98
96 22
81 90
32 99
87 99
0 39
23 92
0 54
89 65
71 99
0 36
27 46
49 11
49 93
35 46
81 84
23 5
41 98
89 30
15 99
35 58
0 23
69 99
35 90
49 50
28 84
27 19
95 52
57 96
