5
26
11
14
24
30
100
86 96
0 56
33 4
25 1
33 28
89 32
52 96
0 33
31 42
0 94
54 82
89 10
0 54
0 61
0 82
0 46
0 36
0 89
0 53
0 63
0 84
0 86
0 67
0 34
88 6
88 13
88 44
88 15
67 59
88 34
88 67
88 95
88 86
88 55
88 31
88 48
88 74
88 78
88 82
88 92
88 81
88 91
88 21
88 43
88 94
27 32
94 1
58 32
12 84
43 84
64 29
63 29
63 42
90 52
77 84
64 6
82 32
44 61
46 52
47 10
12 10
22 13
37 76
35 84
42 32
25 32
92 32
46 32
48 96
31 96
94 6
70 32
6 32
67 32
8 96
50 96
68 32
3 96
40 32
22 32
48 32
29 32
72 96
41 32
15 32
35 96
54 96
58 96
66 96
80 32
21 32
61 96
65 32
78 96
3 32
70 96
86 43
25 37
33 44
51 37
