5
26
1
2
3
4
100
0 46
13 61
0 33
0 81
0 21
0 57
31 78
0 29
0 91
13 8
31 38
13 87
86 95
31 77
0 76
13 43
66 95
0 27
0 67
31 41
31 18
13 86
0 53
13 36
31 90
0 40
31 42
0 49
0 15
13 74
13 40
13 5
0 87
13 52
13 9
13 91
0 47
31 40
0 5
0 45
13 49
31 53
0 68
13 6
13 44
13 75
13 54
0 41
31 19
0 69
13 89
31 89
0 8
31 20
31 30
13 21
31 24
13 70
13 85
0 95
13 71
0 24
31 6
31 72
13 90
31 57
13 16
13 30
31 87
13 10
0 22
13 46
31 91
0 78
31 7
0 73
0 56
0 59
31 16
13 76
0 42
13 79
0 19
0 39
0 25
31 12
0 16
13 58
31 82
13 38
31 32
0 10
0 14
13 11
31 21
0 58
31 80
0 63
0 34
13 12
