5
78
60
9
4
39
100
0 79
77 79
0 31
15 31
34 55
1 31
52 50
1 79
72 50
24 7
2 7
26 68
0 74
61 74
30 68
76 74
1 68
65 29
3 29
0 29
0 34
2 34
1 34
43 51
3 51
66 51
0 46
0 58
24 58
69 76
2 58
0 71
28 55
2 46
25 57
59 57
2 59
3 52
77 57
1 58
77 58
62 71
65 71
13 31
14 71
0 42
42 59
20 76
77 76
1 59
12 31
5 52
62 59
45 76
41 23
75 47
73 47
35 56
0 18
1 18
2 18
53 18
19 1
61 1
26 1
2 28
64 1
2 73
66 53
3 28
36 1
75 73
0 28
0 73
38 1
33 53
54 1
67 73
77 1
2 1
30 1
49 1
48 1
69 1
11 1
3 72
42 1
66 73
0 53
70 1
64 72
48 73
14 1
16 1
19 41
70 72
43 28
44 1
63 1
43 1
