5
51
54
50
79
45
85
24 22
0 65
22 99
92 16
36 16
66 84
4 16
97 67
96 49
24 75
66 38
28 2
83 32
24 3
15 18
36 32
74 72
87 57
31 49
61 49
34 38
17 12
82 93
83 23
2 77
82 85
35 95
33 67
20 93
44 29
37 46
89 6
1 22
53 90
14 62
63 7
68 11
64 33
41 8
56 81
86 34
11 65
59 6
61 59
46 71
58 80
31 7
17 89
30 91
42 90
91 13
21 57
26 78
11 43
15 94
27 8
53 14
14 89
94 13
21 81
48 63
87 25
40 46
88 73
28 83
56 68
96 76
76 64
26 60
70 26
44 41
40 70
43 23
5 12
33 65
10 69
63 68
67 77
15 52
44 98
56 74
75 9
80 10
71 10
98 52
