5
77
25
44
33
90
100
47 99
49 75
82 99
98 70
85 70
55 99
78 27
0 66
0 31
85 66
78 61
38 70
6 99
58 99
71 70
51 75
16 75
75 70
7 70
69 99
0 70
24 99
73 70
95 99
60 99
22 99
5 70
56 70
48 99
80 70
93 99
69 70
48 70
66 99
36 70
63 70
51 70
18 70
74 99
43 70
0 99
1 70
86 70
67 70
46 70
81 70
61 99
71 99
10 70
63 99
30 70
51 99
98 99
38 99
23 99
30 99
24 70
28 99
16 70
20 99
32 70
56 99
75 99
59 70
9 70
78 53
79 57
76 23
45 57
85 82
0 53
14 22
18 57
47 66
43 22
14 23
93 84
37 57
74 82
55 23
16 53
85 10
85 3
47 41
45 23
16 82
78 23
58 21
29 46
58 2
97 22
55 51
78 63
86 23
16 66
5 46
85 86
27 23
73 10
95 57
