5
38
44
1
2
6
100
0 85
0 17
20 26
0 96
0 19
0 20
0 37
0 99
0 91
0 82
0 87
0 29
0 84
0 22
0 57
0 34
0 12
0 83
0 7
0 77
0 10
0 48
0 24
0 28
0 67
0 55
0 76
0 16
0 27
0 36
0 65
0 35
0 8
0 31
0 18
0 66
0 62
0 41
0 39
0 88
0 43
0 89
0 11
0 72
0 59
0 42
0 93
0 21
0 69
0 40
34 26
25 82
76 68
60 26
54 82
5 26
75 68
7 13
11 17
75 23
68 26
41 70
17 99
60 59
27 26
25 98
76 77
64 48
7 59
98 99
88 99
97 32
77 32
41 59
53 99
3 55
49 13
55 59
41 57
12 32
9 32
97 26
25 24
72 99
63 59
87 70
96 32
78 48
84 13
22 13
22 48
25 29
9 99
41 31
41 81
11 59
25 48
4 59
3 99
97 37
