5
14
84
1
2
3
100
37 9
0 13
0 51
0 77
0 55
0 87
0 31
37 66
0 92
37 64
0 63
37 33
37 49
37 92
37 56
37 81
0 46
0 67
37 67
0 59
0 95
0 60
37 17
37 74
37 77
0 91
37 63
37 83
0 68
0 9
37 53
37 45
0 49
0 48
37 55
0 71
37 51
0 64
37 82
0 65
37 72
0 73
0 97
0 22
37 6
0 88
0 42
0 24
37 11
0 57
0 4
0 16
0 36
0 25
37 12
0 28
0 18
37 90
37 35
37 68
0 96
0 82
37 88
0 40
37 40
37 30
0 74
37 8
37 73
37 61
0 44
0 20
0 17
37 41
37 20
37 23
37 71
37 44
0 90
0 43
0 80
0 30
0 52
37 29
0 12
37 36
0 15
0 45
37 87
37 86
37 97
37 34
0 94
0 34
37 18
37 52
0 6
37 58
37 80
37 69
