5
92
31
86
23
64
100
0 56
0 19
0 10
90 76
0 79
0 94
90 46
0 57
0 82
0 53
90 55
90 70
90 72
90 80
90 36
90 4
90 83
90 19
90 18
0 80
0 69
0 50
90 35
90 39
0 34
90 8
90 68
90 91
0 13
90 74
90 84
90 25
0 28
90 82
0 75
0 9
90 95
90 97
90 50
0 70
0 88
0 58
90 37
90 43
90 11
90 63
0 65
0 25
90 38
90 30
0 46
0 26
0 87
0 39
90 14
0 37
0 40
90 77
0 66
0 4
90 71
90 61
0 97
0 54
90 52
0 73
90 57
0 33
0 93
0 5
90 29
90 48
0 29
0 43
0 45
90 12
90 53
0 27
90 42
0 35
90 49
90 93
90 41
0 84
90 16
90 78
0 49
0 62
0 47
90 3
0 15
90 17
90 65
0 60
0 14
0 24
0 17
90 22
0 7
0 55
