5
72
88
1
2
3
100
69 98
0 65
0 69
0 41
0 63
32 83
32 98
32 46
32 38
32 52
0 30
32 12
32 53
0 54
0 38
0 22
0 23
32 44
0 84
0 56
0 33
32 23
32 11
0 6
32 85
0 7
32 68
0 80
0 40
0 26
0 16
0 25
32 97
0 36
32 58
0 29
32 22
0 5
32 42
0 27
0 9
32 94
32 93
32 95
0 60
0 90
0 87
32 40
32 77
32 70
0 77
32 65
32 96
32 92
32 7
0 57
0 70
0 47
32 34
0 74
32 75
0 94
32 6
32 21
32 4
0 62
0 98
32 51
32 82
0 92
0 19
32 14
32 45
32 74
0 10
0 58
0 35
0 89
32 33
0 78
0 50
0 82
0 48
32 57
32 29
0 81
32 36
32 19
0 59
32 59
32 71
32 64
0 86
0 28
32 56
0 67
32 69
0 64
0 79
0 20
