5
5
6
7
8
9
100
0 27
0 72
34 25
34 99
41 99
0 32
34 84
19 13
17 88
17 40
56 72
35 72
92 81
0 97
80 98
80 84
47 15
15 14
98 13
42 40
20 76
17 25
19 49
44 13
86 67
19 40
55 40
21 76
79 25
64 67
47 40
21 82
19 25
26 99
45 97
65 49
20 13
35 18
86 50
56 76
90 27
30 54
45 54
65 79
0 67
91 40
34 76
70 82
74 89
65 63
47 4
15 79
61 18
74 46
3 72
29 72
4 72
17 64
42 89
80 63
81 27
0 24
80 51
41 2
56 26
65 28
39 99
65 54
11 97
62 94
70 39
71 82
44 84
42 84
44 90
17 96
47 25
41 79
3 46
92 16
17 14
21 95
45 52
57 39
11 36
34 85
32 76
88 76
32 82
15 96
74 25
22 27
75 43
2 51
0 84
74 77
77 84
33 90
15 58
61 23
