5
41
98
14
84
18
86
36 99
0 40
53 78
69 78
7 79
58 99
78 99
32 64
17 86
57 64
33 64
11 48
6 64
37 56
34 13
73 38
8 97
92 38
52 13
68 58
97 38
89 27
63 50
34 3
54 50
51 3
37 24
83 82
24 15
34 10
51 2
91 45
35 32
77 68
44 68
62 2
56 45
55 74
90 2
63 68
65 11
28 94
73 72
63 22
76 47
44 46
46 81
1 22
29 74
33 72
66 32
22 20
5 39
78 23
77 94
44 85
19 97
12 76
24 42
31 90
90 29
52 78
70 93
91 19
96 16
17 1
62 16
51 61
71 61
30 21
12 61
24 65
97 92
60 92
70 31
12 54
45 43
70 83
8 44
8 77
70 88
33 80
69 87
96 71
32 3
59 97
