5
34
63
69
1
2
100
58 99
0 42
17 55
0 99
52 99
49 99
0 39
0 91
60 99
0 52
70 14
70 71
17 12
0 17
0 62
70 94
0 16
70 29
53 14
0 40
70 40
70 9
0 3
70 17
0 87
53 35
53 48
70 37
70 8
70 48
53 23
53 56
53 32
53 49
70 56
53 55
0 9
0 13
70 77
70 31
0 14
70 91
53 22
70 35
70 74
53 41
0 60
0 67
70 32
53 5
53 98
70 65
70 16
0 85
70 50
70 88
53 94
70 68
53 81
70 46
53 92
0 44
53 8
0 33
53 85
0 77
53 43
70 83
0 43
70 62
0 6
53 38
53 66
0 47
0 5
70 15
70 10
53 54
0 54
53 44
70 72
53 90
0 83
70 52
53 47
53 18
0 12
70 55
70 90
53 28
70 99
53 46
53 3
0 4
53 60
53 88
0 74
70 95
0 8
53 42
