5
18
26
21
67
59
100
51 94
73 94
49 94
93 94
62 94
8 94
6 94
32 94
87 94
34 94
84 94
4 94
47 94
83 12
0 84
8 12
0 16
0 46
8 13
37 13
91 11
39 63
8 71
71 13
29 69
37 85
0 43
17 63
61 13
80 53
46 13
85 12
69 62
93 62
40 13
49 63
80 11
34 12
55 13
0 28
89 12
69 13
76 11
28 11
49 92
57 13
34 11
78 92
1 63
41 13
79 25
51 53
34 53
84 11
36 25
61 63
16 12
22 92
22 25
16 11
14 13
6 92
27 53
2 53
1 62
51 12
0 25
35 13
24 25
69 53
14 62
23 92
93 92
90 11
80 12
22 13
70 12
82 63
64 11
54 53
74 11
83 53
42 25
86 25
22 63
55 12
82 12
44 62
52 53
83 11
39 25
76 92
90 62
87 92
81 12
68 11
43 11
0 53
23 25
33 12
