5
1
2
3
4
5
100
57 91
36 91
17 32
0 57
33 91
41 91
0 80
0 19
61 32
70 56
70 78
70 8
20 32
67 11
34 32
88 32
26 32
31 32
17 37
70 42
51 82
0 34
17 53
80 56
21 40
17 14
67 14
38 7
17 48
19 56
59 43
36 37
38 24
18 32
13 40
70 7
51 54
0 37
29 37
38 66
17 21
70 59
14 32
0 40
70 91
11 40
34 82
18 91
27 72
36 42
46 32
79 32
19 42
64 91
22 32
37 32
19 40
17 72
40 32
40 91
45 32
41 32
83 82
76 32
88 91
39 91
62 32
13 82
50 91
11 91
16 91
78 32
81 82
39 32
75 82
19 91
90 91
28 91
47 32
44 82
83 91
55 32
38 82
20 82
31 91
30 91
11 32
15 32
10 82
89 91
9 91
28 32
7 32
8 91
85 91
69 32
77 82
48 91
21 91
63 32
