5
1
11
58
2
3
100
92 64
64 99
85 99
48 99
12 99
71 99
63 99
68 99
82 99
8 99
57 99
51 99
14 99
23 99
83 99
90 99
89 99
29 99
92 99
60 99
49 99
95 99
16 99
50 99
87 99
81 99
53 99
35 99
77 99
46 99
76 99
74 99
72 99
59 99
9 99
61 99
33 99
43 99
98 99
34 99
20 99
44 99
27 99
54 99
31 99
55 99
75 99
79 99
73 99
94 99
24 99
62 99
45 99
15 99
5 99
28 99
17 99
70 99
13 99
96 99
30 99
18 99
10 99
39 99
97 99
52 99
25 99
4 99
78 99
0 99
80 99
19 99
26 99
21 99
42 99
6 99
37 99
32 99
36 99
56 99
41 99
47 99
40 99
91 99
7 99
84 99
69 99
67 99
66 99
22 99
38 99
88 99
65 99
93 99
26 83
92 59
20 30
26 40
92 83
13 86
