5
57
1
2
3
4
100
6 94
0 70
0 19
6 19
51 94
19 94
30 94
79 94
23 94
67 94
0 65
29 84
0 23
0 78
46 94
41 94
0 14
0 28
0 71
84 94
68 94
65 94
85 94
5 94
90 94
93 94
53 94
24 94
29 94
17 94
92 94
56 94
33 94
47 94
28 94
38 94
18 94
87 94
42 94
83 94
88 94
12 94
75 94
72 94
55 94
60 94
69 94
11 94
71 94
48 94
0 94
44 94
21 94
62 94
74 94
37 94
81 94
43 94
63 94
64 94
22 94
14 94
86 94
76 94
61 94
34 94
82 94
45 94
91 94
13 94
39 94
70 94
73 94
20 94
66 94
7 94
10 94
32 94
58 94
31 94
27 94
40 94
89 94
80 94
36 94
8 94
78 94
16 94
25 94
49 94
59 94
77 94
15 94
9 94
35 94
52 94
50 94
26 94
0 77
6 63
