5
25
27
28
35
40
100
0 89
80 4
4 89
66 89
65 89
42 89
2 56
67 56
78 56
4 38
31 38
87 38
48 38
57 38
75 38
77 38
53 38
20 38
9 46
80 82
0 66
80 43
0 85
0 82
22 15
0 86
0 73
80 1
0 78
22 67
80 77
22 36
39 84
39 30
39 86
22 68
22 70
39 73
32 7
32 43
32 88
32 65
83 6
83 60
12 71
83 11
83 78
12 62
12 6
47 78
47 76
47 62
68 31
68 1
68 60
63 26
63 49
88 65
88 71
68 18
68 42
68 88
68 5
13 84
29 31
29 6
29 21
29 33
13 64
63 48
29 16
68 58
13 20
68 82
13 57
13 24
13 58
29 7
13 5
29 43
42 34
64 72
30 6
64 66
42 31
64 21
26 53
26 62
42 23
26 10
64 67
64 9
30 84
42 17
30 3
42 51
42 15
30 53
42 6
42 62
