5
83
84
1
2
3
100
0 94
40 99
23 25
93 99
17 94
28 99
63 94
46 94
22 43
14 94
72 43
13 25
23 43
17 25
55 45
35 94
6 45
7 45
28 94
55 99
97 25
48 45
74 25
78 99
82 45
28 43
0 25
61 94
0 99
66 99
79 43
4 25
21 94
57 99
81 94
29 94
72 45
77 25
23 94
20 25
47 25
47 99
17 45
40 94
59 99
81 43
31 94
95 45
86 99
85 94
80 25
52 25
26 99
69 94
46 43
15 45
38 43
34 45
39 99
39 43
65 45
11 94
9 94
59 45
86 43
7 99
36 25
61 43
89 99
85 45
0 43
34 25
60 99
4 99
76 94
4 94
50 99
87 45
70 94
37 25
38 94
77 45
41 94
60 45
70 43
7 43
80 45
74 45
92 25
68 45
68 94
74 99
30 99
15 94
15 25
57 43
73 99
36 99
64 43
19 94
