5
83
49
1
2
3
100
0 12
0 53
0 10
0 66
0 92
0 4
0 57
0 55
0 87
0 36
0 90
0 11
0 45
0 50
0 95
0 13
0 24
0 78
0 74
0 75
0 34
0 6
0 93
0 65
0 22
0 56
0 5
0 67
0 73
0 71
0 33
0 51
0 89
0 58
0 47
0 80
0 76
0 31
0 21
0 60
0 82
0 77
0 91
0 23
0 52
0 29
0 41
0 32
0 26
0 39
0 64
0 9
0 46
0 18
0 85
0 16
0 15
0 40
0 88
0 79
0 17
0 72
0 86
0 25
0 38
0 48
0 59
0 42
0 43
0 68
0 62
0 54
0 44
0 8
0 14
0 94
0 28
0 30
0 69
0 61
0 35
0 84
7 89
7 21
7 86
7 94
7 12
7 20
7 81
7 31
7 28
7 8
7 82
7 34
7 72
7 15
7 66
7 26
7 25
7 84
