5
56
35
54
46
30
100
58 44
10 44
8 59
0 33
52 44
13 49
5 59
33 59
49 59
4 59
14 16
25 9
25 44
13 44
41 59
16 44
52 59
3 9
40 59
39 44
18 44
49 44
12 44
12 9
28 9
26 59
37 59
28 59
33 44
31 44
36 9
0 44
53 44
57 59
16 59
48 59
48 9
57 44
3 44
27 44
40 44
23 9
17 44
26 44
55 59
37 9
50 9
13 59
6 59
8 9
51 9
55 9
6 9
45 59
50 44
8 44
2 9
5 9
27 9
52 9
55 44
15 9
2 59
11 44
0 59
20 44
7 59
11 9
7 9
41 9
38 9
14 9
31 9
10 59
42 59
18 9
2 44
34 59
32 44
24 9
29 9
42 44
29 44
38 44
39 59
26 9
19 9
0 9
4 44
6 44
23 59
11 59
23 44
45 44
45 9
42 9
58 9
36 59
15 59
29 59
