5
1
2
3
4
5
100
0 99
20 99
0 69
17 69
27 30
76 69
65 99
19 24
51 30
33 87
86 24
30 69
87 69
54 99
36 97
76 94
47 94
76 97
75 97
68 99
20 97
28 99
96 99
24 69
48 69
18 94
90 99
44 69
39 94
87 94
77 99
46 94
30 94
70 97
52 99
27 94
57 99
25 69
20 69
75 69
33 94
49 97
84 99
95 69
13 99
9 94
44 97
39 69
6 94
38 99
80 69
65 69
22 69
46 97
88 97
18 69
48 99
23 69
73 94
16 94
34 94
8 97
11 97
47 97
87 99
72 97
78 69
66 99
92 99
41 99
50 97
22 97
42 97
70 94
25 97
71 94
63 97
42 99
19 69
31 99
62 97
47 69
17 94
78 94
52 94
7 99
12 69
73 69
7 97
89 94
10 94
86 94
70 69
89 99
17 99
49 69
80 97
83 99
92 69
90 69
