5
15
83
3
6
25
100
29 99
53 99
7 99
38 99
90 99
4 99
50 99
52 99
62 99
96 99
0 37
5 4
26 69
37 91
63 86
5 67
20 40
0 26
0 91
0 53
0 76
0 58
0 52
75 36
75 21
30 40
73 79
23 66
73 59
73 24
68 24
30 22
60 24
30 65
87 48
8 18
73 86
34 86
44 9
92 12
73 51
68 59
87 22
73 90
57 79
88 68
73 66
17 9
23 72
47 86
92 35
47 90
32 64
87 79
30 18
39 24
57 49
23 20
8 49
87 84
33 68
44 39
78 84
87 39
55 86
28 36
17 86
88 72
32 21
89 77
32 19
23 74
47 24
92 84
44 86
46 59
73 81
88 1
57 67
78 22
47 39
47 48
47 50
42 4
78 74
23 89
62 70
33 82
17 21
8 98
28 64
80 65
28 62
10 9
88 60
13 46
47 4
47 64
30 35
73 7
