5
32
54
14
74
21
100
0 99
33 16
61 16
33 66
53 16
33 86
17 99
39 16
61 8
98 8
33 83
0 57
0 75
0 95
0 11
0 61
0 38
33 49
0 98
33 95
67 60
67 96
0 31
33 70
67 31
33 45
0 17
67 53
67 10
33 50
33 27
33 91
67 35
0 80
67 41
0 28
33 1
33 10
0 23
67 97
33 80
33 42
67 52
0 18
33 96
67 8
33 24
33 59
67 49
0 36
67 42
0 70
0 25
67 88
0 79
67 63
33 22
0 43
67 66
0 83
0 40
0 84
67 82
33 65
67 72
0 22
67 40
33 13
0 35
67 71
0 81
0 59
33 53
0 82
33 88
67 85
33 51
67 76
33 99
33 29
0 66
0 60
0 1
0 47
33 25
33 76
0 53
33 9
0 15
67 15
0 3
0 76
0 58
0 55
0 51
0 42
33 58
67 98
0 37
67 56
