5
4
32
87
1
2
100
78 16
26 86
59 10
0 16
0 15
59 45
45 98
44 40
0 22
36 75
59 16
36 43
78 88
21 12
21 18
89 61
60 95
21 76
60 67
36 82
36 31
26 83
0 23
60 65
47 65
21 24
26 67
67 98
30 38
59 57
90 40
89 40
0 70
54 71
78 9
44 55
68 55
60 42
7 31
38 10
21 14
0 36
78 15
47 15
29 61
47 71
21 66
5 23
5 49
11 75
5 98
8 98
48 40
59 70
96 86
78 41
26 75
54 16
26 3
21 91
11 76
67 15
17 61
11 51
82 71
7 10
56 14
5 3
92 98
38 98
42 97
78 22
77 71
46 10
29 14
7 93
39 74
21 80
47 88
42 12
39 50
59 18
47 18
54 81
59 40
94 40
78 19
89 17
11 70
52 14
84 14
5 62
7 74
11 34
26 41
21 88
59 25
48 91
92 91
56 45
