5
51
95
1
2
3
100
22 92
0 42
22 96
22 65
22 6
0 92
0 46
22 34
0 57
22 57
0 13
22 31
22 38
0 75
0 39
22 72
22 27
0 82
22 75
22 10
0 87
0 14
0 70
0 28
0 61
22 70
0 63
22 44
22 61
22 17
22 21
22 50
22 25
0 10
22 52
0 76
22 63
0 62
0 19
22 35
22 23
0 41
22 83
22 87
22 26
0 77
0 12
22 45
0 21
0 74
0 40
22 39
22 19
22 71
0 36
0 68
22 14
22 93
22 30
0 65
0 53
0 18
0 91
0 96
22 37
0 31
22 32
0 50
22 62
22 42
22 60
22 33
0 54
0 4
0 84
22 69
0 64
0 37
0 58
0 83
22 9
0 20
0 60
0 45
0 44
0 78
22 56
0 23
22 90
22 68
0 38
22 20
22 86
0 72
22 40
22 12
0 5
0 29
0 80
22 80
