5
50
70
64
52
37
100
48 99
4 99
8 99
51 99
26 99
2 99
20 99
23 99
31 84
27 68
0 44
84 68
1 35
48 10
48 91
0 48
90 91
82 91
31 91
3 91
5 93
0 69
0 7
0 86
73 67
5 72
81 71
57 35
31 33
90 72
31 90
5 79
0 54
5 24
26 67
0 66
0 13
0 62
0 26
0 34
0 96
31 9
31 63
5 48
31 94
31 95
31 42
5 17
5 63
5 88
0 12
65 71
21 93
17 55
11 71
36 67
83 91
82 86
40 75
40 93
17 14
17 39
35 68
67 68
17 68
93 91
14 68
71 68
38 68
65 68
47 68
53 68
94 91
58 68
53 91
28 91
19 34
88 54
75 54
38 54
58 34
21 22
73 34
22 54
16 34
55 54
10 34
24 34
61 34
16 54
45 54
9 54
96 54
45 34
53 54
72 86
82 79
72 73
47 57
17 13
