5
28
93
26
24
47
100
0 71
48 80
1 80
92 66
60 80
10 36
78 52
71 2
0 98
70 66
81 99
78 34
9 2
63 2
25 31
91 49
64 72
92 45
20 59
0 43
92 42
36 49
76 72
3 61
20 72
83 2
0 61
85 2
19 75
43 72
18 85
12 44
63 45
78 72
6 40
78 49
50 59
74 83
92 40
15 99
44 31
82 89
70 17
15 7
10 77
36 37
23 95
20 43
21 45
32 2
13 42
76 43
41 95
10 99
39 66
18 39
14 68
48 46
6 61
27 37
35 72
38 75
41 77
23 7
32 72
65 80
38 59
91 99
98 42
9 83
25 45
81 80
64 89
52 49
5 99
30 83
62 7
73 83
10 61
92 58
10 66
60 45
97 40
57 31
19 4
18 61
29 68
54 7
15 45
20 34
27 31
21 83
48 38
15 66
73 85
79 99
74 31
84 33
48 61
97 7
