5
57
98
1
2
3
100
0 52
40 29
29 52
53 99
36 99
24 15
19 99
65 52
40 18
24 67
30 52
83 99
53 45
45 52
44 52
74 52
75 99
50 99
97 52
76 99
19 52
72 52
92 52
63 99
66 52
82 99
20 99
70 99
7 52
27 52
34 52
89 99
13 52
6 52
87 99
51 99
21 99
90 52
94 52
29 99
64 52
15 52
88 99
60 52
22 99
69 99
7 99
8 99
80 99
4 52
69 52
39 52
56 52
5 99
22 52
48 52
76 52
20 52
37 52
61 99
42 99
53 52
18 99
85 99
91 99
26 52
39 99
78 52
92 99
32 99
71 52
44 99
82 52
71 99
66 99
93 99
12 52
59 52
40 99
68 52
24 99
81 99
84 52
31 52
70 52
58 52
24 52
91 52
45 99
54 99
16 99
9 99
34 99
81 52
33 52
73 52
49 52
90 99
10 99
67 99
