5
19
1
2
3
4
100
18 37
0 31
18 41
39 86
0 87
94 69
94 73
94 9
18 80
94 74
94 31
22 41
94 21
0 27
84 26
18 69
94 75
18 76
0 86
43 95
94 88
18 22
94 5
84 38
23 52
0 68
60 96
94 23
83 35
18 42
0 93
94 82
0 74
18 66
94 83
94 71
0 38
0 44
0 13
0 45
0 47
94 8
18 82
18 14
0 39
0 64
18 63
94 58
0 32
0 96
94 66
18 62
94 54
94 17
0 91
0 82
18 34
18 73
0 95
18 23
18 12
0 52
94 89
18 39
18 20
94 30
18 5
94 15
0 35
94 49
18 7
0 20
0 57
94 59
18 53
0 26
94 57
94 84
18 56
18 8
0 21
0 66
94 53
94 39
94 77
94 7
94 52
18 11
0 61
0 37
0 79
18 88
18 9
94 26
94 50
94 43
18 91
0 25
94 10
0 30
