5
8
61
1
3
12
100
0 44
79 17
82 47
0 79
62 22
63 22
63 47
38 47
35 39
2 75
35 51
71 99
59 22
78 64
86 22
87 99
37 6
48 99
72 22
78 66
37 64
4 22
79 51
2 67
0 39
39 51
0 49
48 92
94 42
42 92
9 99
80 47
35 59
84 48
89 27
19 47
35 80
25 67
84 79
59 51
16 44
57 99
11 47
70 22
37 5
5 51
78 9
43 44
34 7
89 99
23 39
25 24
28 6
46 92
62 15
43 51
25 87
87 44
7 39
84 93
28 5
82 5
5 75
39 44
55 22
68 47
67 51
7 92
21 92
95 92
34 15
97 22
55 51
59 92
9 22
60 47
2 44
78 91
6 99
24 92
98 22
63 44
98 92
19 44
26 44
87 92
36 15
54 22
30 44
49 10
20 91
35 47
85 47
69 22
26 22
55 44
69 92
59 10
69 47
82 51
