5
1
2
3
4
5
100
0 99
70 76
86 99
82 76
25 99
0 71
29 67
75 80
80 99
64 99
53 76
22 99
68 76
21 99
61 76
7 76
93 99
37 76
16 76
60 99
61 99
11 99
79 99
35 76
89 76
54 99
92 99
6 76
81 76
42 76
34 99
32 76
59 76
53 99
66 99
84 76
83 99
87 76
96 76
82 99
20 99
32 99
42 99
13 76
62 99
58 99
45 76
52 76
75 99
22 76
51 76
90 76
18 76
10 99
73 76
84 99
81 99
65 99
58 76
14 76
57 99
85 99
40 76
24 99
30 76
47 99
38 76
78 76
73 99
54 76
49 76
29 76
34 76
9 76
31 76
33 76
14 99
11 76
16 99
23 99
92 76
39 76
50 76
8 99
19 76
60 76
12 76
17 99
67 99
89 99
48 99
18 99
95 99
64 76
17 76
38 99
40 99
68 99
51 99
74 99
