5
21
68
74
3
4
100
0 36
0 9
0 84
0 91
0 58
0 27
0 72
0 37
0 31
0 23
0 13
0 57
0 76
0 79
0 69
0 67
0 94
0 12
0 44
0 19
0 34
0 75
0 59
0 66
0 61
0 10
0 28
0 63
0 51
0 85
0 39
0 40
0 53
0 18
0 15
0 70
0 17
0 64
0 46
0 93
0 50
0 78
0 60
0 87
0 20
0 90
0 11
0 95
0 92
0 41
0 32
0 54
0 47
30 72
66 96
25 30
29 42
87 20
35 30
27 38
35 76
49 20
82 28
26 28
35 25
47 92
16 72
67 72
75 28
45 88
35 55
35 38
35 70
35 72
35 7
35 33
35 43
35 60
35 56
35 85
35 67
35 59
35 36
35 96
35 28
35 47
35 52
35 2
35 39
35 6
35 26
35 90
35 51
35 18
35 46
35 14
35 66
35 34
35 5
35 61
