5
5
30
31
35
43
100
0 42
0 66
0 16
0 1
0 4
0 7
46 79
0 46
0 2
0 24
0 12
0 41
0 18
0 19
0 59
0 58
0 56
0 26
0 70
0 68
0 25
0 51
0 9
50 15
50 74
50 40
50 75
50 13
24 79
50 51
50 53
50 67
50 6
50 47
50 45
50 12
50 69
50 27
50 57
50 46
50 77
50 78
50 68
50 4
50 48
50 9
50 76
57 79
23 45
22 75
23 8
57 47
22 77
57 73
57 32
22 76
56 61
23 54
22 73
57 65
57 16
71 79
56 24
77 58
10 26
62 32
57 19
66 49
9 73
54 37
57 75
56 62
36 34
54 47
36 49
54 49
56 74
23 7
23 58
64 3
22 37
57 1
57 7
9 59
36 79
56 17
66 4
56 32
22 3
23 74
56 72
23 37
9 33
57 9
56 47
57 2
57 33
22 28
57 6
23 72
