5
14
27
36
1
2
100
81 99
57 99
0 46
5 99
38 15
40 99
53 99
88 15
41 99
0 75
80 97
11 99
60 99
75 99
15 99
38 99
70 99
32 99
50 99
17 99
79 99
16 99
91 99
47 99
65 99
0 99
52 99
67 99
9 99
89 99
37 99
72 99
56 99
59 99
48 99
61 99
92 99
73 99
49 99
69 99
35 99
83 99
42 99
62 99
58 99
86 99
30 99
55 99
54 99
23 99
97 99
3 99
84 99
28 99
44 99
24 99
39 99
43 99
96 99
26 99
94 99
29 99
8 99
31 99
33 99
66 99
7 99
21 99
34 99
88 99
6 99
51 99
74 99
13 99
45 99
64 99
85 99
76 99
98 99
82 99
46 99
78 99
80 99
63 99
4 99
18 99
22 99
71 99
68 99
95 99
25 99
93 99
77 99
20 99
90 99
10 99
87 99
19 99
0 83
80 60
