5
1
2
3
4
5
100
0 99
34 99
0 15
14 99
0 98
23 25
42 24
47 24
0 60
22 24
25 99
93 90
23 38
19 24
12 15
81 99
44 7
89 24
52 96
76 60
23 42
0 79
76 98
84 20
47 20
14 24
47 15
0 75
23 71
90 99
78 96
6 72
32 99
62 99
33 53
53 96
0 44
56 24
0 96
46 96
0 55
14 29
33 60
34 60
57 48
25 98
49 67
53 15
80 42
0 20
46 99
23 24
23 96
67 96
8 13
33 84
23 85
47 48
10 98
0 24
47 96
14 15
73 15
16 13
0 35
14 10
14 19
73 92
25 19
6 93
14 75
33 92
47 98
6 11
6 18
53 24
65 24
63 96
80 15
12 60
58 59
23 52
77 84
49 39
40 85
33 44
82 72
6 61
33 89
0 42
97 62
81 38
47 99
67 99
37 99
47 59
80 60
35 60
76 52
53 52
