5
52
61
71
33
25
100
17 99
73 34
0 74
73 90
77 99
0 22
73 19
12 47
47 22
55 99
96 22
21 99
50 22
91 99
2 22
5 22
32 22
51 22
73 99
39 99
34 99
18 22
3 22
30 22
60 22
37 22
91 22
27 22
6 22
43 99
63 22
66 22
59 99
98 99
19 22
76 99
87 99
21 22
84 22
36 22
67 22
45 22
43 22
11 22
65 99
79 22
68 22
23 99
92 22
69 99
26 22
16 99
65 22
15 22
57 22
0 99
75 22
11 99
70 99
62 99
12 22
12 99
2 99
69 22
56 22
78 99
44 99
90 22
68 99
67 99
92 99
80 22
93 99
59 22
49 22
50 99
7 99
9 22
81 22
62 22
19 99
88 99
72 99
83 99
4 22
93 22
28 99
66 99
86 99
29 99
88 22
38 99
77 22
37 99
23 22
15 99
24 99
39 22
0 54
73 12
