5
88
31
72
41
75
100
0 55
85 59
85 32
0 10
0 21
30 99
0 85
0 66
0 4
64 59
51 45
0 38
64 38
44 33
44 32
86 99
0 53
13 27
80 32
43 86
63 32
0 46
16 11
16 76
0 49
0 22
16 99
13 86
6 10
0 80
14 89
0 23
0 18
16 24
25 99
0 6
3 73
0 27
0 14
79 23
34 99
9 35
93 66
81 38
43 33
7 47
0 89
9 15
79 64
0 1
0 20
0 8
0 83
51 99
0 42
13 17
43 24
20 38
0 59
79 83
13 4
8 59
79 32
3 84
43 51
9 99
54 99
79 29
44 35
44 50
0 17
79 54
79 70
0 45
8 89
0 19
79 73
79 98
9 78
81 95
0 82
93 10
44 15
81 96
7 20
9 32
8 55
50 15
9 12
8 12
63 27
79 56
79 96
7 24
6 70
43 1
7 45
6 49
79 34
63 6
