5
17
16
22
27
10
100
48 51
47 50
48 49
48 50
47 51
48 52
47 52
47 49
46 49
45 51
46 50
45 50
46 51
45 49
45 52
44 46
42 46
41 46
39 43
40 43
38 43
37 43
48 43
47 43
44 45
41 45
40 42
39 42
38 42
37 42
48 42
44 47
38 41
39 41
40 41
37 41
39 44
40 44
38 44
36 37
34 37
35 37
30 33
29 33
32 33
31 33
40 33
39 33
36 38
34 38
29 35
30 35
31 35
32 35
39 35
36 40
30 34
29 34
31 34
32 34
30 36
29 36
31 36
26 32
28 32
15 19
14 19
15 20
15 18
13 19
14 18
13 18
14 20
23 25
24 25
21 25
30 25
29 25
28 31
23 26
24 26
21 26
30 26
23 28
24 28
12 13
11 13
20 21
23 18
24 18
23 19
8 9
5 9
7 9
6 9
15 9
12 14
6 11
5 11
7 11
