5
30
28
40
66
1
100
11 97
0 23
53 97
24 97
89 80
0 74
54 16
8 97
70 16
68 97
52 80
74 23
46 97
35 97
6 80
35 23
31 23
64 23
37 23
38 16
92 16
2 97
19 97
54 23
20 23
82 80
24 23
82 23
95 97
6 97
36 97
39 80
95 23
10 23
36 23
56 16
31 97
77 80
83 80
51 23
4 23
48 16
21 97
91 23
61 16
7 97
37 80
42 80
55 80
49 16
64 97
78 80
9 23
83 97
47 23
39 97
65 23
71 23
86 23
34 16
5 80
63 80
77 23
78 16
26 80
15 80
84 23
64 16
82 16
51 16
3 23
74 16
24 16
90 16
85 23
2 16
89 97
91 97
50 97
57 80
48 23
76 80
15 23
47 80
68 80
12 80
18 16
89 16
34 97
49 97
41 97
33 97
92 80
49 80
34 23
17 16
12 97
43 80
29 23
14 80
