5
8
32
1
2
3
100
33 50
0 20
45 50
43 50
20 50
6 50
29 50
38 50
21 50
19 50
46 50
25 50
48 50
0 50
17 50
36 50
37 50
18 50
39 50
28 50
27 50
4 50
12 50
13 50
24 50
47 50
41 50
30 50
9 50
31 50
44 50
5 50
34 50
15 50
11 50
49 50
22 50
26 50
10 50
16 50
23 50
14 50
40 50
35 50
42 50
33 7
46 5
13 7
23 7
30 34
6 7
18 19
43 49
41 21
0 44
13 17
46 7
0 45
43 37
27 49
43 24
9 5
0 6
4 37
0 19
0 12
31 17
30 26
30 25
25 38
46 37
33 5
30 10
14 21
43 9
11 5
31 38
41 20
30 15
46 9
39 24
23 19
30 28
45 26
43 40
11 21
4 9
45 29
15 38
27 15
31 7
41 36
6 37
21 7
31 28
39 44
23 34
43 16
45 47
11 40
