5
18
20
9
28
53
100
62 99
39 99
35 99
19 99
36 33
61 33
50 33
65 78
69 33
92 33
73 33
76 3
96 3
64 3
62 3
65 6
98 3
72 3
77 6
91 6
56 6
63 6
59 97
12 52
12 40
30 42
49 35
60 52
5 41
5 73
59 40
60 64
85 40
21 73
15 40
94 86
2 97
94 51
87 73
21 46
29 81
19 71
65 93
65 61
49 15
30 41
39 52
59 51
49 72
65 1
29 77
5 77
50 13
76 52
36 61
44 22
21 78
60 38
8 41
67 71
17 13
14 97
98 40
94 81
85 22
2 44
49 88
50 96
94 78
85 16
90 63
77 16
69 46
50 61
43 42
67 64
29 23
87 16
54 13
30 95
81 61
44 61
56 71
4 96
8 62
11 55
43 64
49 5
34 92
4 92
65 47
8 47
76 43
76 56
7 61
39 82
31 55
30 43
39 93
98 52
