5
57
56
98
1
77
100
0 67
65 99
47 69
82 9
19 48
47 54
46 37
53 41
40 28
38 28
25 62
53 62
58 87
64 9
19 85
67 35
46 54
95 62
67 99
31 41
65 28
47 2
67 26
53 6
46 55
94 10
52 68
81 62
53 97
47 30
38 54
64 24
82 45
23 93
91 54
23 63
53 55
81 9
65 20
75 48
90 36
72 83
91 69
32 62
46 76
81 26
82 79
17 63
58 36
64 51
66 63
67 75
65 84
86 69
33 69
66 16
60 93
95 48
23 68
15 43
82 29
52 73
21 48
12 99
91 80
12 84
44 83
21 97
30 69
80 36
11 97
13 10
31 6
32 71
86 41
80 4
22 34
74 51
94 2
8 51
72 84
52 27
53 18
27 51
33 35
23 85
81 76
16 48
38 20
32 76
17 45
25 26
66 10
78 34
3 55
67 97
67 71
70 97
66 7
18 83
