5
54
21
1
2
3
100
0 14
0 94
0 8
0 27
0 46
0 24
0 6
0 42
0 31
0 34
0 13
0 59
0 15
0 51
0 69
0 91
0 4
0 39
0 99
0 85
0 79
0 72
0 52
0 10
0 29
0 97
0 64
0 76
0 25
0 55
0 19
0 33
0 44
0 77
0 65
0 50
0 92
0 49
0 71
0 22
0 60
0 98
0 9
0 5
0 81
0 30
0 58
0 36
0 35
0 20
0 53
0 66
0 74
0 37
0 90
0 62
0 86
0 70
0 56
0 73
0 45
0 75
0 11
0 40
0 16
0 26
0 83
0 93
0 17
0 47
0 63
0 67
0 84
0 18
37 99
89 13
41 99
97 99
24 99
56 99
74 99
24 70
70 99
49 99
4 99
81 99
9 99
34 99
52 99
27 99
33 99
22 99
28 99
92 99
7 99
86 99
71 99
30 99
60 99
8 99
