5
1
16
26
36
42
100
0 8
0 2
0 7
0 9
10 11
0 3
10 12
0 6
0 5
10 15
0 4
10 17
10 18
10 19
10 20
10 13
93 99
83 91
87 91
87 95
96 99
90 99
74 89
86 95
85 95
85 91
81 91
88 95
84 91
98 99
80 89
86 91
81 95
79 89
98 89
83 95
96 89
87 94
88 91
76 89
85 94
82 91
93 89
97 99
82 95
86 94
92 99
97 89
81 94
84 94
72 89
75 89
84 95
73 89
77 89
90 89
82 94
88 94
78 89
83 94
71 89
63 73
64 73
85 92
83 92
88 92
87 92
86 92
82 92
84 92
79 81
86 74
75 81
63 74
78 81
61 74
87 74
70 74
67 74
77 81
90 81
59 62
76 81
88 74
75 62
55 62
98 81
54 62
96 81
68 74
80 81
58 62
68 71
83 71
79 62
77 62
72 81
82 71
85 71
53 62
