5
1
2
3
4
5
100
0 99
0 22
76 68
0 85
52 29
0 31
20 22
9 68
95 68
9 16
27 68
9 22
0 69
0 7
0 52
0 76
90 49
14 43
14 46
56 60
9 83
20 64
0 10
9 95
9 31
69 68
14 52
14 17
14 68
14 41
74 99
63 68
0 94
14 33
9 45
9 23
20 82
86 49
9 61
70 85
73 21
70 22
0 91
70 83
86 71
9 26
70 21
67 36
45 60
86 84
14 97
0 93
86 10
73 59
0 60
20 62
7 94
67 21
19 99
73 7
63 22
59 99
82 38
73 16
73 96
70 95
14 80
74 91
17 22
70 78
9 47
9 11
20 98
67 35
56 84
74 68
70 91
14 65
73 63
73 82
14 40
9 49
9 60
70 18
67 17
73 99
9 92
14 24
70 27
70 90
73 15
86 82
0 36
14 44
67 94
20 88
14 88
86 88
70 68
14 51
