5
41
87
1
4
15
100
0 58
28 34
26 58
56 29
28 59
56 19
28 45
77 81
71 68
62 6
39 43
77 2
62 37
56 62
77 61
70 93
77 50
0 48
28 58
16 34
26 9
56 3
28 50
0 62
21 34
71 9
56 78
39 42
28 91
39 37
71 69
0 18
76 35
70 35
28 5
28 20
77 67
56 33
16 22
56 44
71 48
28 33
39 92
71 19
77 25
0 70
71 6
56 7
21 53
39 58
16 50
76 81
21 29
16 2
21 49
56 54
56 13
0 73
16 76
21 45
28 69
56 66
56 69
71 60
56 17
39 60
26 47
28 27
16 68
71 13
16 85
28 18
21 5
28 82
77 10
39 38
77 45
71 14
0 50
26 33
71 10
16 70
56 72
39 54
39 65
56 24
71 80
56 30
77 90
28 49
39 45
77 34
39 63
71 37
39 81
28 22
39 40
0 35
56 32
21 24
