5
24
1
2
3
4
100
35 68
0 63
0 89
36 63
0 86
74 63
20 68
36 19
20 63
0 80
65 99
53 99
45 9
12 99
42 63
20 19
35 46
0 46
59 10
35 61
95 30
45 76
86 68
82 68
66 90
36 13
71 90
52 68
74 50
87 10
44 63
69 68
35 96
70 19
58 28
61 90
67 19
54 88
0 17
39 63
86 85
36 85
74 18
42 10
37 13
0 45
0 96
0 33
0 85
0 31
0 79
0 81
0 41
0 61
0 77
0 21
0 34
0 32
0 43
0 35
0 29
0 82
0 19
0 20
0 68
0 16
0 8
0 38
0 26
0 62
0 76
0 72
0 67
0 83
0 90
0 57
0 70
0 73
0 98
0 11
0 30
0 84
0 5
0 64
0 36
0 42
0 6
0 23
0 95
0 69
0 25
0 97
0 65
0 40
0 94
0 7
0 78
0 92
0 44
0 14
