5
98
93
10
12
14
100
0 43
0 26
0 65
0 66
0 54
0 35
0 89
53 19
0 67
0 53
0 80
0 85
0 64
0 57
0 17
0 23
68 11
34 28
4 20
4 75
64 21
8 27
96 46
68 49
34 88
75 21
5 21
33 48
34 58
8 46
87 26
67 99
23 49
6 21
70 26
60 29
59 26
13 83
34 24
13 7
64 20
75 56
40 17
68 35
72 80
80 99
18 20
40 21
8 20
56 49
8 99
59 49
64 48
47 49
54 99
32 99
66 99
3 49
17 11
47 46
31 26
89 20
23 88
34 30
55 21
52 26
36 48
36 99
66 7
33 11
55 99
3 83
33 20
35 20
18 7
23 7
72 48
77 21
87 85
27 88
27 46
50 48
44 7
97 21
37 26
72 65
54 83
92 26
65 29
27 11
90 7
18 21
78 88
57 48
9 48
66 29
3 11
72 88
90 26
67 20
