5
4
6
8
9
13
100
0 21
49 24
0 29
0 88
49 33
0 26
0 18
49 91
49 51
49 80
0 69
0 14
49 2
49 62
3 98
0 68
49 70
0 70
49 3
49 93
0 72
49 31
0 57
0 27
49 53
49 55
0 61
0 56
0 91
0 83
0 84
0 53
49 87
0 48
0 75
49 10
0 54
0 35
49 27
49 67
0 20
49 57
49 19
0 67
49 20
49 92
49 39
49 97
49 88
0 50
49 52
0 19
49 89
0 86
49 37
0 95
49 38
0 64
49 86
0 73
0 80
49 14
49 35
49 75
55 41
40 21
60 98
40 96
55 65
40 62
55 40
55 77
55 1
55 43
55 58
55 39
55 12
55 67
55 14
55 3
55 54
55 63
55 21
55 78
55 35
55 26
55 95
55 19
55 30
55 32
55 57
55 5
55 52
55 84
69 97
69 74
69 84
69 93
5 46
59 41
