5
2
65
76
1
3
100
14 79
54 26
89 48
0 68
0 44
88 58
72 48
68 48
72 33
61 22
9 79
80 79
91 79
9 24
54 33
28 58
9 26
61 7
0 79
72 79
68 52
19 57
14 44
0 8
14 20
54 60
30 86
0 19
24 79
54 59
74 58
0 40
61 75
0 48
30 67
28 67
16 43
72 63
0 66
0 14
62 26
0 62
61 28
0 82
61 64
61 48
0 59
61 5
0 85
61 59
61 50
0 93
61 85
0 81
61 87
61 56
61 12
0 64
0 15
0 90
61 18
0 49
0 67
0 69
61 74
61 84
61 94
0 5
61 20
61 9
0 26
0 29
0 55
61 42
0 87
0 6
0 51
61 53
61 55
61 46
0 57
61 81
61 32
0 20
0 18
0 70
61 86
61 58
0 78
61 6
0 53
0 83
0 10
0 63
0 56
0 72
61 77
61 90
61 30
61 21
