5
36
1
4
6
11
100
0 49
0 81
0 62
0 56
0 60
0 15
0 57
0 63
0 68
0 91
0 47
0 75
0 48
0 58
0 45
0 93
0 40
0 30
0 80
31 41
31 49
31 21
31 42
31 85
94 9
94 8
94 63
31 66
31 65
94 17
31 14
31 63
94 54
94 48
31 13
31 16
94 66
31 8
94 87
94 37
94 41
31 20
94 53
94 57
31 73
31 50
94 64
31 25
31 78
94 39
94 42
94 47
31 48
31 53
94 28
31 77
94 69
31 12
94 74
94 91
94 40
10 8
27 30
10 27
10 84
10 38
10 48
10 39
10 77
10 30
10 58
10 52
10 53
10 70
10 16
10 57
10 72
10 43
10 85
10 64
10 20
10 79
50 56
50 16
33 51
48 78
64 57
33 89
33 92
22 58
33 35
48 14
50 83
64 30
33 2
77 90
77 52
48 87
63 16
66 68
