5
2
48
1
29
51
100
0 69
21 79
62 79
6 60
45 47
43 55
12 60
57 47
0 73
52 60
12 46
16 67
5 47
10 55
19 36
73 36
17 55
77 60
9 34
62 47
67 60
55 79
69 79
27 45
25 6
63 32
21 58
21 59
25 44
4 13
21 63
0 45
43 59
4 20
24 5
4 37
16 59
11 13
75 6
17 42
16 9
24 10
16 37
16 23
65 64
28 64
57 20
75 32
12 28
25 67
37 30
43 77
43 42
4 8
75 45
57 63
16 53
62 58
7 30
77 32
3 20
67 22
18 64
37 22
7 59
19 77
10 6
12 73
53 5
17 22
3 78
7 58
10 71
67 59
8 71
8 45
7 44
62 30
8 42
53 58
67 52
3 44
10 22
53 63
3 52
61 28
19 33
20 45
20 44
73 76
73 56
17 19
35 18
68 7
17 8
43 61
68 18
21 31
27 12
58 45
