5
35
98
1
3
5
100
0 77
83 50
19 87
58 99
83 21
83 31
71 73
43 79
7 99
19 41
51 36
65 79
71 89
8 59
83 99
0 51
83 7
6 77
0 99
71 66
6 79
6 93
18 99
71 67
71 14
71 77
71 42
0 33
6 90
45 42
0 46
0 88
0 75
19 75
0 52
0 54
45 49
71 34
0 18
83 59
19 58
83 74
19 44
83 41
6 73
71 82
45 79
71 59
6 41
45 82
6 87
71 18
71 62
45 48
0 80
0 59
0 40
71 31
83 68
83 76
0 48
6 21
83 58
0 89
83 81
83 46
71 44
83 43
71 85
0 12
45 87
71 32
0 70
6 37
19 18
6 82
83 22
45 36
83 47
71 90
83 92
45 18
71 74
71 75
6 61
0 39
0 23
0 69
45 27
19 21
83 51
19 91
19 93
71 54
71 61
45 61
71 25
83 70
0 82
45 33
