5
86
74
72
3
37
100
96 99
22 83
0 57
0 69
0 60
0 56
0 95
0 73
0 82
0 75
84 77
92 33
92 36
92 88
84 32
8 9
97 30
4 56
84 97
92 57
92 96
92 79
92 53
92 7
84 10
92 13
84 62
92 95
84 68
84 16
84 78
92 67
84 80
92 5
92 17
84 12
92 24
84 17
92 1
84 40
52 49
52 80
52 99
52 41
52 48
52 81
52 46
52 29
52 36
52 79
52 17
73 21
73 69
79 59
49 56
25 56
20 82
79 83
57 76
87 76
48 83
40 76
73 80
19 69
75 11
64 99
63 33
79 82
82 41
19 46
59 77
24 30
46 9
61 10
28 83
14 29
1 56
22 9
88 77
55 29
8 95
55 91
87 9
55 89
30 41
28 78
24 41
61 41
48 99
27 83
78 80
17 91
22 89
28 80
17 14
40 64
43 41
17 5
13 33
87 5
