5
1
2
3
4
5
100
0 99
0 86
0 87
0 88
0 89
0 90
0 81
0 82
0 83
0 84
0 85
0 71
0 72
0 73
0 74
0 75
76 71
76 72
76 73
76 74
76 75
77 71
77 72
77 73
77 74
77 75
78 71
78 72
78 73
78 74
78 75
79 71
79 72
79 73
79 74
79 75
80 71
80 72
80 73
80 74
80 75
0 32
0 34
0 38
0 11
0 18
0 35
0 47
0 17
0 10
0 56
0 36
0 65
0 29
0 14
0 43
0 69
0 50
0 9
0 59
0 16
0 20
0 68
0 6
0 54
0 45
0 41
0 19
0 67
0 63
0 64
0 8
0 58
0 57
0 66
0 33
0 30
0 22
0 44
0 40
0 60
0 49
0 12
0 52
0 70
0 26
0 25
0 13
0 28
0 61
0 24
0 51
0 7
0 42
0 15
0 31
0 53
0 48
0 46
0 62
