5
3
87
67
75
2
100
78 99
74 99
51 99
73 98
77 97
1 85
17 98
1 39
78 77
66 65
43 64
66 27
29 65
46 13
29 28
59 60
46 47
92 74
29 30
46 45
60 63
91 33
71 72
62 63
58 57
8 83
68 69
96 97
78 40
59 69
90 89
71 85
53 64
5 39
71 83
10 18
9 53
92 19
10 37
56 39
30 31
95 20
10 11
56 55
91 21
10 86
80 81
5 16
8 9
29 69
70 16
69 57
70 49
70 23
9 30
7 6
71 70
93 94
32 31
39 77
85 31
62 74
33 84
25 26
76 77
15 20
43 42
13 12
18 31
33 86
37 36
33 36
23 24
25 24
39 83
34 35
16 50
33 11
32 83
55 54
48 49
21 20
82 83
82 85
41 42
55 18
39 40
16 17
15 22
38 23
60 23
37 23
38 47
14 47
9 56
43 38
61 66
60 44
20 24
20 83
