5
40
36
30
72
64
100
87 99
54 80
0 59
0 32
52 85
52 42
53 4
16 20
66 2
54 73
10 42
74 91
58 27
39 2
97 88
42 50
57 98
27 2
79 58
2 98
50 83
74 49
33 77
80 85
13 59
18 5
16 52
48 41
56 32
70 63
16 48
70 33
71 3
55 88
6 61
88 99
68 14
24 35
10 51
68 93
42 39
86 98
76 48
22 39
4 33
16 26
70 3
63 89
4 35
0 43
39 5
83 99
4 89
54 1
54 53
29 90
87 45
98 99
22 45
74 46
88 81
37 35
63 28
60 48
87 49
54 70
12 67
38 27
68 4
90 49
35 59
34 2
29 12
77 51
80 58
68 80
19 51
3 9
63 44
83 5
14 5
22 97
5 59
17 59
79 11
94 4
17 51
50 14
16 71
0 54
46 51
94 96
29 71
84 69
16 24
10 38
91 86
14 45
29 52
10 15
