5
1
2
3
4
5
84
0 99
41 97
91 24
41 91
25 45
96 97
33 13
24 23
29 97
42 43
26 84
75 51
33 75
54 55
57 86
31 93
14 48
33 32
73 53
64 91
56 89
26 27
47 46
72 78
52 81
58 91
25 24
87 13
37 96
41 40
59 80
61 91
12 13
76 75
34 35
65 49
23 21
46 98
35 16
30 71
53 54
66 67
68 69
17 16
95 96
64 63
69 71
70 71
59 18
53 52
35 58
80 69
53 84
31 30
94 93
95 29
55 56
48 49
33 34
82 84
85 84
59 60
83 84
51 52
20 19
67 23
68 67
11 10
50 49
38 39
90 89
90 46
11 12
80 81
62 49
57 73
74 73
86 87
61 60
52 17
89 20
22 21
89 10
83 82
