5
6
38
46
2
3
100
0 4
24 30
7 48
19 30
10 44
7 32
30 44
24 80
24 5
29 20
79 20
19 20
36 48
11 48
0 49
42 47
28 16
18 26
0 24
20 44
26 43
9 40
18 41
60 44
14 43
23 44
0 74
69 30
59 40
5 36
85 44
18 91
29 30
39 40
69 20
9 20
73 44
44 98
86 48
79 30
9 30
9 36
34 45
39 30
20 47
30 43
68 26
26 45
50 4
26 8
5 14
0 7
10 14
42 8
22 45
61 48
19 40
76 8
89 40
34 70
39 10
39 20
5 64
59 20
29 40
70 47
5 42
22 36
10 64
43 98
84 45
69 40
34 13
30 36
79 40
32 48
29 42
5 18
33 36
34 63
34 40
12 15
47 98
59 30
57 48
22 42
89 30
16 18
82 48
39 12
13 48
40 14
72 42
44 48
19 22
16 78
66 18
0 5
52 18
26 93
