5
46
21
60
94
58
100
0 33
91 5
91 20
0 63
7 19
19 28
0 77
12 28
62 99
51 7
19 67
65 28
68 80
22 80
0 75
44 87
2 41
36 3
59 12
9 79
30 3
29 61
92 42
9 54
92 68
22 79
59 35
72 54
96 42
98 54
2 67
59 7
40 48
65 12
9 72
78 8
72 79
12 67
65 7
29 51
43 41
13 37
16 25
59 65
98 8
49 77
27 34
4 97
59 19
40 84
83 43
4 18
59 61
68 64
96 74
89 83
16 4
36 96
44 54
22 54
32 53
16 24
16 34
78 40
80 57
98 72
79 57
49 63
49 73
92 3
73 77
16 27
92 74
98 22
73 63
23 86
9 22
30 77
64 57
16 87
36 77
29 64
24 25
24 34
27 25
44 72
40 95
23 19
32 86
24 4
27 4
61 35
23 32
61 7
48 84
23 57
87 25
35 28
29 59
66 17
