5
43
63
78
1
2
100
0 19
68 99
68 51
45 93
17 99
29 56
20 34
42 41
20 38
29 46
33 6
20 89
3 99
84 12
26 28
89 25
17 6
25 6
80 68
38 40
31 8
21 42
57 93
48 52
7 62
11 99
7 8
61 97
96 13
13 93
18 40
48 25
40 34
0 80
64 68
21 53
39 75
28 34
59 3
32 54
73 72
48 84
21 48
33 98
21 16
21 58
38 25
35 65
21 50
31 45
57 16
89 10
89 97
89 58
38 30
12 99
75 98
14 46
93 34
27 83
7 74
7 60
49 52
6 99
61 96
13 48
36 14
88 24
24 46
57 74
36 22
49 93
34 99
55 93
15 47
76 72
97 99
31 37
36 64
68 10
49 11
85 95
90 18
92 10
0 13
14 18
57 23
46 99
68 52
47 96
21 15
0 36
94 72
49 62
0 31
75 19
14 94
7 61
0 21
60 73
