5
1
8
10
12
3
88
26 28
26 27
49 51
53 54
31 33
30 32
43 44
6 7
36 38
34 35
66 68
18 19
16 17
50 52
57 58
69 71
72 73
67 68
63 64
21 23
21 22
23 25
29 31
34 36
59 60
14 16
41 43
44 46
44 45
18 20
26 25
64 66
61 63
64 65
38 40
39 40
41 42
45 47
71 73
74 73
74 75
76 75
59 61
54 56
73 99
76 78
79 81
79 80
87 89
84 86
88 90
80 81
91 93
92 94
93 95
85 87
82 83
91 92
97 99
96 98
95 97
82 84
60 62
48 50
48 49
32 33
15 17
13 15
51 53
52 53
22 24
83 85
29 30
55 56
59 58
77 78
69 70
94 96
65 67
86 88
4 5
89 90
46 47
19 20
27 28
35 37
37 39
70 72
