5
13
36
44
2
9
100
35 60
50 14
22 57
14 60
16 15
0 16
57 60
21 40
21 11
40 60
50 11
59 60
21 15
0 22
50 15
21 48
41 11
48 11
25 15
21 42
21 55
50 58
6 11
21 7
24 11
23 11
50 7
45 15
50 42
35 11
50 48
16 11
38 15
21 29
50 49
50 33
50 43
21 49
50 41
34 15
3 11
21 23
21 25
50 4
21 24
50 23
58 15
21 52
21 26
31 11
21 8
50 57
21 30
50 20
43 15
41 15
55 15
21 35
21 34
21 18
50 26
50 17
50 46
31 15
29 11
21 51
21 38
50 28
21 1
55 11
27 11
20 11
37 11
21 46
14 15
52 15
21 5
21 14
4 11
50 10
21 6
50 38
40 11
50 6
17 11
57 11
59 15
50 30
50 39
50 18
33 11
17 15
50 1
21 56
50 5
50 3
50 56
21 43
24 15
25 11
