5
88
14
32
47
70
100
0 17
4 86
18 60
95 65
5 65
79 87
98 59
85 98
31 62
94 65
69 90
29 22
5 37
69 75
59 77
8 21
66 93
31 72
63 28
33 39
28 7
11 35
58 39
82 30
11 95
96 30
86 26
90 36
33 57
64 6
76 21
83 91
0 68
42 28
66 99
5 18
76 83
93 26
89 28
58 65
41 44
40 77
89 87
45 65
63 21
63 6
0 11
72 38
5 8
5 11
42 27
94 8
41 82
7 26
55 9
76 73
94 63
39 30
42 20
52 74
5 76
0 5
64 37
45 35
82 29
28 65
89 18
0 59
67 87
89 40
89 4
24 77
77 15
29 6
0 42
45 38
58 18
24 29
19 87
77 91
62 30
13 91
44 7
1 37
13 9
12 8
24 1
82 35
74 63
97 7
34 15
81 95
58 82
29 49
89 55
51 91
92 84
25 24
67 56
66 19
