5
5
7
11
13
16
100
59 51
56 39
43 59
60 76
29 51
43 93
18 64
78 59
43 55
89 78
43 89
90 97
79 41
60 34
0 43
60 9
74 58
0 18
17 41
51 97
56 43
83 55
82 97
23 88
38 78
85 29
17 83
84 85
1 97
68 47
23 15
17 54
88 97
23 87
38 71
37 31
66 42
0 17
61 71
33 48
32 50
0 56
83 96
28 70
40 97
27 73
68 4
28 3
96 3
31 97
83 71
37 15
27 21
25 73
38 92
95 70
74 62
37 10
87 42
73 59
68 76
46 53
53 59
51 76
35 71
0 79
9 48
67 92
58 39
49 59
37 93
73 70
75 36
69 36
27 14
60 18
36 42
92 3
71 3
62 42
59 97
75 76
33 57
38 60
90 10
68 18
58 48
96 43
6 42
87 48
74 86
68 48
40 3
75 86
49 65
74 18
40 48
78 88
80 65
38 9
