5
26
1
2
3
4
100
46 41
61 19
78 95
21 52
69 17
57 23
46 69
87 72
33 53
33 52
0 13
18 53
79 36
41 78
34 27
44 95
60 66
0 29
45 72
41 53
46 87
91 49
41 19
33 43
46 10
0 21
91 56
46 37
38 72
27 95
23 95
39 28
9 25
46 70
35 84
91 86
25 49
35 82
36 95
81 45
94 66
91 79
56 51
0 81
57 76
56 50
0 46
49 95
61 87
72 17
91 63
91 24
50 58
82 17
33 46
64 51
91 81
58 51
40 86
91 61
19 51
85 60
42 93
57 5
67 5
40 72
59 56
40 92
53 36
78 36
57 59
0 33
57 22
76 58
67 47
6 11
8 80
79 32
67 6
17 95
57 70
72 66
92 60
45 95
67 18
28 95
0 95
5 95
0 91
16 88
57 39
53 9
76 72
8 72
31 13
8 6
75 58
49 66
57 16
15 34
