5
41
3
25
47
51
100
89 92
2 44
4 11
58 90
29 92
87 68
49 34
20 81
80 81
2 75
74 76
19 10
70 68
77 68
4 72
19 86
30 38
19 60
48 6
30 83
76 92
46 42
67 42
63 42
31 68
71 13
23 92
4 49
17 74
36 64
71 83
42 92
71 10
26 82
68 92
37 11
6 92
37 72
64 81
14 81
23 73
58 36
2 78
30 84
26 81
64 69
83 81
80 34
59 61
60 92
81 92
77 90
69 61
20 45
61 92
0 92
19 24
19 5
37 40
34 36
26 90
56 90
33 11
0 4
58 80
73 85
42 11
87 80
58 5
26 40
0 89
58 87
45 30
78 49
71 12
66 46
58 18
78 36
85 90
49 11
2 17
26 13
16 40
38 40
71 90
19 67
23 67
29 67
0 58
2 26
32 91
29 70
71 17
53 1
0 26
66 24
71 57
66 12
80 40
64 16
