5
1
50
2
3
4
100
0 12
13 5
89 98
0 11
79 58
27 55
37 58
41 18
79 37
26 8
84 8
5 98
83 55
0 79
84 71
20 8
35 98
55 98
73 95
87 86
19 13
27 20
87 48
0 19
82 98
54 68
7 21
27 14
87 64
13 88
87 13
90 13
97 37
45 58
5 20
54 88
40 37
28 12
55 30
84 72
6 61
73 90
28 31
52 8
21 69
0 87
32 67
21 12
84 94
49 70
43 96
18 70
52 37
10 98
89 92
70 98
66 69
82 88
9 88
34 12
91 42
82 30
97 76
75 76
6 72
21 95
21 17
15 69
53 12
80 72
18 58
83 71
69 8
69 71
89 43
85 33
67 12
46 44
20 30
46 72
21 94
75 37
11 13
67 37
42 37
69 30
68 98
45 72
71 98
0 73
82 33
31 42
82 85
47 33
37 98
97 12
13 12
27 49
15 58
38 95
