5
55
11
87
51
13
83
6 66
19 99
36 24
18 56
84 8
81 47
53 83
42 23
6 25
88 22
35 9
77 78
1 15
73 65
76 41
22 54
42 59
57 45
6 80
79 52
15 16
63 61
49 61
91 45
34 95
48 79
67 96
30 92
40 61
32 62
90 12
14 93
20 17
31 33
30 43
36 43
44 75
62 85
17 69
57 93
0 18
45 47
10 39
58 25
69 92
62 38
41 20
16 83
56 91
82 21
58 10
35 94
64 89
53 74
72 63
26 39
26 8
78 34
90 31
41 37
9 54
9 15
66 19
3 52
86 1
33 96
86 92
29 54
14 48
68 70
60 46
50 40
94 85
29 24
76 28
30 20
3 38
23 2
80 77
89 59
88 70
5 27
46 59
