5
77
2
3
4
5
100
0 22
0 25
0 98
30 44
0 6
14 95
0 30
51 39
68 46
80 74
89 22
10 25
19 95
78 76
15 99
81 6
14 40
70 55
19 37
81 54
37 55
27 29
62 76
0 20
19 7
37 18
57 54
76 91
8 6
0 68
8 38
8 28
81 61
91 99
44 54
84 15
88 6
25 99
48 18
69 74
28 22
44 60
69 94
10 93
26 23
19 44
94 22
6 22
48 60
45 78
83 14
13 7
70 53
41 74
22 99
70 56
8 93
0 71
19 45
55 74
7 99
59 27
98 27
26 46
86 18
90 73
13 79
10 21
1 18
38 18
40 34
84 13
79 96
67 82
19 90
0 81
43 61
39 60
26 95
23 18
90 57
70 57
31 37
93 65
58 65
0 19
80 84
8 42
69 96
69 63
70 75
0 28
10 31
10 84
6 96
34 18
10 26
59 26
8 89
30 54
