5
35
16
23
26
94
100
4 55
76 52
63 62
0 76
31 66
55 95
0 20
80 42
34 33
33 50
15 39
25 95
34 50
60 31
80 58
80 32
34 89
60 65
4 50
34 39
55 18
79 46
77 74
51 74
67 13
59 68
49 77
40 37
93 79
7 19
56 19
11 95
15 65
89 50
59 65
15 4
7 13
49 28
55 87
65 95
68 95
49 12
42 51
93 91
78 62
8 77
66 70
77 79
30 70
50 95
0 15
4 28
10 45
20 52
8 37
90 89
55 66
42 3
55 41
78 37
63 52
80 49
88 17
21 82
47 62
12 62
93 88
36 28
85 89
90 45
55 30
47 89
7 61
33 37
82 52
3 66
66 89
85 52
45 62
7 3
37 28
82 28
89 95
28 95
0 80
0 93
82 13
33 62
66 52
44 18
60 66
71 46
61 62
65 13
57 13
27 13
4 79
10 88
58 32
45 52
