5
92
98
22
80
49
100
29 38
60 99
36 3
72 70
74 41
83 16
2 34
76 35
93 51
9 57
48 36
23 3
48 74
97 3
26 84
48 9
72 45
85 81
69 16
39 81
3 38
95 44
34 70
60 63
43 35
43 77
83 88
51 35
86 82
5 39
72 5
35 54
13 56
51 8
7 38
41 82
35 77
8 77
86 71
23 64
95 31
11 1
54 38
58 86
47 87
72 14
56 64
58 90
87 1
23 81
46 89
9 62
9 93
25 14
41 43
58 36
25 75
69 81
86 88
85 69
17 65
42 64
37 29
5 40
85 46
20 69
13 97
32 79
13 30
28 57
20 41
57 65
95 20
17 57
91 65
34 81
79 81
1 82
27 69
37 6
72 23
19 41
19 32
75 2
39 69
90 10
33 18
13 19
89 62
93 89
72 9
45 26
36 29
37 33
2 88
83 58
78 65
55 5
12 43
60 53
