5
8
61
1
3
12
100
44 51
17 62
0 37
69 31
0 78
51 47
44 92
67 58
79 67
47 99
0 44
21 87
0 28
48 77
69 48
74 57
58 59
22 99
0 79
19 76
49 16
90 81
49 17
75 97
39 44
26 48
80 96
76 71
90 27
49 19
39 75
87 99
71 99
24 5
23 96
35 89
63 94
90 9
37 84
70 57
97 6
49 80
2 84
0 99
39 7
50 13
5 57
24 25
2 25
50 32
49 63
75 81
90 80
62 31
10 15
85 57
35 37
77 9
39 35
32 13
63 89
81 6
81 9
31 9
15 92
93 13
38 78
85 34
39 51
64 57
19 9
64 9
63 45
39 21
63 20
29 72
71 6
75 5
54 25
50 75
27 6
10 91
20 72
90 76
42 96
55 72
90 24
98 17
53 57
2 75
10 59
0 49
39 15
78 9
92 48
16 72
25 57
7 17
82 89
39 23
