5
27
1
2
3
4
100
59 85
94 17
90 17
74 84
62 64
46 38
9 29
59 12
46 70
32 67
48 10
47 17
9 83
0 48
34 50
74 64
59 52
17 95
88 9
34 90
21 85
34 75
0 88
16 95
42 18
59 63
0 71
0 42
62 10
41 32
59 89
60 40
59 43
68 33
41 29
0 59
60 5
31 53
87 83
39 32
23 89
31 79
23 85
91 31
48 81
62 25
90 32
85 33
6 5
0 91
23 14
87 36
32 26
33 95
60 88
39 93
61 54
60 23
87 7
74 18
14 70
65 50
0 62
0 41
74 24
11 69
82 36
0 60
0 46
81 95
5 54
0 87
33 57
78 57
65 84
31 13
54 95
0 7
92 26
33 70
10 36
82 25
65 32
84 47
82 13
0 23
82 12
0 65
31 70
8 43
36 26
69 25
92 72
37 26
0 74
31 23
61 18
79 90
40 83
13 70
