5
37
17
8
9
10
100
0 25
83 19
0 31
89 19
0 16
11 97
14 68
38 66
21 66
42 80
26 80
42 92
38 90
84 3
3 97
4 94
87 68
11 83
4 68
83 57
33 57
43 68
31 80
56 80
11 68
45 20
76 20
42 79
19 97
31 55
45 21
45 25
44 50
53 63
76 12
6 81
38 44
11 53
64 97
32 44
51 15
14 26
59 44
93 79
45 33
28 75
29 50
0 14
29 73
0 45
48 63
52 97
54 20
96 68
11 5
73 81
21 68
70 81
40 66
61 36
11 67
72 56
23 36
42 83
76 26
94 92
11 89
22 35
36 20
51 12
42 48
52 35
77 20
51 47
11 28
76 40
62 30
75 92
42 76
0 38
94 30
27 68
31 26
15 88
69 86
50 20
67 30
95 30
60 49
47 81
31 18
6 15
3 12
82 18
6 53
58 79
72 91
94 78
58 92
94 19
