5
77
1
2
3
4
100
0 27
0 6
0 39
36 48
14 38
94 34
0 14
0 36
94 75
94 18
55 27
71 16
55 42
19 6
62 44
8 70
94 62
78 23
0 94
18 20
0 28
38 53
15 70
92 6
12 6
92 16
82 22
85 75
70 27
76 16
17 89
90 40
95 80
95 68
90 41
15 6
30 22
0 95
53 96
38 6
82 31
92 88
13 27
89 96
67 95
76 29
32 58
7 27
68 27
38 88
70 32
54 27
67 43
40 33
15 41
30 14
79 27
70 29
9 43
71 58
27 96
55 46
7 35
71 88
85 95
55 78
82 50
20 96
30 80
11 80
40 42
14 57
68 88
72 86
39 33
7 40
68 26
35 88
74 88
55 92
41 29
0 55
35 43
81 34
50 33
5 42
88 57
31 39
61 24
5 58
37 58
53 65
57 96
85 37
85 69
68 84
38 81
0 85
14 58
88 44
