5
29
35
40
46
53
100
0 1
0 2
5 1
10 12
0 8
10 13
0 7
10 14
0 3
4 7
0 6
0 4
9 13
12 30
2 28
2 1
6 3
8 4
1 27
1 28
13 30
14 18
15 18
14 17
15 17
19 20
14 16
15 16
15 19
18 30
24 28
19 23
27 30
27 28
17 21
19 21
9 12
20 21
19 22
20 22
5 8
6 8
5 7
5 9
6 10
5 6
1 3
6 9
8 12
6 7
7 11
10 11
7 9
8 11
7 10
8 9
21 25
5 2
16 18
17 18
20 23
16 19
16 20
17 19
20 18
24 21
27 26
23 21
54 60
59 60
49 56
26 30
32 36
55 56
24 23
57 58
57 59
11 13
16 17
11 12
11 15
33 38
33 47
33 34
5 3
2 3
14 13
14 15
12 13
12 15
24 25
26 25
22 25
27 25
27 23
24 26
22 23
39 38
43 38
42 47
