5
1
16
26
36
42
100
55 69
72 87
84 93
86 79
31 48
70 78
27 39
55 63
80 83
47 51
80 87
47 55
48 54
33 43
37 43
38 49
14 25
30 32
35 47
14 24
28 34
56 67
2 11
32 47
63 54
50 37
43 51
67 72
95 99
23 38
32 44
67 79
77 88
75 83
8 14
37 49
55 67
28 12
9 12
66 53
38 50
18 27
51 63
59 67
39 48
65 77
8 15
25 31
11 27
17 28
68 78
35 49
18 5
23 33
61 76
23 39
15 28
60 61
91 99
76 86
66 80
66 76
69 76
82 96
64 76
70 79
82 93
31 45
45 55
64 79
74 81
39 41
86 90
12 25
59 65
20 24
28 39
27 40
73 83
62 74
59 70
55 65
38 44
46 52
89 98
61 72
73 85
88 98
13 22
54 69
80 84
62 71
61 74
74 89
75 81
50 56
78 83
79 81
15 21
50 58
