5
34
51
84
6
2
100
48 83
44 57
83 88
63 15
44 25
4 64
64 88
63 36
0 63
18 74
64 85
1 35
10 35
29 61
37 12
35 88
12 79
18 25
64 15
79 15
86 19
25 74
1 41
37 56
60 5
12 56
19 74
0 23
40 15
27 74
0 48
1 3
46 50
64 40
38 15
0 44
1 7
22 15
35 83
54 28
64 11
61 15
8 36
35 30
46 68
26 5
66 56
25 20
61 58
72 28
3 88
40 88
85 21
63 74
46 75
77 87
1 79
35 43
77 21
31 56
25 72
54 17
26 65
85 79
8 71
25 36
32 36
85 1
58 74
10 88
17 83
86 37
32 23
61 70
64 54
26 36
41 57
41 5
40 53
61 43
3 67
56 30
50 28
26 48
85 86
0 85
46 47
17 50
3 66
79 75
74 88
0 46
52 75
3 7
33 21
78 67
0 76
41 27
9 42
9 18
