5
38
44
43
95
5
100
37 83
4 32
83 11
42 94
82 32
73 39
42 6
76 25
16 21
16 19
42 10
8 3
56 84
42 72
11 99
45 94
17 99
4 66
46 48
35 25
66 99
23 25
82 6
8 98
49 10
96 71
8 58
35 86
96 98
59 90
36 77
26 48
20 25
90 99
31 6
40 94
56 8
6 99
60 55
46 26
89 34
65 18
42 46
17 63
83 53
20 57
0 56
36 4
28 21
40 71
36 10
81 49
35 62
58 49
53 84
94 99
40 18
42 35
18 10
50 75
74 99
63 99
87 98
15 55
20 88
74 73
87 79
49 75
91 98
74 41
36 64
68 75
0 42
85 34
73 75
39 83
76 89
18 71
67 27
53 24
61 83
1 35
77 98
36 88
11 32
96 85
61 4
17 13
39 61
39 11
32 55
92 28
40 98
24 10
36 1
45 84
37 47
94 84
17 9
52 10
