5
26
81
89
48
93
100
87 38
53 35
0 17
15 99
51 75
44 99
66 78
66 65
35 99
66 10
56 34
15 56
30 2
13 64
7 61
37 13
69 43
60 73
82 51
3 38
23 75
5 41
46 17
15 30
98 36
8 19
44 23
52 23
18 28
58 49
30 7
58 7
82 33
74 70
53 62
37 44
82 68
90 73
66 91
85 56
82 88
30 8
95 78
46 58
71 95
90 64
94 51
3 29
83 62
20 27
43 75
20 12
90 43
71 39
19 4
67 72
42 36
67 51
88 29
88 5
84 11
68 69
88 60
31 69
72 97
32 73
76 64
96 99
14 11
6 7
12 63
12 83
75 13
63 56
40 10
85 13
52 18
98 34
98 5
25 21
29 9
91 58
77 57
24 77
47 59
50 33
64 11
47 83
62 72
50 32
62 70
62 28
68 53
88 31
85 90
90 39
96 62
72 80
51 45
38 99
