5
60
69
1
26
6
100
19 66
48 99
92 37
61 78
0 19
0 58
2 40
87 65
87 43
48 74
90 9
47 22
91 59
0 92
61 68
39 79
88 18
93 65
93 83
78 99
23 99
2 52
19 20
18 94
43 20
12 74
33 49
93 77
90 80
36 77
7 75
98 52
88 47
19 90
80 79
49 99
0 15
98 44
87 44
30 40
2 48
12 9
24 91
41 40
88 87
0 88
53 3
51 31
22 9
24 57
28 40
0 61
7 51
41 34
41 11
20 99
53 85
7 42
66 77
70 65
70 84
13 81
9 77
19 53
79 99
0 99
18 87
30 25
97 52
70 78
44 58
18 5
13 21
32 15
90 11
0 98
62 15
57 34
22 37
97 55
38 76
75 90
0 2
48 87
68 90
94 83
97 39
93 53
44 47
0 7
22 90
57 84
18 41
77 99
23 15
89 15
48 52
44 9
4 67
72 45
