5
35
4
80
91
1
100
0 92
59 79
73 92
86 77
37 50
43 34
59 58
83 92
73 53
61 77
6 66
56 51
23 76
82 53
50 34
84 34
55 34
77 92
52 34
68 39
51 66
40 46
37 13
5 38
6 36
43 56
73 64
43 67
52 28
43 65
0 37
73 34
63 27
38 87
0 20
59 50
33 18
63 32
71 92
67 28
8 36
18 60
59 37
43 26
62 70
32 46
28 34
45 34
21 78
16 56
0 23
59 20
6 50
59 43
41 92
54 46
68 81
62 49
47 49
68 42
21 50
22 88
84 28
11 70
68 44
6 85
84 70
73 18
67 18
68 33
38 18
75 34
67 49
0 59
47 42
75 78
67 55
64 34
62 10
75 70
86 12
87 34
68 2
51 44
55 25
36 60
67 11
6 56
71 18
62 52
67 15
22 2
22 47
0 73
84 12
75 33
27 34
60 92
41 26
84 90
