5
41
87
1
4
15
100
58 93
34 19
29 51
90 93
7 93
33 93
34 75
28 56
45 48
25 47
28 77
48 93
50 70
0 28
62 70
70 93
62 89
63 72
63 65
53 61
22 65
75 47
6 10
18 12
26 28
24 29
63 50
35 51
62 56
85 2
63 20
59 66
62 38
25 90
0 58
24 57
59 25
82 19
37 7
78 93
25 51
66 19
6 24
18 23
42 19
51 89
61 89
62 6
47 93
0 62
18 6
17 42
70 5
73 64
25 9
0 18
89 93
53 6
43 39
76 20
70 92
34 28
44 57
71 21
9 3
59 28
50 28
48 83
46 3
88 54
19 56
16 56
35 81
59 62
39 42
0 70
54 12
51 45
0 48
69 9
33 51
88 27
21 56
2 29
61 72
73 74
50 77
28 20
50 74
56 3
90 3
37 62
33 47
33 72
50 53
69 71
3 93
79 85
74 85
22 84
