5
51
54
50
79
45
86
37 88
39 22
69 57
83 73
19 36
58 1
16 84
37 28
9 75
38 72
77 95
27 56
84 99
88 24
68 25
72 95
71 80
8 82
75 24
70 87
41 87
3 85
0 37
67 47
34 81
10 9
43 90
55 27
14 19
29 82
67 77
23 81
86 61
69 39
27 94
69 10
64 36
60 66
25 1
21 59
11 55
43 5
97 40
76 31
30 96
48 88
96 15
9 12
17 52
56 74
98 52
64 76
68 63
64 60
52 15
93 6
57 4
4 47
41 44
97 30
43 23
18 6
47 93
32 77
85 35
33 8
91 17
72 49
13 90
59 3
30 48
46 58
42 98
2 13
7 78
28 53
39 34
89 5
32 62
75 80
86 26
5 12
13 91
17 12
31 7
44 48
