5
70
72
1
67
91
100
0 32
29 33
16 69
26 94
14 22
0 26
29 3
14 54
93 79
14 51
94 12
16 40
83 10
94 35
93 11
0 29
66 33
40 64
37 47
37 8
40 33
14 89
94 20
5 41
36 32
14 65
80 99
20 90
45 33
45 74
53 87
53 81
66 22
0 14
61 95
10 47
94 30
6 98
54 99
16 74
66 74
94 83
62 95
45 13
9 46
10 32
16 56
93 29
93 40
92 41
53 9
61 3
57 47
53 38
59 8
93 94
53 19
10 85
2 41
61 31
66 76
53 71
68 50
27 39
6 25
61 28
0 93
10 74
39 90
68 3
21 76
46 31
0 16
46 86
98 32
21 15
38 56
68 18
61 68
17 90
63 64
47 99
31 32
24 39
50 4
27 22
53 21
27 41
13 85
69 99
37 15
50 26
66 6
18 56
27 90
39 32
4 32
53 77
36 57
36 23
