5
8
32
1
2
3
100
4 46
20 50
0 45
31 43
0 30
6 15
6 25
46 33
0 6
39 45
20 21
27 33
44 10
33 50
44 16
20 37
23 18
12 35
20 22
10 29
0 31
0 12
18 46
41 21
14 21
0 20
19 50
25 45
0 44
18 42
19 24
0 50
19 17
18 41
14 27
36 9
36 38
21 50
45 50
38 50
29 50
36 37
14 28
43 50
36 6
35 6
19 28
19 34
15 37
37 6
11 23
0 36
41 36
39 6
42 13
7 6
0 18
14 20
5 46
41 20
9 46
6 50
41 27
45 46
39 48
46 50
17 50
30 25
38 25
19 18
44 48
0 37
19 23
30 4
0 19
11 5
13 25
27 25
0 39
43 37
28 36
4 37
30 15
41 9
35 28
17 37
7 33
0 41
38 15
30 28
7 24
10 12
46 37
24 5
29 22
11 21
10 20
4 39
30 34
13 37
