5
2
65
76
1
3
100
0 14
79 58
6 88
26 94
0 61
52 58
44 49
68 9
68 72
82 72
58 94
70 16
9 80
24 33
6 4
62 25
20 33
48 67
0 19
68 48
66 74
63 33
0 44
8 29
63 43
63 45
66 10
8 42
0 68
71 56
79 80
43 16
33 80
83 15
8 10
8 67
36 11
62 75
8 18
66 59
34 22
0 93
71 53
79 91
71 29
40 22
47 59
84 22
63 4
72 28
0 62
24 9
0 82
0 8
59 56
59 81
41 25
79 9
49 70
59 21
45 33
89 30
35 17
85 92
15 16
74 16
57 10
45 86
54 11
0 66
40 78
79 24
50 53
69 52
85 41
53 9
52 81
84 25
59 54
48 72
88 92
35 23
84 38
79 53
15 91
88 5
22 94
85 88
4 16
48 49
85 66
85 64
89 72
30 54
56 94
79 14
85 12
89 14
30 67
86 77
