5
34
1
2
3
4
100
0 78
0 7
0 17
43 57
30 7
30 73
26 42
0 30
33 44
12 73
33 7
48 17
44 80
45 12
24 80
54 46
54 73
33 15
70 59
35 20
44 42
0 43
49 56
49 13
71 14
14 5
0 45
46 17
49 12
44 32
54 41
19 59
8 80
54 71
33 52
74 7
21 72
21 24
21 71
73 20
59 20
63 14
32 68
19 20
18 20
69 80
27 66
33 37
39 30
40 68
44 13
51 60
19 7
39 68
17 20
33 79
66 7
17 7
67 25
0 49
44 51
50 26
20 80
21 51
0 63
0 54
0 33
65 58
66 30
44 22
15 32
0 21
58 80
57 60
53 64
24 68
0 15
78 8
58 59
44 53
75 37
31 18
8 59
56 22
76 61
56 14
64 37
76 15
57 18
75 18
41 43
77 72
17 68
69 18
19 18
56 70
55 10
68 80
76 74
26 30
