5
44
22
56
96
1
100
20 16
94 69
69 99
86 99
16 72
20 15
16 50
23 59
0 49
16 13
69 59
67 51
38 11
37 51
59 99
64 31
20 49
51 5
23 38
13 9
85 9
80 43
39 99
98 87
33 85
66 25
89 30
54 31
89 25
61 5
20 70
80 48
98 52
94 82
23 62
72 99
65 10
79 46
74 24
58 50
33 62
86 32
29 12
85 5
33 35
80 2
16 79
16 15
0 20
10 99
30 99
50 99
74 95
0 99
40 52
74 2
89 69
0 98
86 75
54 48
5 99
45 88
0 23
89 81
57 81
86 13
6 8
57 47
0 16
27 19
80 27
57 35
68 36
89 68
57 83
0 74
10 8
81 99
54 47
45 66
11 93
19 18
33 90
94 75
7 83
69 47
28 41
25 48
47 48
4 77
54 67
4 7
4 14
6 13
43 62
89 71
82 8
0 80
0 86
39 93
