5
49
67
1
2
3
100
37 38
77 34
17 62
77 78
60 23
51 94
0 77
24 15
12 94
60 86
72 89
25 62
18 62
7 94
86 45
48 15
14 23
62 94
50 18
54 85
71 65
50 89
25 85
39 38
81 47
11 76
48 13
74 10
33 23
54 84
25 41
60 24
44 73
74 71
86 53
47 15
78 94
18 94
60 39
75 61
5 87
15 94
85 45
74 14
37 48
60 81
16 35
25 28
59 87
45 94
54 90
5 28
87 41
12 11
0 31
80 36
22 81
23 11
60 91
63 41
23 73
75 43
37 72
42 82
37 80
37 75
39 41
82 48
0 37
54 81
58 10
87 11
16 19
60 72
30 48
70 56
40 41
16 74
42 21
24 41
25 50
41 94
54 43
78 59
78 13
54 14
42 62
8 88
73 94
83 32
25 48
39 48
60 70
57 39
10 11
11 94
86 27
68 27
34 14
24 32
