5
44
5
1
4
8
100
0 52
28 99
64 18
61 99
27 15
0 59
43 35
39 82
92 31
70 35
18 99
41 30
92 41
70 47
0 92
55 37
9 63
70 57
64 57
64 71
85 98
39 84
71 19
71 37
51 35
73 35
15 93
27 9
70 85
70 81
56 35
34 69
0 39
37 99
61 88
43 69
66 57
57 98
77 98
78 9
35 99
9 98
49 3
96 98
93 99
61 10
70 52
22 49
3 12
0 64
0 43
57 19
17 39
57 54
70 71
0 70
10 69
13 19
73 2
19 99
21 54
34 55
17 40
19 98
27 39
68 2
68 16
62 41
9 42
94 22
91 67
61 58
73 16
42 85
52 25
48 7
61 30
0 61
52 59
25 79
47 98
67 99
25 81
25 26
57 42
25 78
57 87
67 96
62 78
29 98
91 42
0 34
68 74
84 26
21 30
27 52
73 30
69 41
63 15
58 96
