5
91
75
83
87
53
100
31 39
37 44
10 12
51 54
63 67
90 93
70 78
23 30
10 18
26 30
25 32
20 22
10 3
27 30
30 38
47 52
74 67
49 56
42 46
19 25
24 32
0 5
22 26
37 43
12 17
34 40
1 8
28 31
44 51
4 12
3 9
46 47
7 10
4 2
13 18
46 45
2 10
41 38
11 18
38 45
13 17
11 19
32 39
26 32
92 99
54 62
90 97
76 82
20 29
76 77
94 99
98 99
64 69
84 85
77 81
86 85
81 82
71 79
98 96
72 78
28 37
12 16
35 37
0 7
35 39
9 16
28 35
44 52
36 40
63 66
38 40
41 46
51 59
54 56
68 74
89 90
94 95
54 63
56 64
31 33
6 11
72 80
85 89
88 97
57 64
59 64
66 72
73 79
59 63
60 69
73 81
33 42
38 42
4 13
10 19
33 41
8 15
15 14
25 33
6 13
