5
1
2
3
4
5
100
0 32
0 20
0 40
16 71
16 67
16 25
16 47
47 60
8 48
28 74
73 74
17 44
21 65
13 32
15 74
16 55
16 9
38 54
38 46
65 46
0 7
69 71
67 43
38 58
46 74
69 52
60 43
58 53
58 74
0 38
58 44
43 74
69 64
6 12
32 53
0 11
48 74
58 71
40 36
46 26
9 61
13 26
40 20
27 57
48 19
66 74
32 14
48 32
9 32
61 54
13 52
46 36
26 44
69 40
68 45
61 14
48 20
44 74
9 21
6 36
48 30
68 33
36 71
62 11
21 32
41 29
62 52
55 20
45 54
41 10
46 55
58 11
33 74
46 29
68 19
15 71
69 22
68 31
48 68
18 35
64 17
54 74
35 52
21 17
21 38
53 42
71 74
20 17
49 30
46 17
13 68
13 16
51 30
36 42
31 65
58 59
9 18
17 74
31 11
45 65
