5
1
11
58
2
3
100
0 26
14 64
4 48
0 89
67 85
68 25
67 92
50 64
20 33
40 6
14 8
67 63
36 42
67 68
16 64
42 12
0 14
61 35
67 34
74 34
20 77
67 71
67 20
61 27
50 55
62 12
31 95
31 71
88 84
55 63
41 63
50 73
5 57
23 68
88 51
85 99
37 63
64 99
12 99
61 68
22 51
18 84
82 99
67 74
63 99
31 87
29 68
5 27
81 23
59 57
68 99
60 18
31 21
50 51
67 5
81 18
29 38
97 47
24 26
50 90
6 57
88 37
67 24
6 66
48 99
50 23
88 8
50 37
56 66
90 99
41 23
56 57
69 73
90 73
95 37
42 69
85 51
16 80
16 33
53 27
67 60
52 83
59 13
51 99
0 50
36 40
36 57
21 57
0 61
36 54
96 72
43 55
40 14
73 57
40 8
36 4
88 21
52 78
72 71
0 81
