5
1
2
3
4
5
100
0 91
79 12
70 45
70 54
16 62
60 97
0 79
37 97
64 62
16 50
85 44
21 68
16 87
83 26
26 97
68 97
41 62
85 66
93 81
70 9
42 71
52 86
30 28
71 76
50 22
70 57
70 93
62 97
50 97
94 97
59 76
60 54
44 97
64 96
46 76
0 16
66 91
76 97
37 72
34 45
83 10
68 10
68 56
22 56
50 79
7 38
85 23
15 56
83 38
8 35
70 37
0 20
87 17
75 54
0 70
86 58
28 56
26 17
53 31
85 86
7 60
87 10
8 56
83 45
44 39
83 53
34 81
95 54
95 10
68 6
73 6
34 73
34 72
83 72
68 27
92 42
15 31
92 18
36 56
44 45
71 20
92 72
85 15
38 72
61 81
27 17
85 88
7 77
46 35
62 91
65 6
93 80
83 12
95 97
38 81
78 47
44 75
92 93
44 90
45 22
