5
88
31
72
41
75
100
55 99
59 38
0 85
58 30
0 21
0 10
4 30
76 89
66 11
53 54
38 99
0 3
0 53
4 85
0 43
77 30
32 99
4 73
11 45
0 4
6 16
0 13
46 22
55 46
89 99
2 51
0 6
22 29
14 60
55 76
35 61
0 14
47 29
22 10
46 73
45 99
0 55
0 66
46 86
49 76
17 86
59 61
0 46
42 99
79 34
23 56
29 99
8 81
86 99
30 99
0 49
0 80
17 51
1 47
0 1
27 46
23 47
23 16
79 63
79 54
50 34
0 23
21 24
20 37
81 9
18 21
50 4
6 10
6 25
51 99
61 99
6 40
0 22
87 99
12 46
17 95
16 99
53 71
82 46
84 78
10 99
0 18
2 54
8 12
15 9
78 9
63 9
67 5
82 14
20 84
59 46
79 23
2 60
58 46
36 99
38 81
8 59
83 59
38 47
89 14
