5
1
2
3
4
5
100
0 49
19 48
13 7
72 53
41 67
13 33
61 67
14 67
19 70
80 53
0 13
14 90
25 67
18 81
7 74
59 53
7 65
32 21
0 19
35 67
87 34
54 93
23 93
57 20
14 71
87 11
14 61
68 34
53 93
11 67
69 38
86 21
54 67
59 89
21 30
67 93
45 91
54 73
74 93
37 75
15 76
30 89
15 66
60 34
14 79
36 45
33 37
69 15
23 81
34 93
9 40
52 76
11 64
35 28
6 28
46 45
86 45
71 89
43 76
33 10
72 86
72 42
0 14
22 84
87 55
12 20
15 81
49 75
35 83
69 8
76 40
57 84
87 22
51 20
60 81
75 20
62 20
36 83
89 93
85 37
49 20
53 20
68 77
0 93
82 84
37 38
44 55
87 41
35 78
57 78
87 15
70 64
68 22
33 52
11 52
66 58
47 20
82 63
24 80
36 23
