5
68
25
46
1
2
100
52 89
89 99
92 83
42 26
42 22
95 83
52 20
74 5
85 75
59 77
63 60
87 12
43 59
24 7
0 42
52 21
93 83
87 85
74 56
48 83
52 74
6 64
7 64
36 62
43 74
20 83
62 83
50 8
47 35
95 92
64 38
0 43
64 83
0 52
92 38
87 34
95 59
48 75
48 24
35 93
89 17
96 53
0 87
95 98
23 97
33 53
90 37
85 98
9 83
16 38
85 59
93 38
60 53
71 55
7 27
76 51
91 51
85 84
23 27
0 95
65 27
58 84
71 58
71 84
71 91
92 67
15 75
96 26
71 4
60 6
48 82
35 77
38 99
31 70
88 75
90 99
69 47
76 57
97 8
19 75
30 6
28 6
24 82
97 75
6 75
83 99
48 85
8 99
92 63
71 20
12 95
24 43
0 11
15 20
20 43
24 21
20 79
78 76
60 9
71 59
