5
36
82
1
2
3
100
0 99
0 50
24 12
57 99
10 67
20 99
40 67
85 81
0 22
27 33
32 72
54 88
47 72
0 24
77 72
4 93
27 4
77 84
70 14
47 37
67 99
47 88
58 63
76 80
95 23
34 35
42 72
72 99
33 61
31 84
4 10
71 11
32 65
92 99
49 62
76 90
38 26
18 39
15 29
90 10
63 13
87 4
77 32
84 69
0 27
15 70
54 39
44 65
41 35
79 38
0 87
47 22
10 35
41 74
13 61
76 28
61 99
47 95
76 12
0 77
41 4
0 44
15 58
12 74
90 22
4 28
60 70
23 28
26 88
79 71
54 24
61 35
54 44
90 70
20 12
97 69
15 4
79 23
8 22
45 32
97 22
89 74
86 14
88 35
85 96
6 96
68 40
92 43
93 37
14 42
85 71
29 74
15 77
97 66
20 60
85 24
0 41
0 15
56 74
86 84
