5
57
56
98
1
77
100
67 65
34 48
26 49
0 67
60 38
19 38
84 62
65 99
48 41
4 99
9 34
60 82
12 99
19 52
19 53
91 25
48 49
43 99
11 67
72 8
16 13
75 18
75 8
91 90
4 83
75 67
2 68
13 8
65 81
55 18
2 18
94 17
37 24
48 37
49 6
73 78
60 19
33 78
46 23
28 34
24 68
83 99
12 31
95 62
68 6
38 47
55 34
14 78
53 6
60 93
41 4
65 20
46 25
94 32
18 99
10 79
10 87
95 80
94 46
35 67
26 67
95 32
84 85
63 9
26 51
38 46
17 27
35 51
16 3
76 36
47 58
7 55
86 31
10 13
51 8
66 16
95 91
58 52
94 10
53 97
62 4
64 31
69 41
48 39
95 93
30 78
17 72
44 83
76 71
90 73
94 2
21 81
53 41
12 96
53 55
40 81
7 96
30 16
12 66
92 52
