5
15
19
31
11
27
100
33 99
0 9
97 49
43 49
42 9
97 52
63 7
63 84
63 96
26 28
97 87
81 48
95 52
0 97
40 35
89 67
34 42
21 62
59 53
89 68
68 94
57 49
34 24
40 37
45 64
21 52
42 62
77 89
22 91
96 94
16 38
39 7
43 83
98 61
40 77
48 99
35 52
0 22
45 59
95 34
96 62
86 12
0 72
95 45
24 1
52 49
18 4
1 67
88 34
96 87
96 7
69 1
96 39
96 25
49 99
8 24
88 54
51 99
12 98
36 99
38 62
0 54
21 71
53 94
2 58
61 62
52 28
30 10
21 54
96 70
18 92
38 10
78 55
20 10
0 8
94 99
84 62
20 84
78 1
24 28
64 1
7 62
0 95
80 28
0 40
26 97
88 17
26 13
25 10
94 9
80 75
77 54
55 28
25 75
91 79
14 67
74 8
33 97
12 65
9 99
