5
60
10
22
14
40
100
15 58
34 4
17 13
28 71
35 5
11 5
5 71
20 12
15 51
0 20
23 4
17 4
1 70
0 47
9 24
68 64
18 4
24 26
13 71
38 26
58 3
68 71
1 57
49 23
42 27
53 8
17 55
49 70
51 4
28 23
1 2
17 47
17 45
17 58
52 35
8 4
35 26
26 71
0 15
44 25
27 4
1 9
0 1
66 29
49 29
54 50
49 57
70 64
58 50
46 45
16 20
66 9
4 71
30 32
49 54
0 67
42 19
36 19
65 29
44 63
46 29
19 29
68 29
0 17
61 20
66 19
66 58
25 27
68 42
68 24
47 71
46 71
46 59
59 55
65 25
49 32
16 67
23 29
9 64
18 39
54 2
39 55
66 70
66 42
39 64
43 2
39 29
39 7
55 71
16 24
13 64
46 7
48 32
66 17
21 7
23 67
16 34
45 71
21 2
50 19
