5
55
70
37
33
16
100
22 99
0 43
0 34
95 99
0 35
59 52
0 62
76 7
90 99
84 99
59 40
9 99
7 99
0 51
5 40
25 71
59 43
87 99
45 3
59 19
45 41
59 41
59 91
75 71
60 57
53 20
74 18
31 67
45 81
0 59
72 71
30 8
0 60
74 34
0 74
23 81
12 20
71 99
0 76
0 57
95 34
31 56
6 34
31 54
0 5
89 34
9 34
36 8
30 22
0 77
31 25
93 15
0 30
0 31
82 15
0 45
54 34
26 20
72 34
95 20
72 8
26 18
10 76
54 69
92 17
87 8
65 40
52 20
0 23
79 43
26 69
44 15
98 15
79 80
0 10
54 15
49 34
65 74
87 14
65 85
52 19
14 15
79 40
95 40
44 20
15 99
54 51
65 73
43 34
84 85
21 99
95 67
20 99
36 40
65 3
47 40
79 19
6 18
96 19
0 36
