5
98
93
10
12
14
100
62 38
26 49
65 80
11 99
43 17
66 99
66 3
54 99
23 33
56 80
27 75
49 99
21 99
26 29
48 99
43 23
67 99
29 88
80 99
35 55
16 55
35 27
19 27
65 69
1 42
86 73
88 99
89 84
78 69
84 27
13 32
60 39
0 66
0 89
53 72
96 36
97 36
35 66
91 27
86 38
35 1
5 4
28 73
54 86
81 42
78 33
0 43
0 53
47 92
75 73
4 69
26 46
4 58
27 32
75 21
52 73
32 99
68 34
72 8
65 72
59 36
58 41
83 21
41 69
96 50
37 23
35 17
39 55
62 17
24 33
26 70
0 54
97 71
67 36
5 33
33 36
96 6
20 89
3 13
87 96
31 5
68 96
26 59
60 50
34 8
64 21
3 72
67 63
24 61
15 70
0 64
60 9
42 69
26 48
83 13
31 15
1 56
21 55
29 60
49 56
