5
83
1
2
3
4
100
39 74
68 11
75 41
64 61
75 61
11 95
22 57
62 95
31 95
87 61
39 64
22 33
44 81
86 61
75 24
81 52
24 70
68 85
25 57
39 20
22 71
75 35
31 61
13 20
61 95
82 70
62 14
52 95
0 13
16 70
53 57
68 33
90 40
11 7
55 7
26 74
62 64
42 33
22 46
15 40
61 57
68 44
47 79
37 91
63 68
43 47
90 74
39 15
43 6
33 25
0 39
22 85
62 77
86 91
0 22
74 95
37 71
25 64
11 91
24 84
7 57
58 77
58 79
65 16
64 95
70 95
57 95
62 85
50 85
54 16
62 79
14 95
62 16
69 88
0 76
0 63
82 85
24 80
82 79
74 16
89 38
53 17
37 13
37 84
56 88
51 16
0 78
11 41
31 25
90 77
65 35
26 75
62 28
26 68
85 95
30 77
31 13
9 87
53 72
31 40
