5
45
1
2
3
4
100
89 99
0 99
0 62
72 76
0 48
25 76
98 57
0 35
25 66
33 87
44 67
25 56
52 16
25 33
67 80
52 50
52 84
72 26
61 75
70 14
98 44
7 22
57 99
52 61
21 16
59 76
21 55
67 40
76 99
25 41
65 8
0 89
0 72
25 98
61 22
91 68
65 58
61 58
0 25
13 71
55 87
75 85
12 59
73 99
95 94
27 5
94 59
80 99
51 58
77 58
37 44
27 16
12 8
90 58
0 21
59 99
75 40
9 34
27 75
9 48
55 37
65 77
55 90
27 7
55 82
98 5
65 95
60 36
27 93
27 98
61 95
60 49
79 77
41 48
65 48
85 58
33 23
32 98
67 36
55 38
65 96
79 78
15 99
27 38
34 8
79 49
73 93
36 44
79 31
79 75
65 92
27 13
39 31
65 46
88 96
20 92
9 20
51 46
64 8
9 69
