5
4
6
8
9
13
100
21 98
10 98
96 60
47 87
0 26
0 49
74 71
41 72
74 46
88 79
0 21
10 72
77 22
46 72
88 26
18 1
23 12
41 47
63 47
67 60
7 81
79 12
75 3
53 2
0 29
11 95
82 26
11 86
87 2
88 7
85 10
78 66
74 32
69 97
18 79
74 62
17 86
23 57
17 44
88 80
57 3
69 5
78 71
88 29
93 22
42 86
14 48
74 37
0 18
94 47
86 56
69 59
93 83
23 28
14 38
85 61
56 2
0 69
89 84
0 57
88 74
84 64
88 23
66 60
0 88
68 21
33 62
70 90
1 73
27 12
70 10
27 79
2 98
71 98
70 38
70 81
33 7
27 5
73 47
14 33
83 22
14 17
70 46
68 76
37 28
48 81
70 52
46 97
51 23
68 1
96 26
44 31
61 12
60 98
50 78
84 91
48 26
3 98
72 53
61 29
