5
57
1
2
3
4
100
0 6
70 53
32 26
19 94
85 51
37 21
32 39
78 30
64 80
37 58
0 23
0 65
34 30
64 68
78 34
70 37
28 41
89 41
14 83
28 21
56 21
71 84
91 23
0 46
31 65
85 25
36 33
36 79
84 94
0 85
18 22
36 67
19 53
78 56
79 94
52 58
70 32
17 65
0 70
77 63
92 46
35 49
6 94
0 78
52 67
73 67
92 23
0 14
71 62
19 61
8 34
33 24
40 23
35 82
38 30
31 93
27 23
35 37
35 92
77 45
31 61
74 58
81 53
21 30
35 24
35 67
31 41
36 16
50 30
53 65
34 65
68 30
28 73
31 53
75 67
77 54
61 51
44 51
19 90
73 53
31 74
73 74
28 20
10 22
61 67
0 52
76 65
13 10
45 30
34 41
0 28
83 93
83 68
27 74
21 24
91 64
44 58
91 33
19 33
83 90
