5
25
27
28
35
40
100
0 89
0 80
0 66
73 57
82 19
49 19
43 19
3 60
60 4
52 43
37 65
71 43
73 18
82 80
31 34
23 34
31 16
45 4
24 6
24 15
26 42
72 64
76 1
86 7
43 66
69 21
48 52
72 9
0 73
86 76
85 31
78 58
69 49
56 89
24 54
10 71
84 62
4 89
11 50
30 42
36 9
23 37
86 84
3 67
88 65
86 23
48 5
85 10
72 23
41 49
20 33
34 42
57 67
24 69
36 18
26 64
49 18
60 33
74 77
33 65
79 52
16 53
52 18
68 42
86 24
86 61
8 67
37 9
81 9
18 65
86 74
69 23
4 65
49 1
10 23
1 51
60 51
31 42
58 23
6 53
21 9
9 66
15 23
39 22
64 66
20 15
20 62
58 62
86 48
10 14
69 6
36 6
60 19
82 11
31 17
3 17
82 10
82 69
79 53
16 69
