5
50
42
1
2
3
100
54 80
56 97
0 79
58 41
0 33
18 49
12 78
45 7
87 72
94 41
0 56
13 67
51 80
96 54
31 46
29 71
57 32
57 9
12 55
71 99
10 25
4 55
13 22
35 79
89 41
37 4
26 48
24 77
37 97
11 23
12 31
32 79
98 77
23 83
34 7
24 26
68 83
0 96
87 35
95 25
48 80
41 99
12 77
16 81
87 40
57 73
45 25
33 28
30 7
87 13
45 43
40 67
72 85
94 64
79 49
61 9
0 87
72 89
72 65
12 98
40 75
59 20
36 99
29 26
62 85
18 22
7 49
94 26
53 80
53 78
85 99
0 12
5 9
10 77
45 5
0 37
6 78
97 99
44 67
20 49
91 67
40 98
21 5
80 99
51 57
46 89
54 60
48 4
20 9
74 9
66 61
44 4
49 99
34 67
9 78
30 84
8 92
45 48
72 34
91 78
