5
21
76
3
4
5
100
0 87
72 62
8 75
88 27
0 80
52 71
39 22
0 52
45 64
55 99
74 35
72 63
45 10
74 88
20 23
85 83
34 78
0 74
41 14
2 94
45 59
18 99
14 62
26 62
81 86
26 22
13 12
0 45
66 69
36 71
40 22
60 41
64 83
97 83
62 99
22 99
12 87
72 1
60 54
85 7
59 68
41 83
72 2
36 6
12 92
7 35
56 80
66 92
18 87
68 87
83 99
10 92
64 93
96 48
94 78
20 30
94 92
60 17
97 23
97 69
63 91
0 49
14 24
57 37
87 99
84 98
74 67
66 35
94 23
40 23
98 51
42 91
0 20
88 54
84 6
90 80
27 17
66 48
19 77
38 51
64 92
84 31
17 23
89 35
0 72
0 2
8 52
35 99
60 34
85 79
0 85
48 93
88 11
59 96
86 51
60 53
24 23
18 26
51 99
54 92
