5
5
30
31
35
43
100
3 41
49 79
38 29
42 61
4 45
42 33
1 32
4 32
1 18
0 46
32 71
38 15
0 16
47 26
7 24
28 69
42 3
45 26
47 29
49 58
24 79
12 29
4 46
41 79
37 3
0 66
4 28
4 17
26 79
0 2
74 29
13 27
38 16
8 79
24 46
71 79
19 58
15 52
37 59
28 52
28 58
0 1
45 73
38 3
29 79
56 23
39 46
14 65
36 9
18 65
7 45
23 57
0 7
73 61
54 36
24 70
4 1
4 66
72 73
18 75
4 55
44 61
65 57
0 4
24 65
70 45
27 48
51 46
42 13
24 77
18 72
6 47
58 79
76 16
33 47
17 46
0 42
0 12
24 59
60 73
9 57
57 79
48 2
62 77
61 69
45 69
48 34
75 25
18 60
27 52
18 55
18 6
25 65
56 62
61 34
63 52
24 76
19 17
18 71
58 77
