5
35
73
1
2
3
100
0 21
28 7
66 65
16 44
90 74
10 85
43 75
63 92
36 44
77 49
21 82
82 46
36 5
77 89
49 83
44 5
20 62
41 22
80 5
72 64
0 61
28 34
92 98
55 64
0 43
17 51
82 39
40 37
32 56
41 4
0 90
16 29
41 24
41 6
26 5
41 47
32 86
94 15
82 89
14 58
82 16
31 45
9 15
51 9
9 45
10 69
15 64
15 56
28 41
26 56
11 53
5 98
11 20
64 98
62 57
69 98
15 83
0 28
7 83
74 83
69 30
83 98
30 50
95 18
42 57
96 46
67 31
87 50
82 78
78 51
50 18
62 59
0 47
96 61
97 66
0 17
0 11
10 77
9 31
0 40
69 18
36 18
86 6
13 29
44 18
10 20
86 51
10 67
10 7
57 7
78 46
9 84
49 79
57 84
49 13
91 79
77 61
62 33
49 91
53 76
