5
54
45
40
91
31
100
0 98
59 10
67 15
2 36
79 22
25 33
5 10
0 25
16 14
37 58
0 56
71 57
67 14
15 87
0 42
37 22
0 66
94 48
79 15
0 67
0 17
10 57
37 57
1 49
0 16
10 9
97 3
9 36
94 15
76 15
10 3
0 86
22 98
71 41
37 77
0 59
47 23
57 98
71 42
87 58
76 25
37 90
10 25
97 15
8 73
37 94
81 16
0 1
75 51
52 42
65 14
58 36
37 76
0 9
14 51
0 37
97 13
72 13
0 71
0 72
0 81
92 61
51 69
0 97
96 25
84 19
4 93
36 98
5 93
0 41
60 85
0 61
94 42
26 2
64 25
10 23
55 3
10 14
21 9
26 73
80 25
13 6
24 73
76 42
52 25
80 61
52 23
47 14
51 73
39 35
27 2
6 70
3 98
60 25
80 35
22 87
23 70
90 42
0 47
18 9
