5
58
82
3
6
7
100
41 27
41 32
39 93
28 22
52 15
0 28
73 21
71 87
23 27
46 77
45 89
88 1
20 92
41 38
4 32
33 11
69 43
45 67
23 53
41 31
31 37
41 87
14 21
0 52
45 48
69 63
85 27
23 37
77 27
23 83
57 86
33 91
40 56
27 93
56 21
55 37
1 19
71 23
68 4
32 93
35 84
0 45
41 29
89 43
73 20
18 67
73 40
55 83
5 92
85 17
21 11
18 53
46 62
2 72
64 24
21 53
2 40
60 62
92 53
0 71
19 93
38 72
73 17
62 86
35 69
18 70
43 93
74 17
34 78
73 47
34 23
11 93
38 14
14 80
59 24
10 55
26 61
14 50
38 63
43 67
14 40
37 80
24 72
0 35
72 53
77 53
10 13
20 52
0 41
67 53
87 84
23 70
38 55
73 26
16 84
34 37
38 42
25 50
80 93
37 93
