5
86
21
67
55
1
100
11 49
0 2
79 33
69 96
69 97
83 12
9 29
54 2
43 12
80 99
79 69
7 27
29 99
49 99
87 98
0 54
91 5
11 27
11 33
64 99
92 94
18 5
45 85
0 99
40 23
89 94
73 23
22 5
7 6
7 87
76 94
10 34
77 2
92 51
43 82
28 33
92 76
7 72
0 45
26 17
11 74
28 34
11 10
42 17
91 90
91 59
0 79
7 73
0 7
29 63
94 5
93 2
19 10
38 53
96 3
38 72
77 17
91 73
11 72
87 34
33 2
4 93
31 5
93 5
4 17
5 99
83 77
6 2
19 22
42 12
64 35
4 54
68 52
91 68
80 12
89 40
19 62
24 49
11 45
71 42
96 49
0 11
51 9
91 71
29 43
83 41
89 10
38 62
76 14
22 59
85 2
18 59
96 14
95 9
87 57
74 13
6 32
12 9
3 99
96 50
