5
51
95
1
2
3
100
9 96
11 96
0 22
11 62
11 31
42 46
57 40
75 5
13 50
9 41
39 62
42 25
62 96
92 22
45 5
70 89
79 21
36 15
32 21
87 67
13 10
79 85
32 78
41 4
46 48
34 55
12 24
28 96
57 22
12 60
12 19
46 77
79 14
40 96
74 19
14 78
69 5
22 96
42 11
92 76
90 47
73 70
92 23
62 4
13 65
10 96
41 15
71 64
30 4
40 4
64 15
89 96
70 56
57 74
82 20
16 65
85 15
28 4
12 80
59 25
0 57
13 20
92 65
82 65
13 69
81 76
92 9
19 56
78 4
0 42
61 55
39 33
15 96
56 96
75 72
0 13
71 65
41 93
58 31
87 37
87 91
75 63
87 64
82 86
70 30
22 65
0 75
46 13
61 64
83 40
71 69
31 65
81 50
39 64
67 30
18 55
60 65
92 72
46 67
0 92
