5
4
6
7
9
11
100
0 99
72 10
30 17
62 74
33 99
8 54
54 20
78 93
20 99
77 46
81 46
52 47
0 23
55 17
27 66
66 80
72 62
58 25
0 85
26 27
30 27
31 40
78 52
72 30
46 99
10 16
84 81
72 44
72 43
45 16
87 97
78 43
36 82
87 69
60 81
86 49
31 43
74 47
41 44
90 19
17 99
78 31
78 8
12 48
26 90
28 30
15 33
0 72
86 66
28 93
79 35
78 91
43 66
25 93
29 58
28 51
81 99
87 32
0 26
27 12
57 74
54 53
47 99
45 82
28 38
27 32
15 12
82 74
0 87
35 49
25 32
25 54
0 78
82 60
24 66
0 28
0 86
71 15
50 74
42 75
61 82
29 35
43 19
13 42
51 12
58 66
29 32
48 60
24 35
20 14
61 97
49 99
8 60
13 89
98 35
73 3
41 28
13 31
18 37
98 57
