5
3
87
67
75
2
100
46 68
73 74
85 84
85 86
39 40
24 74
77 78
8 7
5 6
69 6
13 66
1 85
12 50
29 78
73 72
56 9
43 61
5 4
63 97
78 99
97 98
35 36
86 50
38 33
73 50
14 15
39 38
29 92
60 61
72 51
77 73
13 14
59 58
50 51
77 27
4 10
54 53
1 39
52 51
47 48
46 59
55 33
38 43
46 13
40 17
47 38
18 17
47 14
74 99
55 18
64 31
9 10
4 70
42 36
32 33
23 37
70 16
16 17
83 84
38 37
24 20
60 30
56 39
84 33
22 21
64 65
64 27
38 14
9 8
7 80
25 48
79 80
45 44
69 70
7 78
4 9
92 91
66 65
90 91
86 51
57 69
61 62
29 65
28 29
20 83
27 26
64 63
64 43
31 85
31 32
48 81
15 16
69 59
37 36
94 70
22 40
10 11
97 77
22 23
16 5
