5
26
56
60
24
14
100
50 39
23 83
40 25
80 16
17 29
20 92
6 61
10 85
48 96
23 52
2 29
18 77
21 73
0 50
31 25
90 53
28 39
89 55
93 63
41 49
44 99
67 77
70 79
84 30
86 72
52 49
80 78
32 79
90 84
41 28
55 99
33 49
68 40
64 94
31 93
73 13
38 72
4 99
75 99
61 84
67 27
42 27
80 86
2 11
87 18
67 86
29 22
38 15
46 74
13 63
63 11
32 84
45 15
0 31
35 99
58 65
49 99
81 8
4 86
65 11
68 80
11 99
4 85
29 89
0 70
7 99
87 2
5 33
4 9
48 2
77 94
0 41
58 40
20 50
27 28
61 30
4 94
0 68
2 86
72 30
4 93
1 76
75 77
4 72
91 29
46 70
16 22
91 94
5 93
28 86
49 86
16 37
48 86
0 87
37 22
19 94
4 81
45 30
22 94
46 30
