5
92
31
86
23
64
100
56 98
38 98
89 98
10 32
19 83
56 26
95 37
19 77
65 36
3 98
36 32
19 93
4 26
0 56
94 15
43 38
36 40
76 72
0 90
53 24
94 83
48 78
10 49
47 98
15 87
6 21
6 1
94 13
36 70
94 58
48 65
73 26
43 97
66 91
8 46
82 29
81 70
94 21
87 98
0 19
0 10
94 17
0 82
91 83
0 57
53 40
53 27
22 58
32 98
28 84
79 38
11 84
80 58
7 75
80 75
80 15
28 63
94 3
95 18
54 24
21 40
75 98
69 63
46 16
51 45
59 91
53 57
40 98
85 84
76 58
18 26
52 63
20 26
50 63
94 91
34 71
74 26
95 97
30 24
20 58
76 27
85 63
46 1
55 7
58 98
38 15
13 84
79 11
54 88
80 70
72 18
36 68
87 63
21 63
44 88
79 42
39 97
97 15
35 84
50 66
