5
1
42
3
4
6
100
67 80
93 55
62 72
81 73
80 99
96 50
67 75
31 50
0 44
71 70
52 88
33 25
78 75
31 60
38 66
22 45
64 98
61 65
72 99
0 31
64 78
35 25
32 25
87 58
2 56
64 22
76 58
64 45
88 99
17 75
57 76
56 91
93 44
38 16
57 30
7 91
38 85
13 16
76 75
98 27
74 45
29 75
17 79
17 26
44 25
13 2
64 57
32 19
23 53
10 19
89 81
24 49
56 75
20 19
91 25
17 23
72 75
66 11
34 25
0 87
66 53
93 40
64 89
47 16
36 55
92 87
13 28
86 49
93 11
84 75
38 9
0 64
22 85
98 49
10 97
48 90
48 78
25 99
0 71
51 53
52 49
10 49
98 12
17 93
13 58
13 34
32 24
21 2
12 39
17 48
98 2
0 17
96 75
13 49
97 9
12 68
12 82
51 50
38 57
98 34
