5
1
2
3
4
5
100
0 48
35 17
32 50
37 93
30 93
32 81
30 76
52 44
40 69
35 40
76 93
37 67
37 36
37 38
0 90
32 85
37 23
26 77
42 89
22 38
0 35
81 50
46 58
10 34
46 22
20 40
69 68
41 17
88 29
50 93
0 79
23 34
53 40
88 44
76 44
60 61
10 83
0 46
63 77
10 47
41 31
21 73
36 11
62 44
11 34
68 34
59 13
48 87
49 89
36 16
76 34
36 44
82 44
38 47
45 89
23 83
59 82
36 38
18 83
0 32
10 13
59 53
85 90
52 11
12 47
52 78
72 70
61 89
82 29
72 22
52 66
37 54
10 69
91 75
70 44
41 48
50 89
37 63
50 38
21 85
12 20
25 29
22 34
24 38
58 80
87 13
58 24
11 44
37 52
23 60
43 66
61 54
72 55
39 19
72 89
0 41
36 50
62 91
10 36
83 93
