5
67
70
43
48
1
100
83 89
37 69
69 7
7 89
40 49
49 82
69 73
85 82
71 44
34 10
72 44
27 64
13 10
12 30
65 73
72 27
57 18
53 18
39 78
81 41
42 71
19 78
37 16
76 54
72 6
82 89
3 83
50 18
11 38
55 33
88 42
16 52
61 51
64 59
68 60
76 17
19 23
39 21
19 83
61 12
19 34
88 35
33 18
66 37
20 25
19 2
19 5
19 80
30 10
59 52
27 35
24 6
29 87
27 39
64 12
21 38
12 51
80 57
16 87
18 10
88 61
88 72
88 76
45 65
17 42
40 4
32 47
75 47
66 63
66 22
34 74
26 78
11 72
21 85
40 32
11 66
46 25
26 36
71 14
46 23
9 63
51 87
78 28
34 46
17 46
71 74
40 75
13 32
12 13
71 83
33 84
80 69
51 38
51 2
4 57
5 74
45 85
84 22
40 81
86 23
