5
83
49
1
2
3
100
19 16
53 82
10 82
45 30
38 30
53 57
26 32
60 35
39 42
53 84
60 78
16 95
35 28
42 31
92 57
10 26
85 21
30 95
19 58
92 37
53 89
5 59
47 59
56 59
36 95
45 55
80 81
4 80
0 10
53 51
48 74
25 31
92 48
24 81
45 86
56 80
14 64
66 91
0 92
56 69
45 5
15 31
12 24
85 80
45 71
39 59
66 92
0 12
69 77
77 72
65 70
9 64
56 23
0 95
70 44
35 94
81 59
66 14
89 93
56 77
11 70
37 31
39 84
15 58
72 82
4 89
47 29
82 95
4 52
0 4
0 53
55 40
80 31
66 45
57 34
55 73
87 84
57 11
32 84
66 47
50 17
57 28
59 95
44 58
90 61
9 24
74 95
38 71
24 76
55 10
78 76
77 73
0 66
76 95
11 46
87 14
11 63
13 10
36 89
69 5
