5
11
66
45
47
48
100
58 59
83 86
39 40
86 88
49 50
93 96
52 53
59 61
72 75
92 90
42 41
26 28
23 29
5 8
73 74
74 79
84 85
74 77
74 75
75 77
0 1
87 92
18 19
13 15
16 21
22 23
22 21
28 30
32 30
25 26
27 29
28 32
27 28
13 18
20 25
19 20
62 65
62 64
67 68
62 63
60 59
12 13
17 19
7 8
2 1
9 8
12 14
4 6
2 3
38 40
41 44
38 39
36 37
40 42
16 19
4 5
71 74
69 70
26 31
5 6
23 24
78 80
85 86
81 85
80 84
56 61
60 61
60 58
29 30
29 31
24 26
23 25
81 84
87 90
91 90
89 90
92 93
94 95
93 95
92 94
3 5
4 1
7 6
24 28
30 35
90 96
93 94
35 37
86 87
80 83
82 83
81 83
56 58
56 55
50 54
57 58
72 73
52 51
73 77
78 77
