5
69
1
2
3
4
100
81 78
0 81
22 94
0 62
27 55
22 71
26 60
37 51
5 99
46 39
22 26
37 73
43 60
39 81
37 34
68 53
0 22
0 83
90 64
19 78
0 90
17 74
35 38
27 60
66 33
75 72
17 9
27 31
35 72
48 34
0 75
39 89
17 61
40 71
35 37
17 45
49 55
27 34
84 57
63 29
65 60
28 76
7 73
84 53
84 61
17 35
11 76
64 46
52 55
7 16
49 56
63 19
82 83
96 33
44 61
28 41
82 59
63 74
49 25
28 61
23 94
82 56
32 80
65 49
64 59
55 78
18 6
53 26
19 73
27 58
94 71
92 46
32 79
32 25
27 84
44 31
79 81
27 53
17 39
6 33
63 45
60 9
0 27
65 34
82 84
92 75
76 33
16 81
32 92
54 71
79 9
41 99
44 52
85 34
0 17
82 21
60 57
5 51
18 77
79 92
