5
2
48
1
29
51
100
69 79
0 25
69 60
0 4
45 58
47 79
71 22
20 22
73 36
27 65
59 58
45 30
16 25
27 16
10 18
67 62
45 32
12 31
73 71
62 79
63 21
44 59
45 27
75 43
63 59
30 6
25 21
55 79
60 36
7 19
32 63
45 20
8 19
32 5
76 5
13 32
62 58
54 42
65 43
56 30
17 19
17 35
5 64
4 24
12 28
20 3
67 19
43 59
52 77
53 3
76 6
58 21
37 68
0 11
75 15
77 19
59 21
31 21
18 9
34 36
18 3
71 10
12 60
33 19
7 3
46 60
6 25
20 44
58 78
6 60
25 44
28 44
73 56
5 42
16 9
22 67
45 47
32 77
4 37
12 65
43 16
43 77
33 26
72 74
22 37
24 57
70 5
43 35
67 52
67 9
64 18
28 64
63 77
4 40
63 58
42 66
60 52
75 6
8 4
10 24
