5
43
65
1
2
3
100
0 23
29 51
0 30
29 59
0 36
28 90
69 59
74 51
60 90
69 63
56 61
5 15
60 51
56 20
83 51
69 82
19 59
79 22
7 87
50 20
15 51
69 21
24 23
29 80
29 32
24 75
68 11
21 39
51 90
0 85
24 9
68 33
21 64
0 69
7 12
56 25
41 9
82 84
56 64
56 38
67 11
29 78
0 56
0 7
81 22
83 77
81 4
71 9
48 64
29 18
77 84
37 11
5 17
59 90
81 42
21 26
81 74
0 29
22 75
39 90
21 76
41 54
37 46
19 48
8 52
22 46
62 75
59 23
41 20
19 16
19 22
40 75
21 5
57 75
42 78
61 14
8 84
89 46
8 46
40 6
60 42
61 42
66 46
22 11
58 64
19 70
41 28
41 88
60 68
40 66
60 56
19 20
76 86
32 11
19 10
0 21
19 76
59 14
68 17
75 90
