5
1
2
3
4
5
100
0 99
68 99
36 60
85 92
55 60
29 99
60 99
0 85
81 96
17 58
9 14
0 9
52 81
22 49
50 96
56 58
63 74
43 19
69 96
47 41
38 21
90 83
45 19
76 75
33 83
48 21
58 74
21 19
0 22
7 73
7 57
0 31
68 49
76 57
0 69
10 59
93 59
19 99
52 14
0 7
68 91
88 61
48 41
10 85
0 52
0 76
10 16
10 18
10 36
94 84
41 99
91 74
96 59
91 49
61 85
94 57
24 89
41 44
77 99
61 87
87 72
94 38
44 59
93 83
72 74
30 74
94 7
10 86
82 73
85 59
66 28
18 90
26 53
95 34
25 16
85 74
59 99
22 64
74 99
0 91
65 34
13 7
0 10
84 49
94 95
80 34
93 22
26 12
47 88
87 31
71 90
56 90
36 88
60 49
94 61
56 89
79 62
86 49
26 57
51 87
