5
11
25
27
64
1
100
0 20
45 13
14 35
10 13
75 76
56 45
94 34
36 99
68 35
35 99
38 53
51 99
39 89
33 20
61 42
16 48
46 63
46 28
0 75
72 85
0 26
15 99
36 13
36 47
49 90
72 45
52 53
36 50
16 44
23 69
85 45
46 7
51 8
23 50
22 90
68 19
23 24
34 48
95 53
0 39
53 20
51 9
47 33
29 99
2 33
69 33
70 33
63 42
51 32
52 24
29 31
81 98
36 52
54 93
15 8
36 76
48 42
92 3
6 32
36 97
59 31
79 45
90 13
3 33
12 77
88 77
95 21
20 99
51 38
30 21
88 67
63 21
95 61
5 75
72 95
61 45
36 81
94 75
23 3
34 77
94 56
6 75
49 30
45 99
47 34
36 54
2 38
92 75
46 10
38 10
33 99
49 43
96 81
82 73
0 49
84 98
55 58
8 58
88 98
46 16
