5
18
20
9
28
53
100
61 13
65 39
78 51
65 49
13 62
93 36
65 93
84 92
61 35
65 78
61 33
1 90
61 72
6 3
50 69
81 90
1 15
47 8
77 37
61 50
29 39
29 59
36 19
44 34
47 70
51 62
36 33
87 93
62 99
36 17
87 45
86 69
40 22
93 39
49 35
10 25
76 60
88 95
4 50
4 92
56 45
7 93
6 91
55 64
82 78
22 71
47 88
4 56
63 90
56 34
61 88
85 60
90 35
41 71
46 69
57 34
75 50
86 24
42 71
57 84
94 59
92 33
23 87
2 59
22 96
81 77
4 69
52 71
81 44
60 39
22 73
37 69
97 41
2 30
40 98
12 21
4 5
44 87
44 88
96 50
10 86
1 10
77 5
70 78
21 93
61 81
46 82
1 23
45 19
64 71
38 71
97 59
44 2
12 52
67 98
13 73
13 50
41 73
40 59
56 76
