5
90
27
32
77
87
100
0 21
0 35
86 31
39 45
7 45
31 99
52 25
28 42
79 75
0 93
74 75
51 46
79 45
86 11
7 40
64 22
12 62
36 38
0 52
69 30
12 88
79 4
24 75
0 7
78 99
76 88
23 38
64 20
64 26
70 11
55 45
94 20
61 7
86 16
69 74
23 37
54 37
79 71
23 57
75 99
84 18
95 26
45 99
14 98
86 44
76 68
69 94
31 73
49 43
29 35
64 60
42 99
23 55
28 55
0 86
5 92
48 39
31 94
50 33
68 73
67 16
23 17
23 35
54 6
38 99
23 7
69 84
48 67
16 39
54 17
70 17
36 33
23 18
97 18
43 39
93 39
46 94
0 54
23 21
0 79
59 55
51 52
88 89
0 99
49 2
55 92
24 17
0 69
67 18
81 91
19 95
24 92
23 81
19 84
41 56
76 72
35 99
85 34
56 33
23 6
