5
10
55
95
3
6
100
45 62
74 25
29 24
74 11
14 77
25 99
45 4
53 99
14 19
24 99
14 70
59 75
14 72
45 84
25 77
81 78
86 78
20 70
32 23
14 42
25 12
82 78
36 49
89 5
94 4
36 59
58 64
67 4
22 23
67 17
91 72
97 66
78 99
87 5
25 76
22 72
50 49
36 70
0 45
83 72
18 7
86 49
4 99
96 91
21 72
24 91
71 48
84 72
43 40
20 35
96 67
0 29
61 15
36 58
23 99
18 60
14 92
72 99
98 88
14 25
74 92
0 14
0 20
49 99
57 40
7 40
0 74
59 99
91 88
12 30
60 19
67 19
48 70
52 63
69 28
0 50
77 42
36 12
36 69
5 11
60 42
88 70
40 99
44 65
0 89
62 64
4 11
0 36
96 42
19 99
68 48
13 15
97 98
62 24
68 71
52 65
17 66
77 28
4 73
81 75
