5
21
63
88
7
62
87
0 4
77 52
0 76
0 92
0 22
67 15
17 78
10 58
24 93
0 46
66 61
98 86
64 32
11 31
37 84
71 94
93 45
11 97
38 22
87 58
84 50
92 4
11 8
68 52
30 64
23 75
49 72
93 13
97 22
15 40
90 28
96 57
12 98
97 41
12 19
49 9
15 33
93 83
17 18
85 61
38 96
25 18
38 6
87 81
81 42
23 11
39 77
60 89
40 28
86 78
47 15
94 16
60 39
3 38
0 30
95 55
95 91
52 99
45 98
48 91
57 26
44 45
95 80
54 55
43 35
22 61
97 92
54 90
9 51
56 10
18 14
12 97
18 79
75 86
32 24
58 86
1 96
56 5
36 17
90 55
16 98
37 8
33 59
69 75
10 73
55 50
46 42
