5
54
21
1
2
3
100
14 97
94 83
88 42
14 35
94 59
14 59
73 66
34 9
66 41
39 9
24 38
66 97
0 24
78 41
30 33
52 56
42 97
39 95
46 74
32 41
34 29
58 70
6 52
0 8
34 64
23 35
6 81
35 72
27 34
73 9
0 14
0 27
7 4
9 97
75 38
94 65
13 97
94 98
6 91
82 51
94 79
19 97
94 30
31 37
9 41
95 56
59 41
41 99
31 79
6 34
34 99
97 99
91 81
46 14
46 7
34 4
0 99
82 42
81 56
78 4
5 81
42 81
95 60
4 99
19 33
57 81
68 37
91 48
0 94
6 32
39 74
0 46
59 74
10 37
52 49
13 68
59 96
34 66
56 99
65 22
89 37
91 9
71 81
69 90
70 99
15 86
52 99
76 81
43 30
89 24
31 92
88 8
39 48
42 22
15 82
72 86
59 72
45 28
0 31
51 92
