5
24
1
2
3
4
100
68 99
63 99
0 89
86 83
82 12
66 65
45 20
46 13
34 65
35 36
45 59
45 35
25 98
12 99
0 45
15 62
76 89
65 99
40 89
0 46
34 98
34 79
74 20
74 54
80 92
90 10
63 90
19 96
17 10
80 14
86 25
79 89
96 62
39 98
61 90
41 26
86 16
0 80
10 89
85 84
66 71
76 66
68 30
81 50
31 21
20 53
63 19
42 67
21 9
29 62
86 76
86 59
33 34
85 40
68 28
85 46
17 27
42 78
35 46
5 69
62 99
17 16
13 82
33 95
91 60
0 86
17 13
79 71
39 29
63 42
33 64
0 63
26 99
17 65
48 71
54 53
69 91
73 8
32 8
53 99
29 9
92 46
69 16
23 84
25 9
31 25
9 99
56 7
50 84
92 82
61 60
77 47
32 12
20 37
84 98
50 46
98 99
35 68
32 58
20 99
