5
25
49
11
20
23
100
38 66
0 56
0 62
0 41
36 54
36 75
44 58
44 1
36 48
5 78
64 74
18 78
58 67
44 17
53 74
38 68
1 67
46 40
33 44
64 37
65 55
16 79
63 51
37 17
64 65
33 72
5 24
17 81
36 39
33 16
33 64
3 43
70 31
70 62
12 75
36 70
33 12
30 26
51 67
0 36
24 67
77 79
67 81
77 38
27 45
66 44
33 3
73 75
2 32
76 48
60 44
62 16
63 47
2 55
45 75
29 21
48 81
40 75
60 43
52 21
32 78
73 57
52 58
73 80
62 12
79 78
15 78
78 81
29 63
16 44
22 58
2 22
2 18
24 66
42 18
35 75
65 77
29 27
42 22
53 65
33 62
46 43
54 55
47 44
0 33
67 50
12 72
53 68
26 44
5 36
46 65
5 63
18 14
58 21
8 55
29 5
29 79
46 28
71 19
77 50
