5
72
37
43
12
54
100
79 11
21 8
38 19
15 82
4 60
77 52
38 52
71 66
0 62
56 36
1 62
32 36
47 26
38 56
0 21
15 17
79 14
39 73
15 70
66 18
48 63
47 42
60 82
15 11
47 64
35 82
24 18
26 18
20 68
48 7
47 41
34 22
46 73
36 62
39 75
71 58
79 47
1 67
15 48
49 17
24 63
59 52
39 16
52 82
3 7
55 22
65 73
59 14
15 71
65 62
34 48
4 73
46 70
0 79
55 19
55 6
4 82
13 71
24 26
53 68
61 30
15 39
28 73
61 55
7 70
22 23
63 18
20 24
49 8
17 82
14 82
27 62
0 38
62 82
73 82
0 13
10 32
18 82
31 16
8 23
30 51
70 82
2 82
7 51
10 24
17 23
59 58
19 77
10 56
67 22
7 71
25 51
3 71
31 30
81 71
10 71
29 13
1 40
11 19
7 6
