5
14
84
1
2
3
100
0 37
65 99
55 96
94 41
78 28
62 96
60 5
51 91
16 87
23 80
89 52
60 71
87 99
13 60
48 80
97 20
13 94
57 99
79 99
50 33
16 64
51 77
0 13
12 20
9 99
80 70
48 81
73 47
51 97
78 22
89 81
62 89
82 96
31 22
65 58
4 21
24 6
96 99
46 24
0 51
68 69
63 73
22 81
40 66
16 36
0 77
61 56
0 63
32 54
12 56
39 56
31 35
39 59
52 66
31 61
25 43
34 66
23 36
55 97
54 62
92 76
59 66
70 99
92 93
89 69
78 76
92 83
72 73
31 10
23 60
55 94
67 58
87 12
60 58
66 69
87 44
55 25
50 64
72 86
19 73
55 62
67 93
56 62
92 39
47 53
28 44
87 80
92 32
91 20
94 73
0 46
0 31
82 20
19 7
17 20
89 20
94 16
59 75
95 80
58 99
