5
7
3
1
2
4
95
0 37
36 50
46 89
5 12
41 48
6 10
79 89
56 35
45 76
46 72
49 10
29 21
64 99
60 89
97 67
22 19
51 89
63 80
67 48
22 41
75 89
59 88
8 33
58 32
19 6
56 76
63 62
23 62
93 69
88 48
19 39
43 29
36 8
40 42
96 49
94 85
37 85
91 44
32 29
22 31
44 42
0 36
50 53
74 90
60 35
98 72
25 54
28 13
14 55
40 53
34 12
22 18
72 73
82 64
11 8
98 21
87 72
22 81
79 84
40 56
46 93
22 50
80 85
74 56
10 75
62 48
6 29
24 13
63 21
12 82
15 21
78 95
49 68
35 27
95 83
5 8
28 63
47 59
45 31
11 17
96 34
57 85
70 45
26 71
45 15
55 84
70 93
86 18
81 18
65 31
33 39
98 50
19 18
46 92
15 25
