5
1
2
3
4
5
100
0 52
0 57
0 9
0 64
0 66
0 69
0 92
0 6
0 70
7 16
7 88
21 57
33 75
33 76
48 8
48 76
56 8
56 57
48 11
48 34
48 38
48 54
75 99
52 99
89 99
22 99
88 99
59 99
76 99
26 35
39 25
7 64
7 96
21 29
21 60
33 41
33 87
48 55
56 64
56 86
56 87
0 7
0 56
0 39
0 95
48 95
54 99
0 21
0 33
49 38
81 38
48 32
48 91
57 99
35 99
25 99
54 16
73 8
86 8
96 16
49 85
81 92
48 77
0 99
36 99
0 48
49 84
15 99
20 13
30 47
54 34
54 38
73 34
73 38
96 11
98 11
26 9
26 29
26 37
26 46
26 88
49 44
49 74
81 44
81 83
8 99
16 99
0 49
0 62
0 96
61 94
26 92
61 6
19 6
20 92
20 95
36 55
45 97
71 6
72 92
