5
78
60
9
4
39
100
0 79
33 3
3 36
0 2
31 52
77 79
0 34
46 57
50 79
0 26
0 64
0 66
2 19
31 1
73 1
2 61
37 38
61 1
19 1
0 58
24 27
68 26
0 48
42 11
77 36
42 1
46 58
28 1
53 22
0 16
25 14
49 1
77 1
72 1
25 66
53 1
24 58
74 68
0 15
0 30
37 32
69 1
18 1
3 44
71 58
0 14
3 43
42 59
75 30
0 44
3 63
32 26
3 8
0 70
8 1
0 25
64 1
77 30
11 1
41 1
21 16
69 70
73 2
33 2
35 40
3 65
52 59
77 2
0 46
38 1
51 43
61 65
64 54
0 20
24 20
63 1
3 5
0 3
58 1
0 73
42 5
29 65
15 2
0 24
27 26
66 2
0 29
21 45
65 2
36 1
33 48
8 2
28 2
17 2
75 73
5 2
31 15
0 71
12 2
40 2
