5
70
2
3
4
5
100
0 69
0 79
0 63
0 11
29 82
29 16
0 44
72 32
28 90
83 72
17 87
54 90
64 76
80 65
29 25
11 18
41 9
87 90
19 30
59 65
0 29
50 30
54 65
33 22
28 55
33 24
61 90
40 55
85 30
32 16
88 10
40 34
87 69
60 65
0 39
78 74
78 58
9 69
55 15
42 69
22 15
76 47
14 38
76 58
69 90
61 51
66 65
0 64
17 41
41 40
56 24
17 77
42 34
0 83
30 90
13 38
24 34
65 90
62 40
61 50
56 33
81 90
13 74
62 73
6 34
16 90
48 33
51 34
21 33
20 35
62 12
55 8
14 6
86 33
8 71
33 34
50 85
32 35
56 45
34 90
7 58
33 71
24 6
85 49
0 90
24 12
36 53
61 8
19 38
7 59
75 83
25 6
60 12
0 75
85 71
56 72
56 21
62 19
62 67
59 6
