5
65
81
1
2
3
100
0 63
28 99
39 24
0 84
0 12
71 80
83 25
27 31
0 99
83 66
41 83
89 80
71 30
22 45
67 43
0 41
74 43
67 96
38 24
98 80
30 20
8 46
67 74
83 58
39 86
83 84
34 15
75 98
39 90
24 45
17 58
88 95
78 42
42 69
0 89
75 60
15 45
51 40
85 40
75 34
26 31
0 67
30 66
13 12
6 58
62 34
32 78
55 40
17 87
25 58
4 45
6 34
21 69
32 79
70 31
45 99
74 82
70 58
48 24
82 80
25 31
84 31
52 24
17 11
33 62
39 13
35 91
86 80
88 16
58 99
28 50
4 80
33 76
70 16
92 40
68 19
91 95
39 71
7 27
64 90
54 55
33 9
0 30
13 11
18 55
39 18
26 38
68 88
31 99
98 38
64 48
39 43
13 78
46 99
32 88
93 72
52 29
80 99
0 39
59 89
