5
75
1
2
3
4
100
11 43
20 89
89 10
0 30
79 99
98 60
17 88
58 71
65 54
78 70
54 45
34 99
7 20
65 71
62 42
0 96
48 11
87 99
70 93
72 71
71 20
0 48
91 33
87 40
7 76
26 89
44 18
60 20
70 98
19 29
57 12
73 12
24 99
26 52
94 10
7 65
10 99
49 18
92 30
41 83
32 73
32 25
33 57
46 89
41 65
26 51
15 28
17 96
8 6
34 83
29 20
70 53
93 65
70 91
94 12
58 81
87 44
70 7
32 41
65 89
17 27
94 86
16 18
9 53
70 72
9 81
34 32
17 62
63 83
43 89
76 20
97 21
45 99
65 5
41 59
11 59
94 25
19 82
82 21
97 29
68 19
15 81
81 20
5 73
94 98
0 17
40 21
68 71
94 40
86 6
0 99
0 34
10 79
65 25
9 39
97 60
79 25
92 42
58 96
90 25
