5
39
74
87
1
2
100
42 3
6 94
29 94
12 72
14 36
91 9
42 52
38 94
3 94
84 94
24 58
14 70
24 69
14 35
19 62
92 41
91 17
83 25
90 25
58 41
22 89
7 62
45 61
19 57
24 42
67 77
0 24
6 13
19 8
0 67
6 77
12 75
0 12
32 65
45 92
36 9
47 20
84 3
55 90
30 76
6 42
72 68
6 48
0 14
0 55
19 59
77 41
89 9
8 17
47 42
37 57
42 9
19 7
19 45
90 73
32 73
89 17
8 20
0 19
32 83
34 13
47 36
34 92
21 13
61 78
17 41
21 25
32 11
34 21
47 45
0 32
42 20
17 13
47 48
3 9
42 12
26 83
75 41
43 73
42 91
81 70
43 21
41 94
21 9
0 47
82 52
42 40
53 31
91 69
71 94
57 73
90 7
71 4
61 62
76 65
17 20
29 13
75 31
91 15
61 13
