5
20
65
1
9
10
100
62 11
24 79
4 79
34 79
31 41
28 79
62 29
21 58
0 13
35 12
73 47
51 58
57 47
35 59
69 3
17 40
17 32
45 47
14 79
63 47
35 34
2 7
25 4
11 78
15 13
64 29
60 8
16 41
11 77
27 47
37 54
0 51
35 30
24 34
60 25
41 54
39 32
37 66
5 3
53 70
67 47
55 18
11 13
17 56
27 79
12 21
8 79
11 22
64 30
72 12
14 3
50 16
11 24
64 52
17 69
14 41
37 13
17 2
29 13
68 4
46 7
37 52
62 13
61 12
74 78
0 37
68 7
15 57
11 70
27 74
35 11
44 24
12 48
19 18
69 33
15 61
26 24
15 53
16 18
21 13
69 31
17 37
39 74
32 47
77 78
42 33
0 17
59 33
3 47
43 30
60 33
72 62
23 43
42 71
4 47
42 56
66 79
23 55
38 61
38 33
