5
18
26
21
67
59
100
77 73
73 79
82 65
52 51
82 49
32 93
0 73
78 79
29 83
68 79
65 79
66 42
77 48
84 85
43 88
50 51
0 29
46 7
1 22
33 42
43 69
1 70
54 71
0 77
17 45
0 32
13 62
19 80
86 42
43 76
38 54
84 66
63 12
84 16
0 84
46 55
12 53
2 47
14 49
16 66
51 94
8 73
46 91
56 69
75 54
56 61
86 70
28 61
39 73
46 17
23 47
12 83
69 62
81 5
17 63
80 89
22 49
87 6
39 35
19 49
33 61
1 62
89 78
88 37
43 44
43 14
78 93
12 8
71 8
0 16
28 87
1 66
27 89
37 83
70 49
61 49
34 47
43 2
0 43
47 73
22 6
13 11
86 80
19 65
71 80
13 8
9 8
19 90
35 5
64 41
0 28
24 41
86 87
66 34
82 83
39 63
9 4
0 46
19 64
9 93
