5
83
44
29
73
7
100
39 23
28 15
30 67
18 67
26 38
67 88
26 34
52 58
9 58
0 69
0 24
0 39
40 45
61 45
0 26
8 46
45 58
23 2
36 2
42 72
61 47
23 30
64 15
0 42
15 78
18 12
69 31
23 69
87 61
0 8
61 12
79 2
61 84
34 4
82 40
79 51
22 36
10 64
20 30
61 62
61 22
12 4
26 2
36 24
13 64
64 40
40 58
5 84
52 46
56 46
38 65
62 69
56 3
16 31
6 16
26 28
19 25
84 4
45 17
10 59
70 25
14 37
5 27
41 69
79 32
45 64
10 17
6 27
30 58
74 16
81 24
57 20
19 48
82 25
53 24
6 43
18 15
26 85
41 81
5 67
35 67
16 2
61 26
87 65
45 62
12 37
54 1
0 23
42 22
42 9
65 67
46 22
42 25
39 65
80 77
39 33
31 3
75 67
46 80
72 21
