5
22
29
3
19
8
100
45 23
27 59
31 59
10 14
14 42
30 47
12 59
13 59
34 10
47 59
40 5
27 6
13 5
11 25
32 51
48 25
12 55
20 50
12 52
40 44
36 51
26 6
57 14
44 37
24 49
37 6
30 42
20 35
32 17
36 49
50 25
11 15
52 25
6 25
36 35
55 25
12 44
34 11
16 35
58 44
20 43
36 44
43 44
33 11
11 44
0 45
36 14
32 40
32 30
34 43
13 30
20 13
20 17
4 26
58 40
23 13
56 21
52 14
12 24
41 21
48 40
32 57
28 43
56 9
4 24
34 20
1 30
1 13
28 37
56 17
49 37
31 15
12 15
56 46
0 27
16 37
31 28
10 52
46 9
52 47
13 45
12 53
26 40
52 55
21 14
6 38
28 7
7 15
9 55
0 32
34 32
54 50
46 2
34 48
49 50
53 27
34 18
32 27
32 12
58 27
