5
7
83
39
98
64
100
0 99
14 76
53 76
84 99
17 68
0 25
46 15
45 76
86 94
40 96
0 73
9 2
95 89
11 17
76 67
76 68
84 92
86 4
97 72
47 42
1 72
75 97
12 72
86 92
68 99
94 99
8 47
82 12
4 10
11 28
0 6
82 28
30 54
25 69
38 92
38 14
62 34
8 66
89 9
67 99
31 9
88 80
42 89
59 50
32 4
62 31
2 10
1 85
1 37
52 69
89 20
74 34
38 37
14 69
12 10
82 59
8 62
10 99
1 59
49 27
29 97
88 62
75 27
87 91
31 97
21 37
90 80
36 80
75 91
23 24
0 95
55 26
81 41
44 37
34 54
17 20
9 92
32 81
89 84
44 3
1 42
30 40
52 24
35 24
96 80
72 15
91 86
1 81
14 18
26 54
35 29
27 9
70 41
61 59
67 97
14 53
14 16
47 5
10 69
71 32
