5
64
44
76
6
1
100
47 67
0 32
2 15
0 21
61 67
14 21
45 38
15 79
36 11
38 32
14 36
50 28
47 38
47 60
25 67
38 49
25 78
25 49
45 24
38 60
26 67
32 28
54 43
40 69
54 70
40 13
61 31
54 22
28 79
50 48
67 79
20 39
16 58
14 45
75 5
2 13
69 8
0 59
0 14
0 54
70 13
27 13
34 48
34 13
39 48
56 5
61 43
16 45
2 5
39 58
12 48
0 16
17 4
15 20
61 55
0 61
7 5
0 40
11 50
77 29
43 47
17 20
52 58
17 72
58 79
73 24
2 21
11 26
11 2
65 55
77 12
19 38
18 13
60 56
11 29
34 31
19 71
0 17
34 74
68 26
70 73
68 12
33 2
33 29
15 43
22 24
33 46
55 5
70 34
31 62
55 26
8 79
39 10
3 57
33 25
68 19
27 56
0 15
3 28
24 13
