5
35
57
67
77
33
100
86 96
62 63
38 48
94 95
62 72
53 63
61 70
72 81
71 80
11 12
41 51
62 71
2 12
70 80
43 44
59 69
31 32
46 55
68 69
21 31
17 26
28 37
47 48
16 17
24 25
34 43
50 60
76 86
11 21
13 23
36 46
36 45
28 29
10 20
38 29
37 46
34 44
11 20
28 38
78 79
52 62
85 86
0 1
10 11
5 15
6 16
6 15
42 52
13 14
17 8
19 29
43 53
5 14
17 27
26 36
51 61
84 85
84 94
32 42
39 49
41 50
48 58
32 41
76 85
54 64
65 75
63 73
52 61
25 26
55 56
64 74
4 5
82 92
40 50
95 96
95 86
27 37
27 36
45 46
43 52
22 31
21 30
51 52
61 62
73 64
70 71
71 72
82 73
82 83
81 82
92 93
92 83
63 64
73 74
63 54
83 74
75 66
76 66
59 68
30 40
