5
61
1
47
21
57
100
29 82
30 4
31 50
31 30
39 38
0 53
38 82
74 54
10 48
70 30
66 41
70 69
37 10
69 17
22 75
23 44
32 12
74 82
77 12
37 49
31 63
0 82
71 64
71 50
2 12
31 81
60 42
6 5
74 72
78 48
45 56
12 13
27 41
62 13
22 64
69 48
16 26
13 82
74 56
23 54
42 80
37 31
78 9
23 30
30 56
29 53
10 66
62 48
78 77
58 52
76 48
52 53
59 4
36 63
23 17
23 79
54 80
71 6
62 10
78 23
71 24
40 19
44 82
15 53
71 67
33 48
78 62
0 37
74 60
43 9
0 78
74 10
76 59
23 82
36 24
52 42
33 63
70 49
54 48
35 5
23 24
53 82
48 80
3 4
54 17
70 22
31 16
51 7
54 55
33 6
52 41
17 24
52 45
33 27
12 5
66 56
31 22
35 49
48 79
64 24
