5
54
49
48
74
46
84
26 75
0 10
15 8
95 8
30 43
28 11
70 40
82 29
47 69
83 78
6 11
10 39
87 38
34 66
79 45
47 1
6 37
41 12
79 21
2 7
47 76
32 58
17 94
30 63
44 45
3 5
31 11
87 63
37 35
68 35
81 66
19 72
12 73
73 5
73 61
44 86
12 27
69 40
22 84
76 18
23 34
79 22
33 59
4 21
95 51
62 25
42 35
1 86
61 55
36 55
1 57
47 67
88 53
13 77
65 3
65 76
23 47
89 34
23 88
43 11
91 9
42 78
32 7
85 50
61 78
85 25
7 77
43 5
13 4
41 70
76 81
37 19
56 57
55 93
40 98
95 80
93 57
77 2
60 86
3 95
53 91
98 99
93 82
35 82
