5
81
95
18
1
2
100
32 61
49 88
86 43
70 19
43 61
16 83
20 47
36 78
31 78
4 69
73 70
49 73
7 76
48 27
49 67
72 91
20 10
58 21
54 62
78 61
86 55
79 62
6 69
79 88
37 83
26 55
96 9
17 85
0 7
53 25
55 83
14 71
0 16
97 65
42 69
27 47
49 96
10 29
26 10
33 12
76 25
78 62
75 91
27 33
32 31
26 14
93 82
70 17
35 60
97 10
60 19
55 8
60 12
71 82
84 82
87 15
49 4
15 91
57 44
33 47
29 65
61 99
75 28
0 49
55 68
66 51
0 32
76 16
40 65
84 54
70 96
67 44
75 69
86 88
39 65
42 12
52 65
88 99
76 57
70 60
29 62
76 78
83 99
76 86
65 47
76 53
55 16
31 62
56 85
41 22
84 34
67 36
92 66
27 12
29 92
82 99
47 99
74 45
74 30
85 69
