5
6
7
29
96
34
100
68 48
68 9
37 72
57 99
53 62
65 46
64 99
8 27
13 12
8 20
22 48
37 88
37 9
92 54
15 60
46 10
33 28
55 60
2 82
8 13
71 42
10 60
48 60
65 74
92 73
53 57
84 66
26 33
76 59
81 9
0 68
98 72
28 99
17 22
21 89
90 59
15 47
98 85
90 41
19 25
56 62
12 82
60 99
40 22
95 85
47 54
88 66
54 48
58 78
76 58
28 64
95 78
91 35
71 66
25 47
14 33
15 71
48 27
92 35
22 72
90 98
64 72
14 24
51 18
18 27
26 66
36 74
16 53
37 63
46 67
88 81
14 93
97 94
16 87
95 30
79 74
39 3
77 59
10 97
32 74
89 4
4 49
14 97
55 35
2 49
95 97
28 62
61 14
41 92
16 39
77 74
5 49
55 50
25 87
58 49
25 97
2 23
59 27
21 15
53 8
