5
1
2
4
6
14
100
62 71
17 99
62 88
89 28
66 26
7 68
22 91
68 71
61 26
90 21
34 16
83 26
11 8
34 20
44 99
0 80
0 48
0 64
84 94
55 27
43 23
34 24
60 27
75 29
75 65
34 17
0 62
90 94
67 19
26 44
12 80
75 19
11 57
11 72
77 37
57 54
0 22
71 99
10 61
76 99
47 30
74 35
57 80
95 50
95 25
89 51
13 67
88 35
36 61
5 34
93 64
74 42
25 80
57 3
30 99
10 98
57 52
57 23
32 31
95 36
93 90
89 7
61 80
89 15
37 3
16 26
96 46
68 28
16 13
84 43
57 27
19 79
55 43
37 54
36 47
70 35
11 79
96 3
95 55
19 64
17 35
84 64
53 86
22 34
0 18
82 51
50 35
0 23
17 27
81 47
16 74
92 73
32 34
16 5
17 66
93 46
93 12
62 43
93 22
35 21
