5
16
38
72
1
2
100
35 14
5 52
0 99
95 33
0 74
33 99
70 53
0 21
37 14
66 23
98 99
0 5
79 35
12 14
79 65
48 53
33 60
31 52
0 79
61 21
70 82
57 53
66 21
97 37
61 83
69 14
31 20
33 20
58 14
11 32
24 32
23 99
8 96
70 93
87 54
12 63
70 78
29 37
52 60
14 99
61 94
86 63
70 27
78 21
12 28
23 59
61 46
31 81
66 87
97 63
59 37
68 60
4 7
4 63
12 88
25 60
22 74
24 81
53 99
68 63
58 63
62 21
69 73
12 3
66 8
62 60
97 96
7 74
81 35
11 65
90 34
61 90
18 5
35 60
23 63
58 21
12 71
42 3
18 71
95 24
66 31
66 86
0 48
98 34
4 71
57 47
79 93
61 82
37 99
78 47
94 26
74 60
69 41
33 6
78 19
49 19
39 63
27 21
73 21
0 61
