5
43
35
24
46
47
100
0 9
34 20
85 82
11 65
50 83
67 78
50 94
42 59
94 66
94 11
59 87
0 50
40 9
94 18
85 1
79 96
49 87
61 23
96 16
94 25
34 75
34 10
94 34
0 57
61 78
82 16
59 98
39 38
75 80
94 19
20 99
14 4
94 97
28 55
75 53
75 54
28 33
15 85
75 32
28 68
44 6
93 80
16 87
93 38
61 15
83 66
96 27
31 38
5 51
4 66
80 99
79 13
87 99
38 6
6 99
30 68
8 59
0 28
95 57
61 5
3 29
76 22
34 85
11 12
17 49
21 29
74 81
74 30
59 97
1 66
70 66
74 14
61 28
3 60
85 13
53 77
53 84
27 55
81 91
72 29
6 66
74 54
76 89
4 55
96 39
13 66
27 97
15 40
66 99
53 60
93 65
62 57
49 99
34 60
36 88
62 70
8 97
34 42
0 94
91 88
