5
5
6
7
8
9
100
27 99
40 99
92 34
17 92
32 34
0 47
90 63
14 90
72 84
15 41
27 49
56 34
27 90
40 25
72 56
32 60
95 63
93 36
72 89
98 20
70 33
15 70
44 70
27 54
60 19
96 26
0 72
32 88
15 61
65 41
92 41
86 41
81 38
27 13
67 52
58 90
97 54
32 15
63 26
67 49
84 34
11 2
45 61
36 39
81 42
27 81
50 16
97 45
55 70
0 32
63 39
57 39
67 50
67 51
0 27
3 29
97 94
44 90
34 99
3 21
68 49
70 39
50 58
24 16
20 33
24 10
82 90
41 99
29 99
67 48
58 39
73 56
97 11
84 42
16 99
78 1
29 33
39 99
26 99
29 10
52 99
58 59
24 78
86 50
35 19
82 10
77 50
0 97
67 63
86 3
74 19
20 73
50 10
84 46
44 13
75 73
31 10
11 3
35 88
20 76
