5
26
49
1
2
4
100
69 21
51 93
32 52
76 30
54 73
5 42
98 52
9 74
97 52
39 28
87 53
17 61
84 92
35 28
60 32
69 76
75 24
56 19
52 42
43 84
80 71
92 19
32 53
36 11
28 99
17 90
36 27
58 68
17 43
35 38
19 62
62 53
17 75
71 53
58 76
66 79
94 53
23 87
66 50
0 17
0 69
44 99
92 38
47 78
16 76
28 70
47 59
89 76
55 73
92 48
44 92
9 79
0 89
9 24
63 16
55 37
93 42
47 97
10 31
28 11
44 63
47 98
47 84
12 39
57 67
28 14
12 99
92 68
53 42
9 50
55 7
57 68
78 99
59 76
42 99
29 25
55 11
3 54
48 76
44 3
43 73
72 27
44 55
53 73
57 80
15 38
15 76
15 8
24 25
25 99
51 76
80 38
76 73
29 99
24 27
24 50
9 68
81 86
73 99
48 37
