5
24
61
1
2
3
100
0 26
52 97
21 49
39 50
0 21
78 45
19 50
28 69
16 68
80 6
7 49
15 85
5 50
75 41
14 85
5 77
35 49
8 68
5 85
23 90
78 39
8 57
7 70
10 71
25 69
28 67
74 40
7 80
5 60
16 78
86 45
0 16
10 67
85 97
92 22
10 58
22 50
56 45
90 30
7 64
7 74
14 70
76 97
7 91
33 49
20 86
79 42
89 15
42 91
44 49
60 97
83 47
20 95
28 83
94 40
37 63
29 49
75 47
93 21
53 12
62 47
46 70
30 50
85 41
77 97
19 55
55 9
29 69
57 32
94 17
40 53
84 23
5 90
52 8
57 43
85 48
81 37
14 65
28 52
60 6
89 31
32 68
75 40
50 97
5 84
82 43
56 33
42 54
38 70
44 68
23 70
43 91
28 55
14 79
0 7
10 81
41 91
35 70
22 70
75 36
