5
21
68
74
3
4
100
88 72
38 96
27 30
92 72
65 54
27 62
43 54
72 96
66 96
9 65
17 96
73 28
23 52
47 18
23 48
37 65
5 65
91 51
85 75
36 23
60 8
58 6
78 26
73 71
29 34
33 46
27 10
15 52
27 85
51 26
43 65
36 27
78 52
78 53
43 14
31 86
62 46
71 11
77 14
52 18
31 92
14 65
16 51
62 82
71 95
82 28
84 31
91 16
84 6
8 43
34 85
55 41
78 49
0 84
75 28
83 65
32 69
13 39
91 84
88 28
91 34
32 92
37 79
37 28
87 46
0 36
0 9
58 40
66 79
65 96
29 85
15 69
28 96
29 49
70 76
41 46
66 64
95 60
66 24
27 69
76 69
72 16
60 51
13 11
13 12
0 58
38 93
69 96
27 75
13 85
46 18
18 96
37 24
57 92
57 50
31 54
69 11
31 93
72 85
57 93
