5
42
46
52
56
83
100
71 90
0 68
78 98
21 7
2 49
71 95
71 89
93 76
17 84
17 26
0 18
58 33
33 49
24 7
59 68
41 16
82 73
33 98
67 11
1 31
29 58
32 28
41 88
3 79
37 62
0 23
62 3
43 61
13 1
62 80
82 39
10 49
76 99
98 16
98 68
7 49
84 77
13 32
94 31
62 81
28 4
98 5
82 59
71 78
71 48
54 89
6 9
71 30
33 15
8 67
13 82
64 49
7 79
31 68
45 3
8 29
13 62
4 95
75 37
58 11
30 11
72 87
48 49
64 73
68 99
64 16
11 16
89 77
84 66
20 35
24 2
54 75
13 69
6 69
26 66
0 13
35 14
54 40
73 49
77 99
92 16
28 51
54 14
97 92
54 44
54 35
89 14
55 92
71 18
25 66
0 43
8 23
54 90
90 93
54 65
50 66
11 80
10 29
50 92
37 88
