5
18
33
1
2
3
100
55 35
0 55
70 95
76 27
85 12
66 67
66 58
57 66
92 53
27 53
83 62
94 86
92 48
85 16
24 42
4 23
21 82
24 31
67 71
47 91
90 65
71 95
82 34
9 34
7 48
25 62
31 36
89 34
36 28
85 10
92 5
0 76
34 95
23 48
56 66
58 83
62 95
56 95
52 11
85 69
20 11
59 66
0 85
0 10
20 40
20 32
20 57
20 77
30 6
67 70
0 7
80 11
20 73
39 10
59 5
67 6
50 83
92 59
0 92
16 10
31 95
84 55
6 83
29 47
6 95
56 5
72 37
39 11
90 10
20 82
9 91
0 95
0 72
56 13
37 65
11 95
56 35
74 57
77 83
53 83
79 89
9 72
22 7
28 95
0 20
35 84
76 57
9 42
39 41
52 81
0 52
83 95
21 64
90 12
75 59
19 44
19 7
47 7
40 95
74 49
