5
19
1
2
3
4
100
0 18
21 86
86 96
87 39
34 39
27 81
37 17
8 57
47 17
57 60
40 62
77 52
28 30
21 46
86 74
8 92
23 84
38 86
43 22
17 61
26 41
36 16
43 15
23 72
35 62
45 10
61 96
31 8
45 80
40 55
33 60
35 39
13 56
15 56
55 60
32 60
53 60
0 96
0 31
28 75
39 60
27 91
0 87
68 43
93 8
13 16
60 96
90 47
52 64
68 23
44 67
66 48
0 68
27 90
94 18
75 80
81 52
47 96
95 88
64 71
67 71
0 13
45 76
74 26
27 40
44 17
0 32
91 96
9 88
94 71
55 57
64 56
55 81
66 70
75 71
77 28
55 66
91 76
77 29
60 62
64 96
74 49
51 49
93 77
94 69
73 52
94 88
91 88
74 56
86 95
9 49
73 16
82 12
56 96
64 80
91 80
27 15
75 52
82 50
59 92
