5
30
28
40
66
1
100
0 77
80 97
5 53
17 8
74 22
54 22
0 79
48 5
74 53
41 43
19 13
58 87
86 10
0 86
0 7
78 77
37 13
84 11
83 22
75 22
0 48
95 73
43 11
2 11
46 97
24 97
0 95
0 19
33 8
68 97
74 50
11 97
89 87
82 53
51 19
0 78
44 59
81 65
87 8
81 70
73 69
77 26
57 26
0 2
46 6
0 23
70 8
44 2
65 8
41 58
44 86
73 86
72 2
20 63
74 23
46 35
57 35
69 8
85 36
44 31
33 38
53 97
43 2
51 50
46 19
41 92
51 21
46 10
14 56
51 31
79 31
44 12
79 5
56 85
86 58
29 36
92 36
43 52
59 19
5 35
14 78
58 8
90 6
12 3
57 36
5 36
52 36
0 74
85 21
13 2
33 20
68 13
61 13
8 97
62 77
43 27
3 36
33 87
13 35
0 33
