5
87
52
80
1
76
100
0 99
18 95
0 53
90 9
32 34
98 19
9 92
0 72
6 99
19 36
79 18
79 40
12 15
89 45
0 30
60 78
70 92
90 68
74 16
0 79
0 90
70 66
97 40
6 44
24 53
58 66
8 15
0 24
82 36
12 30
12 90
70 28
66 64
97 94
8 83
21 14
95 99
81 31
81 17
12 97
51 34
20 25
10 14
45 99
0 82
37 34
49 78
20 91
44 99
70 50
12 89
40 53
66 75
3 14
41 14
51 84
65 14
34 99
36 99
0 12
49 63
46 54
47 60
34 54
92 99
10 41
61 96
64 99
3 69
46 96
94 96
34 60
35 23
10 69
54 78
70 90
33 24
49 27
86 67
38 90
61 59
70 47
93 78
10 35
20 61
38 23
20 21
8 3
0 66
0 8
83 23
10 46
88 24
78 99
0 85
61 23
61 37
69 99
74 13
2 74
