5
43
45
28
32
55
100
0 70
65 61
0 20
65 8
0 23
36 46
38 47
49 70
68 33
0 26
42 60
33 22
65 35
30 25
65 68
18 63
15 31
0 38
47 36
0 47
65 4
46 6
30 8
17 34
25 22
57 42
7 64
46 20
66 61
68 22
30 41
65 52
66 21
2 61
31 34
8 33
46 30
2 50
33 63
27 40
46 25
53 44
3 63
14 61
27 23
69 20
53 26
0 57
37 60
58 14
49 18
0 65
22 70
29 21
1 60
53 69
50 51
46 4
37 62
58 21
58 25
7 41
2 64
58 9
53 9
37 15
66 9
61 70
63 70
21 70
46 57
59 54
53 27
3 6
54 40
52 64
42 26
59 40
17 33
58 37
66 2
9 44
40 51
0 66
46 8
53 7
0 46
59 25
34 70
49 15
39 25
48 3
11 7
69 51
11 16
58 8
1 23
58 68
6 51
58 48
