5
21
2
98
1
3
100
85 18
10 23
60 32
63 23
65 23
24 69
28 23
71 23
59 74
84 74
69 99
78 23
22 83
60 40
10 85
18 99
87 99
59 46
56 34
84 29
97 43
63 16
10 51
7 92
91 67
77 43
84 89
7 53
7 71
60 59
81 83
13 26
28 97
26 92
84 11
45 51
44 31
0 60
0 84
76 71
22 45
86 36
0 22
23 99
34 99
26 12
10 80
43 99
79 4
5 55
26 41
13 5
76 95
26 91
13 41
55 20
97 29
71 36
0 10
79 25
33 25
89 62
81 74
26 93
74 16
81 47
81 11
6 5
25 99
79 90
32 73
57 12
91 99
52 82
0 76
57 67
55 16
24 75
26 52
26 8
0 13
43 16
79 65
48 51
86 51
27 4
88 16
77 92
31 57
92 99
0 48
78 68
74 12
36 99
0 99
68 67
34 5
96 72
0 26
16 20
