5
30
74
5
63
44
100
13 99
16 31
65 99
33 99
94 99
26 19
90 7
7 78
20 99
78 99
43 39
64 16
2 50
22 39
2 64
12 39
2 62
20 31
10 89
40 31
14 93
38 29
85 60
59 50
31 80
28 23
2 58
85 90
26 6
0 2
29 39
67 42
52 61
26 8
91 32
94 61
56 57
13 7
92 64
87 83
38 69
24 61
89 72
80 39
32 23
66 7
56 90
26 89
16 39
51 1
47 35
28 18
37 83
14 18
28 96
67 91
46 23
28 38
59 88
65 39
13 64
47 87
47 92
28 89
81 91
67 71
26 27
56 84
67 66
67 22
68 38
70 40
83 39
38 49
53 12
34 73
65 86
26 59
98 40
64 93
98 93
8 1
38 33
19 80
88 77
39 99
93 23
46 29
3 66
12 49
13 71
68 24
94 52
81 37
50 4
47 28
81 71
14 25
3 25
97 23
