5
5
49
90
1
2
100
61 92
0 42
18 99
62 97
92 21
66 92
24 92
0 23
26 24
57 22
29 97
73 58
6 17
74 55
76 83
70 80
40 99
59 66
32 77
32 96
22 99
70 42
34 3
93 63
21 97
36 42
56 53
95 58
69 60
9 11
97 99
0 69
53 83
81 52
34 88
95 92
15 99
33 63
78 58
74 32
96 84
0 74
14 99
53 58
68 27
53 66
41 58
57 44
63 58
48 66
19 39
81 20
8 28
92 58
73 62
66 99
38 95
83 99
25 9
38 36
70 81
27 99
60 62
7 91
93 34
77 30
73 43
8 56
66 3
57 93
23 61
64 7
15 58
58 99
9 42
13 36
13 24
23 64
79 50
3 99
13 95
70 25
17 99
76 45
8 79
72 94
15 41
47 25
48 61
13 7
16 36
61 41
96 94
8 47
92 99
70 55
0 99
53 38
57 77
12 94
