5
12
46
7
65
3
100
33 99
59 99
15 64
0 97
85 68
92 56
89 9
11 95
62 22
15 50
36 76
32 76
64 99
69 9
60 62
57 25
31 63
0 53
82 23
83 8
17 47
33 57
66 51
55 48
36 21
35 59
75 45
18 86
66 59
26 44
50 56
43 71
55 84
8 9
79 84
95 49
49 52
79 90
83 97
38 79
78 34
85 75
27 52
17 36
6 74
40 87
54 87
82 85
89 36
30 17
81 87
22 68
58 69
98 35
6 98
50 18
16 94
47 84
80 88
39 52
88 84
37 5
9 67
15 42
58 2
85 18
37 91
66 93
15 16
37 49
32 10
68 67
64 37
2 95
55 26
94 41
14 61
13 27
24 83
35 51
2 83
72 88
45 35
39 47
34 70
62 48
97 61
81 51
61 56
25 42
74 97
42 4
28 25
28 74
54 25
66 75
82 30
91 96
20 21
91 60
