5
51
54
38
1
2
100
28 41
28 42
36 33
36 46
14 49
23 12
20 49
20 44
7 49
40 9
32 12
8 16
29 41
41 49
18 16
46 9
22 49
20 6
10 9
3 31
33 49
31 6
23 13
25 6
12 9
14 42
13 6
40 10
17 32
14 19
4 19
0 36
20 45
16 49
28 23
17 27
28 26
46 18
5 7
24 30
0 28
22 30
47 42
17 13
17 3
20 4
19 42
0 17
7 6
22 45
44 37
9 49
7 31
19 43
44 39
26 36
14 23
30 31
37 45
15 5
19 31
14 5
31 42
44 8
39 5
35 6
6 49
34 45
42 49
40 28
50 53
8 49
0 40
7 27
0 11
27 49
37 24
8 28
34 24
44 31
22 25
15 40
14 15
37 31
0 49
32 24
39 24
24 28
44 33
18 11
23 31
22 17
41 48
0 20
48 4
0 44
34 46
26 39
37 33
0 14
