5
42
66
1
2
3
100
60 40
8 88
67 34
89 71
22 31
58 75
24 99
70 40
27 28
32 88
20 12
71 40
21 52
20 38
26 57
65 28
33 70
0 9
84 53
17 28
0 16
21 8
5 32
34 32
92 13
0 21
78 45
89 16
0 5
73 20
46 27
67 22
45 70
73 33
28 40
77 60
88 64
35 5
34 16
29 10
44 40
40 99
33 37
32 86
90 75
97 19
77 35
97 27
23 37
87 6
97 37
76 45
86 78
70 54
74 75
52 27
49 53
7 26
7 37
0 46
80 68
25 94
7 27
31 16
33 6
72 53
33 39
58 9
20 78
0 77
84 20
26 54
75 13
56 54
81 64
80 62
34 25
0 67
23 62
23 39
96 38
0 34
17 6
40 64
0 76
85 38
12 46
64 13
30 52
36 74
0 33
81 68
71 18
84 32
80 71
80 74
88 49
45 7
0 73
95 61
