5
72
88
1
2
3
100
0 69
0 65
41 37
63 4
83 93
27 80
0 32
0 41
30 29
63 67
47 86
82 89
48 14
31 65
54 15
63 74
38 27
23 69
38 43
95 86
84 98
68 60
56 98
38 70
97 24
14 81
48 36
76 65
86 98
0 54
63 48
77 69
63 70
22 87
44 27
23 39
0 30
59 60
63 15
82 18
35 46
61 65
60 74
7 27
19 27
63 68
5 81
65 98
38 32
82 48
33 42
80 69
82 40
52 42
81 98
23 20
78 48
77 4
45 60
80 19
22 30
17 50
84 80
51 26
33 67
84 34
73 69
92 59
82 50
33 18
47 18
94 36
7 43
16 36
56 76
8 36
56 67
48 27
39 69
26 98
80 98
94 43
33 74
51 27
4 27
55 69
52 32
16 54
6 70
51 36
74 98
69 98
38 16
34 13
6 35
63 17
33 17
63 82
22 44
0 63
