5
75
6
2
1
3
100
68 99
21 91
45 71
89 32
79 96
57 39
20 61
20 79
44 97
92 60
49 77
97 58
0 92
13 5
31 97
19 42
20 13
14 69
47 99
60 89
53 18
0 20
44 57
67 55
16 23
14 37
14 79
0 14
44 28
18 97
55 42
57 99
35 85
44 24
12 34
44 98
77 42
54 28
57 58
22 35
44 96
41 87
34 97
9 34
22 34
4 53
10 98
81 62
79 59
12 78
8 23
50 85
19 97
67 31
16 67
82 32
82 34
97 42
57 64
58 99
66 64
74 96
81 17
32 34
66 96
32 96
48 85
64 42
0 99
23 99
38 11
82 72
44 25
9 4
15 5
42 99
33 28
0 18
49 69
89 84
65 11
41 67
96 90
44 67
82 69
22 81
16 66
64 31
39 71
10 77
53 96
0 66
28 99
69 11
38 96
50 5
90 84
15 32
0 16
4 11
