5
12
26
73
17
71
100
11 78
61 34
86 31
16 60
11 75
61 22
72 35
11 55
0 13
0 11
94 22
79 45
84 20
20 81
97 79
61 68
86 38
72 23
86 9
76 99
31 99
4 66
56 99
87 66
61 72
86 89
22 45
48 20
23 78
95 68
7 80
39 89
34 99
86 7
4 10
27 1
19 22
41 75
45 81
49 81
84 37
51 67
58 22
15 89
94 4
97 51
15 72
40 50
38 99
94 29
97 80
60 50
0 86
41 24
97 87
63 96
29 55
43 81
14 37
69 72
38 78
96 5
25 74
90 65
90 13
90 25
49 56
60 85
84 59
90 7
72 1
67 37
47 82
29 48
31 59
10 1
30 59
74 56
21 56
36 21
21 5
91 9
66 67
66 80
29 30
80 42
68 37
0 61
57 82
60 14
90 30
5 78
10 62
53 4
48 86
57 14
28 27
75 45
52 98
22 46
