5
4
97
1
2
3
100
13 42
0 52
36 76
5 61
48 42
36 50
13 21
89 84
5 9
98 78
44 99
85 99
36 89
48 84
90 42
16 42
98 37
32 17
0 32
94 55
18 99
23 99
46 89
68 59
74 78
5 86
27 38
34 60
0 13
16 49
98 68
17 88
42 99
5 94
29 9
29 88
17 31
78 9
8 49
60 49
59 35
73 9
0 98
40 93
56 91
82 72
0 36
82 33
58 77
25 58
94 74
54 41
14 34
5 48
0 5
93 22
0 54
28 34
84 75
61 22
11 16
55 99
0 29
18 9
9 99
18 30
69 41
81 91
7 63
0 11
93 61
93 88
8 32
69 30
38 22
63 80
33 22
63 87
22 99
51 39
26 67
12 32
95 87
81 95
81 69
12 40
74 34
66 54
26 50
57 15
26 80
67 39
23 50
40 32
49 99
63 68
26 68
23 88
51 87
23 7
