5
11
89
1
2
3
100
27 94
27 28
74 28
40 96
27 21
74 62
20 94
60 94
0 74
55 17
27 47
0 55
27 34
37 64
94 64
18 96
79 69
0 5
0 27
78 28
26 15
28 64
0 78
64 96
40 61
95 74
18 46
18 29
26 58
26 94
38 58
95 32
26 56
76 5
40 68
82 78
0 40
26 29
33 61
0 26
18 34
0 82
7 50
72 85
18 37
72 59
46 6
86 9
15 44
72 47
18 72
10 58
28 31
25 29
28 58
25 45
52 50
63 42
7 25
46 25
15 10
83 72
28 77
43 45
66 32
18 88
18 80
15 43
28 17
18 52
6 32
83 88
93 8
93 28
83 51
50 86
65 10
0 93
76 33
50 53
39 37
39 25
75 43
61 96
4 74
63 65
61 90
7 82
76 21
83 15
0 18
75 72
47 38
14 9
0 75
72 21
39 94
57 45
85 20
74 96
