5
26
11
14
24
30
100
25 64
51 63
56 27
56 52
0 33
54 89
42 52
1 42
32 96
63 87
23 17
36 74
52 96
94 12
95 84
19 78
43 86
87 86
94 31
54 51
89 31
86 96
0 54
56 71
0 56
80 49
17 21
44 48
49 48
46 3
79 67
46 53
49 21
20 59
61 44
82 66
75 58
79 25
75 83
46 12
77 31
79 50
77 48
52 4
61 68
53 62
82 48
18 31
91 63
32 42
45 31
17 9
37 65
4 31
36 37
20 10
95 42
18 3
82 65
94 1
91 83
46 17
62 31
62 67
20 34
0 46
32 27
18 50
84 3
69 3
67 48
53 17
70 31
61 91
28 9
21 31
94 75
0 61
74 8
10 12
42 31
94 79
82 54
0 94
82 92
63 64
49 93
10 78
92 31
7 48
84 12
83 3
63 12
32 58
84 59
53 3
53 49
19 27
92 37
89 84
