5
41
98
14
84
18
86
31 36
25 52
70 53
40 80
4 77
83 53
93 69
79 92
45 68
83 8
45 23
31 37
15 10
51 44
96 17
15 11
25 4
16 35
71 63
55 95
7 70
76 85
47 11
12 17
3 32
12 51
54 49
47 81
61 21
67 38
9 78
61 51
62 6
26 3
56 73
12 54
71 90
71 96
13 67
71 49
96 24
96 31
28 55
39 74
77 68
91 69
2 15
90 65
10 32
94 39
82 45
59 97
90 29
45 74
34 17
19 57
8 44
2 51
70 31
77 8
21 65
56 63
5 87
91 19
37 24
91 8
43 3
80 33
45 43
92 38
80 66
92 97
60 97
60 59
48 64
72 73
64 99
33 87
57 78
35 1
1 19
73 38
68 58
20 10
52 78
44 46
