5
35
37
42
79
62
100
70 99
48 68
13 99
6 68
1 65
41 53
55 7
93 6
44 78
6 70
93 58
54 36
86 94
76 28
72 93
48 96
33 1
12 7
54 28
95 88
11 90
56 10
11 86
95 15
77 43
1 7
94 38
88 10
82 28
81 4
38 75
4 43
96 68
44 92
26 32
84 93
95 17
19 15
6 92
96 28
49 78
58 45
15 76
14 55
51 57
40 86
20 45
71 23
54 19
78 12
63 57
55 93
40 48
65 41
11 5
40 5
34 2
20 57
20 90
87 2
0 67
11 83
51 64
0 26
22 77
58 48
51 15
36 12
80 56
39 92
73 33
54 33
74 31
56 19
81 5
49 91
54 83
41 12
4 27
80 46
9 47
98 25
21 47
50 69
73 14
22 59
73 34
87 69
6 73
1 98
44 84
22 51
74 95
52 61
63 47
85 49
30 77
26 11
85 87
40 11
