5
51
54
66
97
1
100
3 99
23 99
34 41
23 30
55 76
14 84
92 59
0 14
68 76
72 80
94 44
45 72
16 89
55 27
74 76
33 41
55 79
0 45
40 44
64 99
40 76
31 46
40 11
59 39
62 81
41 99
59 75
35 99
26 48
23 81
71 46
46 76
81 75
50 22
31 23
16 70
16 28
57 42
11 67
82 87
21 75
46 93
20 75
94 31
11 12
94 29
75 99
76 99
39 99
40 20
50 90
47 90
55 15
5 63
15 20
92 19
44 20
34 10
53 79
40 8
5 10
79 88
74 53
34 78
56 20
21 32
16 83
41 96
19 20
74 11
12 73
27 88
38 90
94 47
96 90
67 13
63 20
17 98
40 67
78 98
57 93
74 25
34 79
40 59
0 94
50 55
57 35
6 91
4 83
40 25
46 14
53 24
78 55
16 8
77 72
70 68
34 8
50 17
5 31
93 76
