5
42
19
91
65
4
100
34 23
57 25
0 57
10 87
39 60
10 44
10 14
5 23
69 60
69 97
33 60
95 59
20 96
95 23
5 31
33 8
92 78
53 87
5 76
47 57
95 86
96 2
84 5
18 97
69 61
74 24
51 2
12 32
95 33
37 59
84 63
2 97
51 67
7 62
8 59
95 50
45 97
79 85
46 67
0 84
69 36
53 3
82 71
46 41
87 97
23 97
18 60
79 9
67 41
38 41
40 41
74 31
35 37
45 14
6 8
29 24
2 59
31 71
69 7
44 70
23 32
12 9
41 59
37 71
88 3
68 34
79 7
71 32
24 32
0 10
26 77
32 97
95 92
17 90
39 9
95 49
74 27
74 35
75 27
75 76
20 36
26 92
40 27
45 26
75 25
44 66
88 22
47 30
18 25
34 9
95 84
45 90
34 38
44 80
40 57
83 72
20 78
34 58
18 81
95 36
