5
49
3
42
45
67
100
40 46
16 17
8 77
41 61
8 30
33 54
41 6
28 53
21 76
90 58
90 15
8 47
0 40
55 41
78 29
80 46
5 32
61 56
57 27
55 8
26 50
26 15
18 70
75 36
0 28
61 33
84 23
89 39
58 46
54 44
2 15
2 80
26 24
76 17
38 74
51 27
50 29
26 69
51 85
38 25
30 88
91 77
26 39
17 99
94 72
51 50
74 78
58 70
15 99
77 44
88 44
51 10
79 10
33 22
82 5
11 62
9 10
66 56
76 27
96 65
31 12
8 64
86 97
68 46
93 80
44 99
25 24
27 97
56 30
5 57
62 60
30 97
5 64
46 99
27 80
6 80
94 79
69 52
0 74
50 36
94 5
94 87
26 84
22 60
50 88
32 75
81 52
32 33
0 89
37 83
94 11
86 60
29 88
86 79
52 60
39 61
21 78
94 82
50 25
95 59
