5
57
98
1
2
3
100
52 99
0 24
0 23
0 40
69 19
59 19
29 73
48 92
31 87
76 4
20 74
69 79
69 86
74 19
20 36
0 59
42 34
23 4
29 77
27 31
65 53
26 10
87 19
63 79
0 11
30 15
69 84
95 18
27 23
76 83
0 69
73 4
27 62
49 36
27 45
95 62
27 40
52 45
43 71
65 19
95 61
95 47
24 53
78 75
10 19
24 36
27 59
38 13
19 99
95 38
73 50
52 29
73 47
55 75
65 9
74 71
34 75
17 80
7 14
43 17
26 89
44 41
65 82
47 75
27 29
87 53
74 31
8 83
43 97
36 99
45 53
9 53
19 75
93 75
67 15
73 80
0 37
28 23
66 63
94 97
52 30
41 70
41 79
48 69
7 59
55 23
65 97
18 31
28 82
13 83
27 94
7 87
14 83
73 34
44 34
95 43
91 53
24 76
0 95
79 50
