5
63
18
24
33
36
100
76 84
20 50
0 99
74 38
16 10
84 1
26 78
69 11
1 99
79 98
38 99
80 41
0 69
0 20
46 74
80 35
9 93
23 90
94 35
34 85
87 70
87 82
94 16
88 35
98 41
66 78
4 39
80 26
21 70
28 29
86 35
21 35
0 46
43 88
93 44
21 12
89 7
12 78
94 9
98 8
5 78
78 99
30 88
12 88
88 41
8 70
12 41
58 74
5 41
8 35
92 16
58 22
0 34
92 47
65 93
0 94
0 80
51 79
85 56
48 56
25 28
29 3
0 87
28 69
84 53
38 48
22 74
79 69
77 27
92 71
75 42
65 4
23 9
44 97
19 91
42 16
26 74
92 94
40 20
26 47
26 81
97 27
75 79
65 21
30 61
42 11
38 75
86 76
35 99
44 90
40 72
12 91
70 99
40 43
19 49
32 49
26 43
26 93
65 19
38 52
