5
60
54
7
33
12
100
0 4
58 27
28 89
79 75
62 64
79 84
42 41
78 29
34 87
0 79
30 35
0 78
87 89
75 80
62 45
77 55
18 62
24 64
86 64
8 19
28 5
16 37
16 66
82 1
70 48
0 43
18 20
32 61
22 77
24 17
70 76
55 27
32 70
75 83
29 83
18 24
8 1
86 89
32 22
19 89
0 18
71 36
80 81
86 59
6 22
48 43
44 43
71 17
28 1
23 20
66 87
86 87
6 23
86 37
13 87
64 89
24 87
41 87
86 84
63 17
36 38
24 42
68 43
52 65
1 89
71 15
28 69
40 89
6 59
82 38
24 43
71 20
86 79
86 43
83 81
76 59
38 81
86 55
61 43
38 43
0 71
41 70
30 70
63 47
88 22
84 59
29 70
14 62
75 53
28 22
39 44
24 29
58 67
37 70
9 77
86 51
21 3
88 59
66 59
88 26
