5
4
98
11
15
45
100
1 27
1 3
55 95
66 73
10 46
43 6
1 21
6 55
62 97
55 59
94 97
96 80
72 80
58 97
73 97
81 97
1 19
32 21
10 47
5 28
32 51
30 3
10 52
30 46
9 3
20 22
97 99
62 95
62 93
70 83
55 70
62 58
83 76
81 63
42 55
20 21
21 55
49 46
12 19
3 55
46 55
9 33
1 10
55 96
83 59
63 95
76 95
55 62
87 89
85 87
97 80
82 93
81 61
80 58
58 95
75 68
91 87
75 60
55 73
55 83
75 69
70 95
93 95
61 95
88 79
81 56
88 67
61 67
60 90
70 94
55 85
81 84
67 95
88 78
88 92
64 83
76 84
55 81
63 59
64 90
79 94
61 68
66 83
93 59
61 83
88 60
88 90
61 94
77 68
75 81
55 75
78 57
88 86
78 92
78 83
64 86
87 72
69 94
64 87
59 95
