5
56
35
54
46
30
100
3 58
41 8
14 58
33 59
55 10
10 58
0 13
3 2
0 3
21 58
32 52
21 8
32 49
49 59
33 5
26 52
7 5
11 36
44 59
21 24
0 40
26 18
33 32
51 5
0 26
34 55
36 4
20 23
3 53
21 37
4 59
6 19
21 20
21 32
33 34
36 8
21 41
9 59
21 7
8 59
49 41
2 7
14 41
31 41
50 45
5 59
25 52
0 33
49 26
2 41
58 44
14 6
13 38
51 26
14 39
38 41
50 22
31 10
2 58
2 14
44 52
50 41
10 28
44 16
2 47
11 26
49 31
0 21
16 59
50 57
48 57
34 41
34 48
28 59
6 37
55 23
39 41
0 2
0 59
52 59
43 37
45 41
18 11
11 57
49 13
50 31
50 19
20 6
38 14
34 3
49 1
45 40
37 59
16 41
0 49
40 59
50 20
47 57
16 57
0 50
