5
57
85
4
5
6
100
0 51
0 72
11 16
7 33
11 36
0 32
11 94
45 99
22 48
22 59
0 50
7 65
22 65
37 65
68 16
79 28
22 62
95 92
98 99
95 17
11 64
87 33
10 33
7 78
14 39
0 11
0 95
84 65
37 41
37 68
16 99
28 99
88 38
37 76
30 38
94 38
84 92
14 70
22 70
7 26
60 99
33 99
0 46
22 86
37 43
84 10
37 34
75 2
18 44
18 65
42 32
42 56
87 3
29 56
45 3
45 65
94 65
36 10
84 72
22 12
14 76
80 92
0 37
0 84
14 29
75 39
88 29
9 81
13 73
87 73
48 73
0 7
24 32
9 56
30 32
66 56
14 48
22 17
19 79
30 21
30 78
35 78
35 79
94 68
97 41
12 72
38 99
0 66
22 66
75 66
88 40
13 29
19 39
35 46
94 46
88 50
88 86
9 86
30 73
75 12
