5
36
1
4
6
11
100
49 81
81 95
35 47
81 42
17 24
57 54
57 78
8 78
51 83
55 78
92 52
56 60
52 2
87 47
92 57
24 95
14 42
49 75
15 72
47 95
54 83
42 95
62 32
19 20
83 95
62 92
8 9
20 23
43 78
13 30
78 39
0 49
93 21
63 18
65 14
60 24
21 68
57 39
78 68
56 5
0 62
68 39
56 17
5 29
65 23
66 48
77 48
69 20
5 7
42 24
34 69
73 45
3 32
56 75
38 45
50 33
60 93
16 78
42 78
73 74
57 29
28 23
69 90
50 77
60 12
35 49
57 64
0 15
0 56
16 74
16 67
60 49
38 55
73 58
72 54
72 79
58 55
45 95
79 39
53 32
58 78
19 55
73 9
88 7
76 64
18 64
78 48
0 60
0 81
48 14
57 89
23 95
39 95
63 22
47 89
28 32
24 54
91 61
0 63
93 32
