5
25
69
24
5
73
100
23 84
2 93
31 65
30 23
47 48
84 93
31 9
77 93
42 93
46 26
65 57
30 81
10 43
68 58
78 40
55 93
30 90
40 26
86 85
51 88
33 90
56 90
31 87
26 93
57 93
12 21
85 90
3 90
90 93
46 21
31 7
2 62
0 76
53 47
13 60
92 54
35 62
10 22
2 7
0 31
11 78
49 9
9 59
56 60
12 81
91 60
13 61
46 40
7 21
22 83
6 43
18 43
59 21
51 50
33 49
30 13
30 17
56 49
35 78
78 21
41 67
26 43
92 81
78 83
54 62
74 87
0 30
56 42
60 21
4 81
0 51
53 31
92 23
14 85
12 33
92 82
4 58
4 26
43 21
53 82
16 67
88 34
84 91
37 79
0 4
32 1
37 72
48 20
92 55
77 79
37 14
90 79
84 48
90 77
87 91
37 77
75 80
92 75
88 68
88 86
