5
17
35
40
5
7
100
52 54
52 22
4 34
52 43
28 42
15 38
41 19
34 54
8 19
41 26
43 26
0 10
45 38
23 20
0 44
21 32
51 22
41 43
42 26
47 30
47 31
0 21
51 4
34 20
0 47
50 33
15 2
0 15
11 25
29 54
8 16
46 54
19 54
29 26
43 18
23 12
39 25
24 20
8 23
13 25
19 38
50 12
11 54
50 30
20 54
0 8
18 54
6 54
13 26
38 54
46 16
11 43
22 26
14 54
36 37
25 54
26 54
0 9
4 33
36 10
28 10
33 54
31 10
52 10
36 22
46 10
45 21
0 45
30 51
46 24
42 10
42 51
47 51
11 44
20 22
46 22
48 27
0 23
11 6
52 21
3 21
37 32
18 25
37 43
24 27
11 37
36 45
31 21
36 27
4 43
11 47
30 6
38 22
14 25
30 53
46 30
51 10
25 10
34 6
24 43
