5
83
84
1
2
3
100
94 99
46 40
46 23
0 76
66 13
13 49
88 29
24 77
11 23
89 70
29 93
78 53
0 82
11 22
87 77
68 89
78 60
13 74
11 38
68 33
25 99
11 48
64 90
24 70
22 93
76 40
93 99
17 96
88 89
46 78
96 38
0 94
35 95
53 28
31 56
0 99
0 68
46 66
6 44
0 46
27 74
64 6
28 99
0 78
65 21
16 87
49 29
40 99
64 68
65 98
17 55
65 78
25 45
74 57
91 42
13 50
61 15
10 81
0 64
65 59
12 56
61 41
65 39
15 55
0 13
26 55
62 92
74 79
12 86
5 55
27 58
87 18
98 59
15 56
18 78
6 57
79 57
0 61
29 78
58 59
0 30
65 91
63 33
0 31
88 30
45 55
88 12
0 88
18 39
29 39
65 61
28 39
90 47
23 86
6 56
27 87
79 85
37 76
28 33
90 56
