5
29
11
80
67
70
100
76 2
32 75
0 99
47 75
46 84
12 2
7 75
0 91
0 49
17 83
60 73
96 76
74 2
72 23
13 23
86 2
75 99
8 76
24 18
8 49
24 3
8 24
96 22
8 47
95 73
32 17
52 87
66 58
45 47
46 16
45 88
95 65
37 23
83 88
44 69
96 36
33 78
54 69
96 32
60 76
7 71
63 73
20 68
2 99
3 91
94 76
0 8
95 98
92 79
59 65
19 71
74 39
20 83
62 88
0 96
16 91
87 18
97 98
92 76
37 91
5 34
65 31
22 54
81 63
95 9
72 83
4 14
4 98
45 13
20 21
79 99
20 5
31 10
38 48
20 90
4 9
14 91
20 95
54 41
0 45
5 39
4 86
35 9
91 23
14 18
44 28
55 57
66 34
57 62
81 25
86 84
74 52
84 91
78 58
66 5
66 7
68 27
74 62
23 99
4 75
