5
1
2
3
4
5
100
0 63
61 65
7 63
61 64
61 59
62 52
8 63
61 54
56 63
62 58
62 60
0 61
62 10
62 65
62 49
53 61
63 65
55 59
59 65
62 7
62 56
54 58
55 61
57 58
61 58
55 63
9 63
50 63
9 10
62 53
6 63
62 11
57 63
51 63
62 55
54 63
62 9
60 65
58 65
62 57
8 61
62 12
6 61
8 7
61 57
54 53
59 63
6 10
51 52
8 12
49 63
47 43
61 11
60 63
63 53
61 49
50 46
45 49
62 50
51 50
62 54
62 51
7 61
61 50
60 56
61 56
52 56
62 59
11 10
12 61
52 61
52 48
15 14
11 63
18 14
18 17
15 16
21 17
39 43
31 35
31 32
30 29
12 63
27 28
33 37
33 35
34 35
24 28
19 18
47 51
31 30
21 25
22 26
29 33
39 35
39 40
43 44
42 46
38 37
11 15
