5
15
83
3
6
25
100
5 29
37 53
5 53
53 99
38 64
91 4
67 21
4 18
20 29
14 7
54 7
26 5
91 79
70 64
0 52
12 34
19 38
49 34
19 55
37 63
7 29
37 91
64 29
76 43
0 37
58 50
95 59
0 26
74 7
71 62
53 38
29 99
7 99
91 38
31 45
48 20
53 70
33 28
58 31
24 59
82 20
48 70
68 97
76 48
76 71
54 62
85 61
64 96
88 92
53 84
89 5
53 68
4 90
58 11
20 16
56 59
58 65
62 99
49 36
58 39
18 21
92 73
57 47
55 38
18 85
18 48
91 49
65 4
19 14
36 31
62 52
22 41
40 30
76 84
58 22
47 90
47 50
46 38
8 73
36 27
40 2
94 82
91 7
26 37
35 41
91 70
40 20
91 68
21 41
14 50
79 90
16 50
18 27
0 76
58 89
75 36
67 5
40 36
29 35
79 9
