5
42
15
1
27
37
83
23 93
23 48
80 19
79 39
38 52
4 39
75 13
92 34
30 46
85 33
92 3
72 19
12 81
55 44
82 63
43 31
17 68
39 99
41 34
80 13
51 25
69 70
34 62
38 73
75 35
21 70
52 86
3 4
55 36
5 77
74 86
29 2
56 25
32 45
68 95
54 70
51 57
22 66
94 14
8 66
4 65
64 61
49 45
81 71
53 29
75 30
17 84
11 40
98 49
79 61
58 81
7 93
36 50
23 43
46 60
8 68
96 59
54 93
9 14
41 87
36 87
56 10
24 6
5 64
88 14
95 13
34 3
44 49
94 60
87 93
98 43
79 60
90 3
63 99
74 96
25 62
78 31
97 16
39 8
10 91
80 28
67 47
84 86
