5
4
40
85
32
14
100
10 2
27 80
53 49
10 1
65 50
86 41
0 95
55 26
55 97
48 55
2 99
1 87
8 26
0 48
12 81
88 91
87 26
12 56
28 83
47 28
88 23
78 31
53 71
78 42
42 60
88 12
50 29
80 54
26 49
51 55
68 73
47 88
72 78
2 77
72 6
21 49
81 39
94 5
94 76
67 31
64 75
68 45
13 58
50 15
49 99
76 16
93 35
67 8
23 38
81 79
22 62
19 54
80 97
65 80
17 68
13 11
67 66
74 10
98 97
50 2
13 44
71 58
38 16
33 28
90 58
36 10
51 62
67 91
95 43
16 35
59 74
43 75
67 22
98 74
95 53
59 89
24 53
10 89
13 64
1 68
62 73
36 92
16 87
60 58
30 20
1 65
51 58
83 43
17 81
76 46
17 94
53 88
95 59
30 43
19 60
54 25
97 73
93 5
10 79
70 26
