5
63
59
4
27
73
100
41 85
47 92
57 86
41 24
2 92
13 86
44 92
88 76
97 87
53 99
92 99
54 79
26 40
91 17
85 87
16 31
95 41
60 77
14 89
66 21
61 76
42 49
87 86
61 48
29 98
61 70
49 98
0 88
14 30
86 99
1 3
64 48
21 99
52 60
14 83
14 50
69 78
94 83
61 83
46 99
61 64
61 38
44 12
69 1
7 30
84 51
91 1
18 78
16 12
47 78
17 85
8 11
71 60
9 37
19 52
95 35
61 96
40 66
77 56
57 17
1 12
24 31
0 19
24 17
80 93
94 23
0 95
71 66
10 78
75 60
9 66
78 66
14 93
91 75
76 56
0 94
20 74
39 56
26 83
14 8
87 44
91 54
24 82
24 22
24 64
0 61
36 79
74 29
42 99
16 83
5 6
37 56
6 77
0 14
16 81
26 58
80 5
40 30
9 13
60 66
