5
4
96
1
2
7
100
95 99
97 99
3 98
11 98
94 98
53 98
3 92
34 98
95 98
84 45
3 46
15 98
49 98
3 91
89 87
3 84
3 77
33 98
90 54
93 98
60 98
87 98
3 90
85 98
30 98
95 78
95 40
75 76
3 26
94 80
76 98
3 94
95 21
80 98
25 42
3 69
95 42
60 91
86 98
63 78
95 77
81 98
95 68
95 44
86 42
60 21
33 38
70 98
33 71
60 92
95 9
97 92
75 52
45 35
63 42
63 62
88 98
3 95
63 44
63 21
60 71
63 72
63 46
33 54
42 98
33 68
75 54
45 9
75 59
97 78
45 92
84 40
75 92
40 98
67 71
33 61
21 98
86 54
45 61
46 98
63 61
97 35
3 75
50 98
19 61
82 78
3 63
60 69
60 54
86 77
33 82
41 91
55 78
12 72
89 91
56 72
79 92
45 29
60 18
45 68
