5
17
16
22
27
10
100
51 53
0 1
50 53
0 2
49 53
0 4
3 8
3 6
7 12
7 9
7 11
4 6
7 4
1 6
1 5
2 8
7 1
2 6
5 12
5 9
5 11
8 12
8 9
20 23
19 24
18 23
18 21
20 24
19 23
18 24
20 21
11 15
11 14
11 13
9 14
9 15
21 28
21 26
13 19
12 15
13 12
14 19
20 15
13 18
25 30
25 31
25 29
25 32
24 28
23 28
25 24
26 32
26 31
26 30
29 36
29 35
29 33
29 34
28 30
28 31
32 33
32 36
32 34
35 38
35 39
35 37
35 40
31 36
31 34
30 34
30 36
31 33
33 39
33 38
33 40
37 41
37 43
37 42
37 44
36 38
36 39
36 40
34 39
34 38
40 42
41 47
40 44
40 43
41 48
41 45
41 46
39 44
41 38
39 43
42 47
42 48
42 46
42 45
38 43
44 48
