5
16
52
36
96
1
100
85 99
76 11
71 84
89 20
76 33
29 11
57 11
22 8
76 50
10 62
33 50
29 20
89 38
29 45
62 50
65 48
21 89
8 50
23 30
76 27
12 56
17 25
71 4
46 9
71 19
76 26
12 85
66 28
87 70
48 45
21 63
56 47
76 73
0 71
94 25
27 50
0 21
17 64
65 30
9 45
6 13
57 25
13 30
94 89
47 45
9 93
13 63
13 41
49 73
67 26
17 75
83 38
67 3
2 93
11 99
20 25
85 50
32 93
65 58
65 74
8 93
39 30
82 6
68 50
15 54
8 81
53 89
10 64
8 33
39 64
17 83
10 88
65 41
0 23
91 93
65 60
25 99
92 3
8 18
7 93
92 90
14 9
33 56
93 99
3 75
57 80
56 75
81 54
15 35
80 74
44 2
68 74
56 86
59 74
81 38
42 55
17 13
30 50
87 22
51 54
