5
56
32
2
1
3
100
62 20
45 40
0 42
45 90
30 9
84 95
94 9
45 89
0 30
62 79
57 79
41 20
0 28
17 19
41 50
74 30
75 58
94 17
41 87
58 22
94 78
43 20
85 70
71 36
31 55
82 66
68 10
94 31
0 45
40 26
12 81
48 78
94 13
65 80
88 66
94 39
94 85
94 76
40 90
75 78
94 40
52 65
21 27
48 77
78 20
44 24
12 25
75 19
81 22
94 52
23 73
23 48
60 20
75 47
0 94
75 10
41 52
43 34
78 25
6 69
6 72
6 90
91 20
43 18
6 42
12 42
6 26
88 44
24 20
16 49
9 95
41 84
4 22
44 4
60 4
78 90
51 19
26 79
10 30
59 30
26 22
20 95
43 74
75 64
22 95
87 92
12 62
23 51
81 79
23 94
75 84
12 70
0 48
37 79
90 18
69 30
90 77
44 48
12 94
26 67
