5
96
83
81
87
37
100
71 73
0 11
43 54
21 23
73 78
66 82
0 1
43 44
24 27
28 29
35 40
34 40
34 39
90 97
94 95
26 32
21 25
21 24
35 39
0 16
7 3
43 59
50 46
68 66
82 67
65 71
69 80
41 43
27 29
85 93
85 90
94 98
88 89
78 84
70 67
69 76
68 75
36 40
22 26
94 97
89 98
86 90
88 93
86 89
89 97
88 90
86 91
31 35
30 35
33 34
27 32
31 36
84 85
88 92
38 43
93 95
93 98
91 97
91 98
31 34
30 34
28 23
28 25
70 80
28 33
68 70
92 95
27 30
32 35
23 26
42 43
91 95
92 98
86 93
22 28
67 84
68 82
67 74
76 80
76 77
79 72
68 69
73 70
71 84
67 77
68 76
80 84
79 65
70 74
92 97
94 85
95 99
88 91
33 36
25 26
27 31
26 29
35 29
26 30
35 38
