5
50
70
64
52
37
100
0 48
44 48
86 48
25 93
7 58
79 13
81 2
15 48
36 51
0 31
0 5
87 72
44 74
39 53
0 44
86 72
13 8
0 69
13 41
41 4
40 72
13 97
0 26
71 10
73 2
40 17
4 99
75 10
66 59
21 59
66 26
62 84
29 16
93 27
21 40
15 27
57 3
98 78
2 8
95 51
10 48
32 69
3 73
33 79
86 33
41 55
82 32
90 80
92 85
44 36
93 55
73 8
55 59
96 26
45 97
14 16
84 26
86 90
48 99
0 86
29 79
41 2
13 29
66 15
7 45
62 90
77 72
13 17
40 20
67 35
41 84
0 13
71 67
21 93
0 7
62 88
96 28
18 78
96 98
58 2
16 26
47 97
58 83
22 84
12 73
75 93
66 44
19 72
19 97
54 75
0 34
67 68
83 51
0 62
55 84
67 26
96 18
88 17
36 3
89 20
