5
34
63
69
1
2
100
17 58
71 58
42 39
55 39
0 99
0 52
17 85
12 49
39 99
71 60
0 91
12 77
94 60
0 17
21 15
15 60
62 58
77 58
16 24
16 33
62 52
87 60
9 75
78 80
16 11
8 10
0 70
42 46
0 42
39 3
82 50
52 99
40 3
79 80
60 99
38 75
21 48
21 47
58 99
45 83
16 37
86 5
76 95
22 95
83 33
95 46
89 49
17 33
26 45
62 92
21 81
4 5
74 91
76 29
62 26
49 99
27 41
23 19
16 23
15 11
16 27
3 25
14 74
68 44
95 45
83 66
52 11
38 19
22 45
3 45
39 21
33 99
10 46
81 45
45 75
13 44
26 42
62 85
87 82
44 46
98 43
81 90
51 4
85 46
98 74
40 38
85 19
54 90
17 55
9 66
77 46
40 60
39 51
3 12
19 66
5 66
16 17
6 43
0 16
40 17
