5
95
15
48
49
1
100
7 43
96 81
7 60
42 70
58 27
19 43
0 89
97 69
0 18
58 21
87 78
55 84
58 72
62 40
84 45
7 96
62 11
58 67
41 94
0 19
54 91
55 57
88 78
26 78
7 58
0 7
31 41
94 68
79 43
23 84
45 78
23 72
94 8
0 31
94 33
25 11
94 22
60 24
58 77
32 57
56 24
40 99
11 99
55 3
85 69
60 32
58 97
71 35
39 33
58 2
6 65
30 47
43 69
35 99
56 63
40 93
60 64
69 99
17 21
35 76
58 24
70 87
60 91
58 55
57 12
57 73
30 18
34 8
87 81
2 71
38 71
65 91
60 46
8 28
6 84
16 91
67 56
73 12
23 67
27 96
8 81
60 70
93 99
55 64
69 12
88 28
32 24
42 24
73 91
25 10
78 99
61 33
94 34
62 72
25 46
50 79
87 10
27 64
30 46
72 99
