5
18
11
36
54
63
100
13 17
68 99
0 99
29 55
0 84
97 40
0 29
13 50
83 7
6 99
83 21
0 13
0 33
0 71
73 61
95 43
77 99
19 72
0 20
38 75
44 43
86 12
0 73
0 53
21 61
0 26
70 99
67 78
87 99
43 99
67 55
49 16
62 98
72 12
61 99
38 8
12 99
0 21
51 99
51 17
76 99
50 17
8 84
44 42
67 14
87 16
70 17
38 83
67 13
16 99
38 5
0 67
17 99
0 62
78 99
0 38
57 65
65 84
94 27
0 23
0 49
57 21
87 90
51 27
88 13
80 3
66 42
44 86
88 73
65 3
37 2
87 49
96 47
51 48
72 22
46 42
27 99
29 42
40 75
41 74
0 74
8 86
0 66
44 41
43 23
0 19
0 8
88 2
87 13
44 65
48 99
80 2
1 13
72 56
22 34
78 81
57 34
80 46
80 53
84 99
