5
22
62
1
2
3
100
0 10
15 9
61 50
83 21
83 52
25 69
25 88
41 70
91 95
84 95
0 72
9 95
0 27
52 67
8 58
0 61
44 95
12 95
58 80
83 68
83 50
67 95
70 95
53 80
58 27
42 80
7 10
53 95
0 83
21 18
5 74
58 13
46 68
84 48
58 77
80 95
46 84
11 72
25 72
47 75
10 95
53 88
69 91
72 95
27 95
21 68
91 88
21 71
67 87
11 35
25 95
57 56
61 35
8 87
47 26
21 23
77 69
77 84
0 95
53 45
47 52
86 26
86 71
31 56
94 5
88 95
85 13
41 69
68 84
18 56
21 17
57 82
55 5
57 13
32 66
0 46
86 43
58 86
15 74
94 82
52 81
32 74
16 42
69 5
67 16
51 45
41 48
90 64
15 93
70 43
82 95
51 5
51 40
91 74
37 74
67 93
74 56
71 56
77 45
58 73
