5
23
13
22
3
49
100
78 25
31 25
56 7
29 42
0 14
73 7
73 8
29 50
62 17
27 54
0 36
27 2
25 84
52 54
55 1
76 8
52 80
21 11
21 48
18 53
18 75
62 37
62 54
10 45
79 7
12 36
18 5
27 55
73 64
47 40
7 28
80 83
62 15
16 76
21 75
69 37
10 20
4 72
81 17
0 29
51 31
76 15
12 65
25 71
28 71
73 10
71 84
40 61
67 38
54 48
72 68
18 67
19 68
8 7
69 80
10 1
10 30
5 60
40 5
78 15
8 11
0 12
24 17
9 31
40 64
26 31
40 20
40 36
73 41
35 48
1 84
2 51
0 16
40 48
25 48
10 61
65 33
40 19
74 11
63 68
18 14
57 21
0 18
10 11
0 73
10 19
35 36
67 31
43 84
10 21
62 73
40 41
79 76
57 42
5 61
70 80
65 51
64 31
44 78
70 75
