5
38
44
1
2
6
100
80 27
17 99
26 99
32 59
90 10
90 88
0 99
29 18
61 52
37 70
74 9
49 87
87 98
98 99
64 88
61 89
85 94
28 76
17 91
49 76
85 80
0 37
90 4
19 9
0 96
69 41
17 23
26 60
20 61
55 59
3 53
59 99
0 91
0 85
87 70
17 62
14 22
33 9
3 63
26 48
17 82
19 5
25 69
52 53
58 72
66 53
26 32
18 88
82 23
0 20
11 77
84 68
11 28
12 41
13 70
72 99
29 43
57 94
14 5
54 75
0 17
27 56
27 91
76 41
97 89
19 64
76 56
82 67
76 77
22 8
50 56
66 9
45 95
19 17
73 3
29 45
87 77
29 81
79 96
75 23
82 60
82 3
22 5
13 94
10 8
76 60
71 23
84 43
82 11
33 5
71 77
98 83
22 83
88 99
72 53
54 12
33 60
89 9
14 27
84 10
