5
46
66
75
68
1
100
57 21
83 7
79 12
83 61
37 98
91 10
57 24
72 83
16 99
14 6
7 12
61 4
67 80
11 57
51 99
97 36
89 84
21 84
89 42
92 37
64 72
11 64
80 4
0 63
11 14
62 91
36 15
41 32
39 36
13 83
89 30
52 12
44 12
59 21
62 85
29 16
62 42
15 99
52 55
98 2
94 85
97 32
32 99
98 21
92 13
2 84
16 12
89 57
0 11
52 86
93 31
22 21
4 99
71 84
9 37
55 73
12 99
48 67
93 65
36 99
62 64
3 65
85 97
57 67
69 45
73 97
52 58
41 96
24 43
47 77
55 7
9 67
57 64
69 74
84 99
17 8
40 7
48 10
52 3
96 5
48 73
25 37
52 22
24 7
52 17
16 10
57 28
93 24
9 23
19 7
33 23
62 9
62 16
57 23
61 5
60 78
30 39
55 40
98 8
6 95
