5
3
15
45
6
7
100
94 32
0 26
0 14
0 17
81 16
1 27
28 29
10 4
23 8
16 99
28 62
46 2
84 17
97 18
9 17
5 93
90 17
32 99
9 70
12 67
62 8
10 31
80 78
21 99
13 92
70 8
14 17
34 54
18 19
8 59
5 88
77 19
67 8
54 8
21 17
0 10
5 36
23 5
0 24
26 19
43 8
19 8
41 73
0 69
17 99
12 5
9 8
18 8
4 8
22 8
23 24
36 49
12 89
56 73
21 49
34 42
76 8
9 5
29 16
34 56
13 34
13 38
19 68
13 42
0 23
98 10
64 8
49 8
13 10
13 2
83 8
0 46
40 5
20 16
41 2
41 35
61 5
9 2
12 2
80 44
95 5
65 34
83 10
62 2
22 56
67 85
95 42
78 8
12 14
18 34
67 2
30 27
16 8
12 92
81 8
1 44
88 8
4 14
0 28
0 13
