5
64
67
28
47
62
100
72 86
22 98
2 98
98 65
10 52
55 2
10 44
70 46
20 85
0 79
89 63
77 55
53 99
15 4
17 92
74 25
89 55
91 8
46 26
14 8
75 46
91 69
86 99
9 10
95 26
46 5
31 99
0 77
74 98
42 9
42 98
48 44
89 15
23 5
95 3
3 44
29 81
38 76
45 16
29 98
17 96
5 99
98 16
56 45
88 55
27 96
20 79
75 45
33 18
56 84
89 20
0 12
76 26
0 74
42 37
54 55
56 37
42 73
17 20
0 89
39 43
84 16
26 99
91 83
88 58
98 72
88 69
92 55
0 17
36 76
88 7
30 72
97 18
84 43
82 76
2 61
0 42
56 73
92 83
39 9
0 80
11 69
72 83
43 18
23 69
52 69
39 7
87 50
2 76
36 97
2 69
69 44
58 55
53 9
2 52
48 84
5 76
87 19
61 45
39 81
