5
12
30
1
2
3
100
13 57
25 51
13 65
51 74
14 74
21 47
43 42
15 42
6 8
0 13
49 42
48 73
6 7
46 19
0 74
45 48
4 13
6 13
68 48
37 74
0 24
46 61
4 21
41 42
47 20
15 60
59 51
20 74
65 57
9 57
42 74
0 49
4 29
4 45
0 66
4 62
6 66
65 25
15 70
0 6
73 74
0 4
16 48
33 27
64 13
67 49
46 54
33 70
67 72
16 22
48 51
27 57
71 24
9 39
57 74
0 9
0 46
64 66
16 25
33 66
41 18
16 8
58 68
28 50
0 67
48 39
60 43
65 61
20 39
52 58
45 25
15 32
62 25
60 9
52 71
43 31
10 8
58 39
59 29
60 68
22 69
0 64
21 50
28 49
28 39
10 39
16 21
0 58
52 19
16 59
0 48
33 9
52 14
32 74
20 34
10 45
39 74
29 25
20 64
72 64
