5
86
74
72
3
37
100
23 63
79 4
42 22
9 56
19 79
24 97
45 25
57 19
57 67
57 87
0 57
60 28
53 83
96 99
27 34
13 34
56 99
27 64
69 53
27 7
33 59
73 19
0 60
95 59
76 59
82 85
21 83
19 20
73 18
73 21
77 59
75 7
69 73
95 80
20 40
80 52
97 28
88 11
94 40
61 40
95 58
95 29
73 59
32 62
0 69
30 85
75 44
95 5
11 46
79 59
85 64
82 20
62 15
11 35
63 48
59 99
80 35
78 14
56 49
78 50
75 11
75 94
38 81
66 87
17 55
57 42
92 7
14 58
20 48
73 80
54 22
63 17
57 58
4 55
6 60
82 41
7 99
14 17
46 76
75 66
20 22
85 76
55 15
90 48
47 17
82 78
40 64
14 71
92 84
36 83
56 25
83 48
8 85
57 22
56 41
96 49
15 64
27 60
75 70
32 45
