5
1
2
3
4
5
100
0 91
12 87
12 84
51 29
33 59
22 9
70 46
70 38
78 45
77 74
73 42
80 84
53 29
68 29
77 9
80 85
13 91
12 78
20 58
6 62
73 18
47 29
24 54
20 66
22 76
29 91
74 91
42 91
0 12
53 82
0 33
19 66
79 30
79 25
23 77
34 91
26 25
56 83
79 18
42 49
20 19
26 8
23 76
64 48
89 52
49 46
0 70
45 25
89 62
45 6
17 46
44 22
48 83
21 77
79 37
29 54
21 16
21 18
44 45
67 41
6 46
40 46
88 91
73 53
42 85
38 27
66 46
44 71
36 83
0 44
60 76
85 18
79 73
89 50
21 25
38 82
39 27
89 67
78 46
42 77
71 61
66 77
43 8
76 77
0 20
45 82
0 26
45 9
79 72
60 30
76 91
71 77
61 83
0 79
42 61
42 47
55 83
42 58
46 91
66 7
